2025-01-09 07:00:38:038 [32minfo[39m: [32mRequested API Response[39m
2025-01-09 07:00:38:038 [32minfo[39m: [32mRequest POST /createBucket 200 - 1167.48ms[39m
2025-01-18 10:54:09:549 [31merror[39m: [31mNotFoundError: Not Found[39m
[31m    at file:///home/shafi/Desktop/Personal_Desktop/Projects/RekogAI/rekogai-backend/app.js:28:8[39m
[31m    at Layer.handle [as handle_request] (/home/shafi/Desktop/Personal_Desktop/Projects/RekogAI/rekogai-backend/node_modules/express/lib/router/layer.js:95:5)[39m
[31m    at trim_prefix (/home/shafi/Desktop/Personal_Desktop/Projects/RekogAI/rekogai-backend/node_modules/express/lib/router/index.js:317:13)[39m
[31m    at /home/shafi/Desktop/Personal_Desktop/Projects/RekogAI/rekogai-backend/node_modules/express/lib/router/index.js:284:7[39m
[31m    at Function.process_params (/home/shafi/Desktop/Personal_Desktop/Projects/RekogAI/rekogai-backend/node_modules/express/lib/router/index.js:335:12)[39m
[31m    at next (/home/shafi/Desktop/Personal_Desktop/Projects/RekogAI/rekogai-backend/node_modules/express/lib/router/index.js:275:10)[39m
[31m    at /home/shafi/Desktop/Personal_Desktop/Projects/RekogAI/rekogai-backend/node_modules/express/lib/router/index.js:635:15[39m
[31m    at next (/home/shafi/Desktop/Personal_Desktop/Projects/RekogAI/rekogai-backend/node_modules/express/lib/router/index.js:260:14)[39m
[31m    at jsonParser (/home/shafi/Desktop/Personal_Desktop/Projects/RekogAI/rekogai-backend/node_modules/body-parser/lib/types/json.js:104:7)[39m
[31m    at Layer.handle [as handle_request] (/home/shafi/Desktop/Personal_Desktop/Projects/RekogAI/rekogai-backend/node_modules/express/lib/router/layer.js:95:5)[39m
2025-01-18 10:54:09:549 [32minfo[39m: [32mRequest POST /users/signup 404 - 9.03ms[39m
2025-01-18 10:54:31:5431 [31merror[39m: [31mError during sign-up:[39m
2025-01-18 10:54:31:5431 [31merror[39m: [31mSerializationException: Start of structure or map found where not expected.[39m
[31m    at throwDefaultError (/home/shafi/Desktop/Personal_Desktop/Projects/RekogAI/rekogai-backend/node_modules/@smithy/smithy-client/dist-cjs/index.js:849:20)[39m
[31m    at /home/shafi/Desktop/Personal_Desktop/Projects/RekogAI/rekogai-backend/node_modules/@smithy/smithy-client/dist-cjs/index.js:858:5[39m
[31m    at de_CommandError (/home/shafi/Desktop/Personal_Desktop/Projects/RekogAI/rekogai-backend/node_modules/@aws-sdk/client-cognito-identity-provider/dist-cjs/index.js:4492:14)[39m
[31m    at process.processTicksAndRejections (node:internal/process/task_queues:95:5)[39m
[31m    at async /home/shafi/Desktop/Personal_Desktop/Projects/RekogAI/rekogai-backend/node_modules/@smithy/middleware-serde/dist-cjs/index.js:35:20[39m
[31m    at async /home/shafi/Desktop/Personal_Desktop/Projects/RekogAI/rekogai-backend/node_modules/@smithy/core/dist-cjs/index.js:167:18[39m
[31m    at async /home/shafi/Desktop/Personal_Desktop/Projects/RekogAI/rekogai-backend/node_modules/@smithy/middleware-retry/dist-cjs/index.js:321:38[39m
[31m    at async /home/shafi/Desktop/Personal_Desktop/Projects/RekogAI/rekogai-backend/node_modules/@aws-sdk/client-cognito-identity-provider/node_modules/@aws-sdk/middleware-logger/dist-cjs/index.js:33:22[39m
[31m    at async CognitoModel.signUp (file:///home/shafi/Desktop/Personal_Desktop/Projects/RekogAI/rekogai-backend/src/models/CognitoModel.js:51:24)[39m
[31m    at async file:///home/shafi/Desktop/Personal_Desktop/Projects/RekogAI/rekogai-backend/src/controllers/userController/index.js:18:22[39m
2025-01-18 10:54:31:5431 [32minfo[39m: [32mRequest POST /user/signup 500 - 141.54ms[39m
2025-01-18 10:55:23:5523 [31merror[39m: [31mError during sign-up:[39m
2025-01-18 10:55:23:5523 [31merror[39m: [31mSerializationException: Start of structure or map found where not expected.[39m
[31m    at throwDefaultError (/home/shafi/Desktop/Personal_Desktop/Projects/RekogAI/rekogai-backend/node_modules/@smithy/smithy-client/dist-cjs/index.js:849:20)[39m
[31m    at /home/shafi/Desktop/Personal_Desktop/Projects/RekogAI/rekogai-backend/node_modules/@smithy/smithy-client/dist-cjs/index.js:858:5[39m
[31m    at de_CommandError (/home/shafi/Desktop/Personal_Desktop/Projects/RekogAI/rekogai-backend/node_modules/@aws-sdk/client-cognito-identity-provider/dist-cjs/index.js:4492:14)[39m
[31m    at process.processTicksAndRejections (node:internal/process/task_queues:95:5)[39m
[31m    at async /home/shafi/Desktop/Personal_Desktop/Projects/RekogAI/rekogai-backend/node_modules/@smithy/middleware-serde/dist-cjs/index.js:35:20[39m
[31m    at async /home/shafi/Desktop/Personal_Desktop/Projects/RekogAI/rekogai-backend/node_modules/@smithy/core/dist-cjs/index.js:167:18[39m
[31m    at async /home/shafi/Desktop/Personal_Desktop/Projects/RekogAI/rekogai-backend/node_modules/@smithy/middleware-retry/dist-cjs/index.js:321:38[39m
[31m    at async /home/shafi/Desktop/Personal_Desktop/Projects/RekogAI/rekogai-backend/node_modules/@aws-sdk/client-cognito-identity-provider/node_modules/@aws-sdk/middleware-logger/dist-cjs/index.js:33:22[39m
[31m    at async CognitoModel.signUp (file:///home/shafi/Desktop/Personal_Desktop/Projects/RekogAI/rekogai-backend/src/models/CognitoModel.js:51:24)[39m
[31m    at async file:///home/shafi/Desktop/Personal_Desktop/Projects/RekogAI/rekogai-backend/src/controllers/userController/index.js:18:22[39m
2025-01-18 10:55:23:5523 [32minfo[39m: [32mRequest POST /user/signup 500 - 25.55ms[39m
2025-01-18 10:55:47:5547 [31merror[39m: [31mError during sign-up:[39m
2025-01-18 10:55:47:5547 [31merror[39m: [31mInvalidParameterException: 1 validation error detected: Value null at 'clientId' failed to satisfy constraint: Member must not be null[39m
[31m    at de_InvalidParameterExceptionRes (/home/shafi/Desktop/Personal_Desktop/Projects/RekogAI/rekogai-backend/node_modules/@aws-sdk/client-cognito-identity-provider/dist-cjs/index.js:4628:21)[39m
[31m    at de_CommandError (/home/shafi/Desktop/Personal_Desktop/Projects/RekogAI/rekogai-backend/node_modules/@aws-sdk/client-cognito-identity-provider/dist-cjs/index.js:4339:19)[39m
[31m    at process.processTicksAndRejections (node:internal/process/task_queues:95:5)[39m
[31m    at async /home/shafi/Desktop/Personal_Desktop/Projects/RekogAI/rekogai-backend/node_modules/@smithy/middleware-serde/dist-cjs/index.js:35:20[39m
[31m    at async /home/shafi/Desktop/Personal_Desktop/Projects/RekogAI/rekogai-backend/node_modules/@smithy/core/dist-cjs/index.js:167:18[39m
[31m    at async /home/shafi/Desktop/Personal_Desktop/Projects/RekogAI/rekogai-backend/node_modules/@smithy/middleware-retry/dist-cjs/index.js:321:38[39m
[31m    at async /home/shafi/Desktop/Personal_Desktop/Projects/RekogAI/rekogai-backend/node_modules/@aws-sdk/client-cognito-identity-provider/node_modules/@aws-sdk/middleware-logger/dist-cjs/index.js:33:22[39m
[31m    at async CognitoModel.signUp (file:///home/shafi/Desktop/Personal_Desktop/Projects/RekogAI/rekogai-backend/src/models/CognitoModel.js:51:24)[39m
[31m    at async file:///home/shafi/Desktop/Personal_Desktop/Projects/RekogAI/rekogai-backend/src/controllers/userController/index.js:18:22[39m
2025-01-18 10:55:47:5547 [32minfo[39m: [32mRequest POST /user/signup 500 - 149.61ms[39m
2025-01-18 10:59:27:5927 [32minfo[39m: [32mSign-up successful:[39m
2025-01-18 10:59:27:5927 [32minfo[39m: [32mRequest POST /user/signup 200 - 755.38ms[39m
2025-01-18 11:01:02:12 [31merror[39m: [31mError during sign-up:[39m
2025-01-18 11:01:02:12 [31merror[39m: [31mInvalidParameterException: User email should be empty or same as username, since username attribute is email.[39m
[31m    at de_InvalidParameterExceptionRes (/home/shafi/Desktop/Personal_Desktop/Projects/RekogAI/rekogai-backend/node_modules/@aws-sdk/client-cognito-identity-provider/dist-cjs/index.js:4628:21)[39m
[31m    at de_CommandError (/home/shafi/Desktop/Personal_Desktop/Projects/RekogAI/rekogai-backend/node_modules/@aws-sdk/client-cognito-identity-provider/dist-cjs/index.js:4339:19)[39m
[31m    at process.processTicksAndRejections (node:internal/process/task_queues:95:5)[39m
[31m    at async /home/shafi/Desktop/Personal_Desktop/Projects/RekogAI/rekogai-backend/node_modules/@smithy/middleware-serde/dist-cjs/index.js:35:20[39m
[31m    at async /home/shafi/Desktop/Personal_Desktop/Projects/RekogAI/rekogai-backend/node_modules/@smithy/core/dist-cjs/index.js:167:18[39m
[31m    at async /home/shafi/Desktop/Personal_Desktop/Projects/RekogAI/rekogai-backend/node_modules/@smithy/middleware-retry/dist-cjs/index.js:321:38[39m
[31m    at async /home/shafi/Desktop/Personal_Desktop/Projects/RekogAI/rekogai-backend/node_modules/@aws-sdk/client-cognito-identity-provider/node_modules/@aws-sdk/middleware-logger/dist-cjs/index.js:33:22[39m
[31m    at async CognitoModel.signUp (file:///home/shafi/Desktop/Personal_Desktop/Projects/RekogAI/rekogai-backend/src/models/CognitoModel.js:51:24)[39m
[31m    at async file:///home/shafi/Desktop/Personal_Desktop/Projects/RekogAI/rekogai-backend/src/controllers/userController/index.js:18:22[39m
2025-01-18 11:01:02:12 [32minfo[39m: [32mRequest POST /user/signup 500 - 178.45ms[39m
2025-01-18 11:01:28:128 [32minfo[39m: [32mSign-up successful:[39m
2025-01-18 11:01:28:128 [32minfo[39m: [32mRequest POST /user/signup 200 - 490.34ms[39m
2025-01-18 11:07:43:743 [32minfo[39m: [32mUser confirmed successfully[39m
2025-01-18 11:07:43:743 [32minfo[39m: [32mRequest POST /verify 200 - 375.46ms[39m
2025-01-18 11:11:42:1142 [31merror[39m: [31mError during sign-in:[39m
2025-01-18 11:11:42:1142 [31merror[39m: [31mInvalidParameterException: USER_PASSWORD_AUTH flow not enabled for this client[39m
[31m    at de_InvalidParameterExceptionRes (/home/shafi/Desktop/Personal_Desktop/Projects/RekogAI/rekogai-backend/node_modules/@aws-sdk/client-cognito-identity-provider/dist-cjs/index.js:4628:21)[39m
[31m    at de_CommandError (/home/shafi/Desktop/Personal_Desktop/Projects/RekogAI/rekogai-backend/node_modules/@aws-sdk/client-cognito-identity-provider/dist-cjs/index.js:4339:19)[39m
[31m    at process.processTicksAndRejections (node:internal/process/task_queues:95:5)[39m
[31m    at async /home/shafi/Desktop/Personal_Desktop/Projects/RekogAI/rekogai-backend/node_modules/@smithy/middleware-serde/dist-cjs/index.js:35:20[39m
[31m    at async /home/shafi/Desktop/Personal_Desktop/Projects/RekogAI/rekogai-backend/node_modules/@smithy/core/dist-cjs/index.js:167:18[39m
[31m    at async /home/shafi/Desktop/Personal_Desktop/Projects/RekogAI/rekogai-backend/node_modules/@smithy/middleware-retry/dist-cjs/index.js:321:38[39m
[31m    at async /home/shafi/Desktop/Personal_Desktop/Projects/RekogAI/rekogai-backend/node_modules/@aws-sdk/client-cognito-identity-provider/node_modules/@aws-sdk/middleware-logger/dist-cjs/index.js:33:22[39m
[31m    at async CognitoModel.signIn (file:///home/shafi/Desktop/Personal_Desktop/Projects/RekogAI/rekogai-backend/src/models/CognitoModel.js:101:24)[39m
[31m    at async file:///home/shafi/Desktop/Personal_Desktop/Projects/RekogAI/rekogai-backend/src/controllers/userController/index.js:28:23[39m
2025-01-18 11:11:42:1142 [32minfo[39m: [32mRequest POST /signin 500 - 225.66ms[39m
2025-01-18 11:16:25:1625 [32minfo[39m: [32mSign-in successful:[39m
2025-01-18 11:16:25:1625 [32minfo[39m: [32mRequest POST /signin 200 - 469.15ms[39m
2025-01-18 13:10:08:108 [31merror[39m: [31mNotFoundError: Not Found[39m
[31m    at file:///home/shafi/Desktop/Personal_Desktop/Projects/RekogAI/rekogai-backend/app.js:28:8[39m
[31m    at Layer.handle [as handle_request] (/home/shafi/Desktop/Personal_Desktop/Projects/RekogAI/rekogai-backend/node_modules/express/lib/router/layer.js:95:5)[39m
[31m    at trim_prefix (/home/shafi/Desktop/Personal_Desktop/Projects/RekogAI/rekogai-backend/node_modules/express/lib/router/index.js:317:13)[39m
[31m    at /home/shafi/Desktop/Personal_Desktop/Projects/RekogAI/rekogai-backend/node_modules/express/lib/router/index.js:284:7[39m
[31m    at Function.process_params (/home/shafi/Desktop/Personal_Desktop/Projects/RekogAI/rekogai-backend/node_modules/express/lib/router/index.js:335:12)[39m
[31m    at next (/home/shafi/Desktop/Personal_Desktop/Projects/RekogAI/rekogai-backend/node_modules/express/lib/router/index.js:275:10)[39m
[31m    at /home/shafi/Desktop/Personal_Desktop/Projects/RekogAI/rekogai-backend/node_modules/express/lib/router/index.js:635:15[39m
[31m    at next (/home/shafi/Desktop/Personal_Desktop/Projects/RekogAI/rekogai-backend/node_modules/express/lib/router/index.js:260:14)[39m
[31m    at jsonParser (/home/shafi/Desktop/Personal_Desktop/Projects/RekogAI/rekogai-backend/node_modules/body-parser/lib/types/json.js:104:7)[39m
[31m    at Layer.handle [as handle_request] (/home/shafi/Desktop/Personal_Desktop/Projects/RekogAI/rekogai-backend/node_modules/express/lib/router/layer.js:95:5)[39m
2025-01-18 13:10:08:108 [32minfo[39m: [32mRequest POST /user/signup 404 - 6.01ms[39m
2025-01-18 13:10:14:1014 [31merror[39m: [31mError during sign-up:[39m
2025-01-18 13:10:14:1014 [31merror[39m: [31mInvalidParameterException: Attributes did not conform to the schema: Type for attribute {custom:otp} could not be determined[39m
[31m    at de_InvalidParameterExceptionRes (/home/shafi/Desktop/Personal_Desktop/Projects/RekogAI/rekogai-backend/node_modules/@aws-sdk/client-cognito-identity-provider/dist-cjs/index.js:4628:21)[39m
[31m    at de_CommandError (/home/shafi/Desktop/Personal_Desktop/Projects/RekogAI/rekogai-backend/node_modules/@aws-sdk/client-cognito-identity-provider/dist-cjs/index.js:4339:19)[39m
[31m    at process.processTicksAndRejections (node:internal/process/task_queues:95:5)[39m
[31m    at async /home/shafi/Desktop/Personal_Desktop/Projects/RekogAI/rekogai-backend/node_modules/@smithy/middleware-serde/dist-cjs/index.js:35:20[39m
[31m    at async /home/shafi/Desktop/Personal_Desktop/Projects/RekogAI/rekogai-backend/node_modules/@smithy/core/dist-cjs/index.js:167:18[39m
[31m    at async /home/shafi/Desktop/Personal_Desktop/Projects/RekogAI/rekogai-backend/node_modules/@smithy/middleware-retry/dist-cjs/index.js:321:38[39m
[31m    at async /home/shafi/Desktop/Personal_Desktop/Projects/RekogAI/rekogai-backend/node_modules/@aws-sdk/client-cognito-identity-provider/node_modules/@aws-sdk/middleware-logger/dist-cjs/index.js:33:22[39m
[31m    at async CognitoModel.signUp (file:///home/shafi/Desktop/Personal_Desktop/Projects/RekogAI/rekogai-backend/src/models/CognitoModel.js:51:24)[39m
[31m    at async file:///home/shafi/Desktop/Personal_Desktop/Projects/RekogAI/rekogai-backend/src/controllers/userController/index.js:18:23[39m
2025-01-18 13:10:14:1014 [32minfo[39m: [32mRequest POST /signup 500 - 573.43ms[39m
2025-01-18 13:10:58:1058 [31merror[39m: [31mError during sign-in:[39m
2025-01-18 13:10:58:1058 [31merror[39m: [31mInvalidParameterException: CUSTOM_AUTH is not enabled for the client.[39m
[31m    at de_InvalidParameterExceptionRes (/home/shafi/Desktop/Personal_Desktop/Projects/RekogAI/rekogai-backend/node_modules/@aws-sdk/client-cognito-identity-provider/dist-cjs/index.js:4628:21)[39m
[31m    at de_CommandError (/home/shafi/Desktop/Personal_Desktop/Projects/RekogAI/rekogai-backend/node_modules/@aws-sdk/client-cognito-identity-provider/dist-cjs/index.js:4339:19)[39m
[31m    at process.processTicksAndRejections (node:internal/process/task_queues:95:5)[39m
[31m    at async /home/shafi/Desktop/Personal_Desktop/Projects/RekogAI/rekogai-backend/node_modules/@smithy/middleware-serde/dist-cjs/index.js:35:20[39m
[31m    at async /home/shafi/Desktop/Personal_Desktop/Projects/RekogAI/rekogai-backend/node_modules/@smithy/core/dist-cjs/index.js:167:18[39m
[31m    at async /home/shafi/Desktop/Personal_Desktop/Projects/RekogAI/rekogai-backend/node_modules/@smithy/middleware-retry/dist-cjs/index.js:321:38[39m
[31m    at async /home/shafi/Desktop/Personal_Desktop/Projects/RekogAI/rekogai-backend/node_modules/@aws-sdk/client-cognito-identity-provider/node_modules/@aws-sdk/middleware-logger/dist-cjs/index.js:33:22[39m
[31m    at async CognitoModel.signIn (file:///home/shafi/Desktop/Personal_Desktop/Projects/RekogAI/rekogai-backend/src/models/CognitoModel.js:130:24)[39m
[31m    at async file:///home/shafi/Desktop/Personal_Desktop/Projects/RekogAI/rekogai-backend/src/controllers/userController/index.js:28:23[39m
2025-01-18 13:10:58:1058 [32minfo[39m: [32mRequest POST /signin 500 - 154.40ms[39m
2025-01-18 13:11:31:1131 [31merror[39m: [31mError during sign-in:[39m
2025-01-18 13:11:31:1131 [31merror[39m: [31mInvalidParameterException: Custom auth lambda trigger is not configured for the user pool.[39m
[31m    at de_InvalidParameterExceptionRes (/home/shafi/Desktop/Personal_Desktop/Projects/RekogAI/rekogai-backend/node_modules/@aws-sdk/client-cognito-identity-provider/dist-cjs/index.js:4628:21)[39m
[31m    at de_CommandError (/home/shafi/Desktop/Personal_Desktop/Projects/RekogAI/rekogai-backend/node_modules/@aws-sdk/client-cognito-identity-provider/dist-cjs/index.js:4339:19)[39m
[31m    at process.processTicksAndRejections (node:internal/process/task_queues:95:5)[39m
[31m    at async /home/shafi/Desktop/Personal_Desktop/Projects/RekogAI/rekogai-backend/node_modules/@smithy/middleware-serde/dist-cjs/index.js:35:20[39m
[31m    at async /home/shafi/Desktop/Personal_Desktop/Projects/RekogAI/rekogai-backend/node_modules/@smithy/core/dist-cjs/index.js:167:18[39m
[31m    at async /home/shafi/Desktop/Personal_Desktop/Projects/RekogAI/rekogai-backend/node_modules/@smithy/middleware-retry/dist-cjs/index.js:321:38[39m
[31m    at async /home/shafi/Desktop/Personal_Desktop/Projects/RekogAI/rekogai-backend/node_modules/@aws-sdk/client-cognito-identity-provider/node_modules/@aws-sdk/middleware-logger/dist-cjs/index.js:33:22[39m
[31m    at async CognitoModel.signIn (file:///home/shafi/Desktop/Personal_Desktop/Projects/RekogAI/rekogai-backend/src/models/CognitoModel.js:130:24)[39m
[31m    at async file:///home/shafi/Desktop/Personal_Desktop/Projects/RekogAI/rekogai-backend/src/controllers/userController/index.js:28:23[39m
2025-01-18 13:11:31:1131 [32minfo[39m: [32mRequest POST /signin 500 - 34.95ms[39m
2025-01-18 13:19:31:1931 [31merror[39m: [31mError during sign-in:[39m
2025-01-18 13:19:31:1931 [31merror[39m: [31mInvalidParameterException: Custom auth lambda trigger is not configured for the user pool.[39m
[31m    at de_InvalidParameterExceptionRes (/home/shafi/Desktop/Personal_Desktop/Projects/RekogAI/rekogai-backend/node_modules/@aws-sdk/client-cognito-identity-provider/dist-cjs/index.js:4628:21)[39m
[31m    at de_CommandError (/home/shafi/Desktop/Personal_Desktop/Projects/RekogAI/rekogai-backend/node_modules/@aws-sdk/client-cognito-identity-provider/dist-cjs/index.js:4339:19)[39m
[31m    at process.processTicksAndRejections (node:internal/process/task_queues:95:5)[39m
[31m    at async /home/shafi/Desktop/Personal_Desktop/Projects/RekogAI/rekogai-backend/node_modules/@smithy/middleware-serde/dist-cjs/index.js:35:20[39m
[31m    at async /home/shafi/Desktop/Personal_Desktop/Projects/RekogAI/rekogai-backend/node_modules/@smithy/core/dist-cjs/index.js:167:18[39m
[31m    at async /home/shafi/Desktop/Personal_Desktop/Projects/RekogAI/rekogai-backend/node_modules/@smithy/middleware-retry/dist-cjs/index.js:321:38[39m
[31m    at async /home/shafi/Desktop/Personal_Desktop/Projects/RekogAI/rekogai-backend/node_modules/@aws-sdk/client-cognito-identity-provider/node_modules/@aws-sdk/middleware-logger/dist-cjs/index.js:33:22[39m
[31m    at async CognitoModel.signIn (file:///home/shafi/Desktop/Personal_Desktop/Projects/RekogAI/rekogai-backend/src/models/CognitoModel.js:130:24)[39m
[31m    at async file:///home/shafi/Desktop/Personal_Desktop/Projects/RekogAI/rekogai-backend/src/controllers/userController/index.js:28:23[39m
2025-01-18 13:19:31:1931 [32minfo[39m: [32mRequest POST /signin 500 - 102.71ms[39m
2025-01-18 15:50:52:5052 [31merror[39m: [31mError during sign-in:[39m
2025-01-18 15:50:52:5052 [31merror[39m: [31mInvalidParameterException: Custom auth lambda trigger is not configured for the user pool.[39m
[31m    at de_InvalidParameterExceptionRes (/home/shafi/Desktop/Personal_Desktop/Projects/RekogAI/rekogai-backend/node_modules/@aws-sdk/client-cognito-identity-provider/dist-cjs/index.js:4628:21)[39m
[31m    at de_CommandError (/home/shafi/Desktop/Personal_Desktop/Projects/RekogAI/rekogai-backend/node_modules/@aws-sdk/client-cognito-identity-provider/dist-cjs/index.js:4339:19)[39m
[31m    at process.processTicksAndRejections (node:internal/process/task_queues:95:5)[39m
[31m    at async /home/shafi/Desktop/Personal_Desktop/Projects/RekogAI/rekogai-backend/node_modules/@smithy/middleware-serde/dist-cjs/index.js:35:20[39m
[31m    at async /home/shafi/Desktop/Personal_Desktop/Projects/RekogAI/rekogai-backend/node_modules/@smithy/core/dist-cjs/index.js:167:18[39m
[31m    at async /home/shafi/Desktop/Personal_Desktop/Projects/RekogAI/rekogai-backend/node_modules/@smithy/middleware-retry/dist-cjs/index.js:321:38[39m
[31m    at async /home/shafi/Desktop/Personal_Desktop/Projects/RekogAI/rekogai-backend/node_modules/@aws-sdk/client-cognito-identity-provider/node_modules/@aws-sdk/middleware-logger/dist-cjs/index.js:33:22[39m
[31m    at async CognitoModel.signIn (file:///home/shafi/Desktop/Personal_Desktop/Projects/RekogAI/rekogai-backend/src/models/CognitoModel.js:130:24)[39m
[31m    at async file:///home/shafi/Desktop/Personal_Desktop/Projects/RekogAI/rekogai-backend/src/controllers/userController/index.js:28:23[39m
2025-01-18 15:50:52:5052 [32minfo[39m: [32mRequest POST /signin 500 - 106.85ms[39m
2025-01-18 15:50:54:5054 [31merror[39m: [31mError during sign-in:[39m
2025-01-18 15:50:54:5054 [31merror[39m: [31mInvalidParameterException: Custom auth lambda trigger is not configured for the user pool.[39m
[31m    at de_InvalidParameterExceptionRes (/home/shafi/Desktop/Personal_Desktop/Projects/RekogAI/rekogai-backend/node_modules/@aws-sdk/client-cognito-identity-provider/dist-cjs/index.js:4628:21)[39m
[31m    at de_CommandError (/home/shafi/Desktop/Personal_Desktop/Projects/RekogAI/rekogai-backend/node_modules/@aws-sdk/client-cognito-identity-provider/dist-cjs/index.js:4339:19)[39m
[31m    at process.processTicksAndRejections (node:internal/process/task_queues:95:5)[39m
[31m    at async /home/shafi/Desktop/Personal_Desktop/Projects/RekogAI/rekogai-backend/node_modules/@smithy/middleware-serde/dist-cjs/index.js:35:20[39m
[31m    at async /home/shafi/Desktop/Personal_Desktop/Projects/RekogAI/rekogai-backend/node_modules/@smithy/core/dist-cjs/index.js:167:18[39m
[31m    at async /home/shafi/Desktop/Personal_Desktop/Projects/RekogAI/rekogai-backend/node_modules/@smithy/middleware-retry/dist-cjs/index.js:321:38[39m
[31m    at async /home/shafi/Desktop/Personal_Desktop/Projects/RekogAI/rekogai-backend/node_modules/@aws-sdk/client-cognito-identity-provider/node_modules/@aws-sdk/middleware-logger/dist-cjs/index.js:33:22[39m
[31m    at async CognitoModel.signIn (file:///home/shafi/Desktop/Personal_Desktop/Projects/RekogAI/rekogai-backend/src/models/CognitoModel.js:130:24)[39m
[31m    at async file:///home/shafi/Desktop/Personal_Desktop/Projects/RekogAI/rekogai-backend/src/controllers/userController/index.js:28:23[39m
2025-01-18 15:50:54:5054 [32minfo[39m: [32mRequest POST /signin 500 - 30.48ms[39m
2025-01-18 15:51:04:514 [31merror[39m: [31mError during sign-in:[39m
2025-01-18 15:51:04:514 [31merror[39m: [31mInvalidParameterException: Custom auth lambda trigger is not configured for the user pool.[39m
[31m    at de_InvalidParameterExceptionRes (/home/shafi/Desktop/Personal_Desktop/Projects/RekogAI/rekogai-backend/node_modules/@aws-sdk/client-cognito-identity-provider/dist-cjs/index.js:4628:21)[39m
[31m    at de_CommandError (/home/shafi/Desktop/Personal_Desktop/Projects/RekogAI/rekogai-backend/node_modules/@aws-sdk/client-cognito-identity-provider/dist-cjs/index.js:4339:19)[39m
[31m    at process.processTicksAndRejections (node:internal/process/task_queues:95:5)[39m
[31m    at async /home/shafi/Desktop/Personal_Desktop/Projects/RekogAI/rekogai-backend/node_modules/@smithy/middleware-serde/dist-cjs/index.js:35:20[39m
[31m    at async /home/shafi/Desktop/Personal_Desktop/Projects/RekogAI/rekogai-backend/node_modules/@smithy/core/dist-cjs/index.js:167:18[39m
[31m    at async /home/shafi/Desktop/Personal_Desktop/Projects/RekogAI/rekogai-backend/node_modules/@smithy/middleware-retry/dist-cjs/index.js:321:38[39m
[31m    at async /home/shafi/Desktop/Personal_Desktop/Projects/RekogAI/rekogai-backend/node_modules/@aws-sdk/client-cognito-identity-provider/node_modules/@aws-sdk/middleware-logger/dist-cjs/index.js:33:22[39m
[31m    at async CognitoModel.signIn (file:///home/shafi/Desktop/Personal_Desktop/Projects/RekogAI/rekogai-backend/src/models/CognitoModel.js:130:24)[39m
[31m    at async file:///home/shafi/Desktop/Personal_Desktop/Projects/RekogAI/rekogai-backend/src/controllers/userController/index.js:28:23[39m
2025-01-18 15:51:04:514 [32minfo[39m: [32mRequest POST /signin 500 - 29.93ms[39m
2025-01-18 15:51:05:515 [31merror[39m: [31mError during sign-in:[39m
2025-01-18 15:51:05:515 [31merror[39m: [31mInvalidParameterException: Custom auth lambda trigger is not configured for the user pool.[39m
[31m    at de_InvalidParameterExceptionRes (/home/shafi/Desktop/Personal_Desktop/Projects/RekogAI/rekogai-backend/node_modules/@aws-sdk/client-cognito-identity-provider/dist-cjs/index.js:4628:21)[39m
[31m    at de_CommandError (/home/shafi/Desktop/Personal_Desktop/Projects/RekogAI/rekogai-backend/node_modules/@aws-sdk/client-cognito-identity-provider/dist-cjs/index.js:4339:19)[39m
[31m    at process.processTicksAndRejections (node:internal/process/task_queues:95:5)[39m
[31m    at async /home/shafi/Desktop/Personal_Desktop/Projects/RekogAI/rekogai-backend/node_modules/@smithy/middleware-serde/dist-cjs/index.js:35:20[39m
[31m    at async /home/shafi/Desktop/Personal_Desktop/Projects/RekogAI/rekogai-backend/node_modules/@smithy/core/dist-cjs/index.js:167:18[39m
[31m    at async /home/shafi/Desktop/Personal_Desktop/Projects/RekogAI/rekogai-backend/node_modules/@smithy/middleware-retry/dist-cjs/index.js:321:38[39m
[31m    at async /home/shafi/Desktop/Personal_Desktop/Projects/RekogAI/rekogai-backend/node_modules/@aws-sdk/client-cognito-identity-provider/node_modules/@aws-sdk/middleware-logger/dist-cjs/index.js:33:22[39m
[31m    at async CognitoModel.signIn (file:///home/shafi/Desktop/Personal_Desktop/Projects/RekogAI/rekogai-backend/src/models/CognitoModel.js:130:24)[39m
[31m    at async file:///home/shafi/Desktop/Personal_Desktop/Projects/RekogAI/rekogai-backend/src/controllers/userController/index.js:28:23[39m
2025-01-18 15:51:05:515 [32minfo[39m: [32mRequest POST /signin 500 - 31.53ms[39m
2025-01-18 15:51:37:5137 [32minfo[39m: [32mCognitoModel  signUp  otp[39m
2025-01-18 15:51:37:5137 [31merror[39m: [31mError during sign-up:[39m
2025-01-18 15:51:37:5137 [31merror[39m: [31mInvalidParameterException: Attributes did not conform to the schema: Type for attribute {custom:otp} could not be determined[39m
[31m    at de_InvalidParameterExceptionRes (/home/shafi/Desktop/Personal_Desktop/Projects/RekogAI/rekogai-backend/node_modules/@aws-sdk/client-cognito-identity-provider/dist-cjs/index.js:4628:21)[39m
[31m    at de_CommandError (/home/shafi/Desktop/Personal_Desktop/Projects/RekogAI/rekogai-backend/node_modules/@aws-sdk/client-cognito-identity-provider/dist-cjs/index.js:4339:19)[39m
[31m    at process.processTicksAndRejections (node:internal/process/task_queues:95:5)[39m
[31m    at async /home/shafi/Desktop/Personal_Desktop/Projects/RekogAI/rekogai-backend/node_modules/@smithy/middleware-serde/dist-cjs/index.js:35:20[39m
[31m    at async /home/shafi/Desktop/Personal_Desktop/Projects/RekogAI/rekogai-backend/node_modules/@smithy/core/dist-cjs/index.js:167:18[39m
[31m    at async /home/shafi/Desktop/Personal_Desktop/Projects/RekogAI/rekogai-backend/node_modules/@smithy/middleware-retry/dist-cjs/index.js:321:38[39m
[31m    at async /home/shafi/Desktop/Personal_Desktop/Projects/RekogAI/rekogai-backend/node_modules/@aws-sdk/client-cognito-identity-provider/node_modules/@aws-sdk/middleware-logger/dist-cjs/index.js:33:22[39m
[31m    at async CognitoModel.signUp (file:///home/shafi/Desktop/Personal_Desktop/Projects/RekogAI/rekogai-backend/src/models/CognitoModel.js:52:24)[39m
[31m    at async file:///home/shafi/Desktop/Personal_Desktop/Projects/RekogAI/rekogai-backend/src/controllers/userController/index.js:18:23[39m
2025-01-18 15:51:37:5137 [32minfo[39m: [32mRequest POST /signup 500 - 353.32ms[39m
2025-01-18 15:51:44:5144 [32minfo[39m: [32mCognitoModel  signUp  otp[39m
2025-01-18 15:51:44:5144 [31merror[39m: [31mError during sign-up:[39m
2025-01-18 15:51:44:5144 [31merror[39m: [31mInvalidParameterException: Attributes did not conform to the schema: Type for attribute {custom:otp} could not be determined[39m
[31m    at de_InvalidParameterExceptionRes (/home/shafi/Desktop/Personal_Desktop/Projects/RekogAI/rekogai-backend/node_modules/@aws-sdk/client-cognito-identity-provider/dist-cjs/index.js:4628:21)[39m
[31m    at de_CommandError (/home/shafi/Desktop/Personal_Desktop/Projects/RekogAI/rekogai-backend/node_modules/@aws-sdk/client-cognito-identity-provider/dist-cjs/index.js:4339:19)[39m
[31m    at process.processTicksAndRejections (node:internal/process/task_queues:95:5)[39m
[31m    at async /home/shafi/Desktop/Personal_Desktop/Projects/RekogAI/rekogai-backend/node_modules/@smithy/middleware-serde/dist-cjs/index.js:35:20[39m
[31m    at async /home/shafi/Desktop/Personal_Desktop/Projects/RekogAI/rekogai-backend/node_modules/@smithy/core/dist-cjs/index.js:167:18[39m
[31m    at async /home/shafi/Desktop/Personal_Desktop/Projects/RekogAI/rekogai-backend/node_modules/@smithy/middleware-retry/dist-cjs/index.js:321:38[39m
[31m    at async /home/shafi/Desktop/Personal_Desktop/Projects/RekogAI/rekogai-backend/node_modules/@aws-sdk/client-cognito-identity-provider/node_modules/@aws-sdk/middleware-logger/dist-cjs/index.js:33:22[39m
[31m    at async CognitoModel.signUp (file:///home/shafi/Desktop/Personal_Desktop/Projects/RekogAI/rekogai-backend/src/models/CognitoModel.js:52:24)[39m
[31m    at async file:///home/shafi/Desktop/Personal_Desktop/Projects/RekogAI/rekogai-backend/src/controllers/userController/index.js:18:23[39m
2025-01-18 15:51:44:5144 [32minfo[39m: [32mRequest POST /signup 500 - 301.64ms[39m
2025-01-18 15:58:24:5824 [32minfo[39m: [32mCognitoModel  signUp  otp[39m
2025-01-18 15:58:24:5824 [32minfo[39m: [32mUser created successfully:[39m
2025-01-18 15:58:24:5824 [31merror[39m: [31mError during sign-up:[39m
2025-01-18 15:58:24:5824 [31merror[39m: [31mTypeError: Cannot read properties of undefined (reading 'Value')[39m
[31m    at CognitoModel.signUp (file:///home/shafi/Desktop/Personal_Desktop/Projects/RekogAI/rekogai-backend/src/models/CognitoModel.js:62:11)[39m
[31m    at process.processTicksAndRejections (node:internal/process/task_queues:95:5)[39m
[31m    at async file:///home/shafi/Desktop/Personal_Desktop/Projects/RekogAI/rekogai-backend/src/controllers/userController/index.js:18:23[39m
2025-01-18 15:58:24:5824 [32minfo[39m: [32mRequest POST /signup 500 - 565.83ms[39m
2025-01-18 15:59:40:5940 [32minfo[39m: [32mCognitoModel  signUp  otp[39m
2025-01-18 15:59:41:5941 [31merror[39m: [31mError during sign-up:[39m
2025-01-18 15:59:41:5941 [31merror[39m: [31mUsernameExistsException: User account already exists[39m
[31m    at de_UsernameExistsExceptionRes (/home/shafi/Desktop/Personal_Desktop/Projects/RekogAI/rekogai-backend/node_modules/@aws-sdk/client-cognito-identity-provider/dist-cjs/index.js:4862:21)[39m
[31m    at de_CommandError (/home/shafi/Desktop/Personal_Desktop/Projects/RekogAI/rekogai-backend/node_modules/@aws-sdk/client-cognito-identity-provider/dist-cjs/index.js:4390:19)[39m
[31m    at process.processTicksAndRejections (node:internal/process/task_queues:95:5)[39m
[31m    at async /home/shafi/Desktop/Personal_Desktop/Projects/RekogAI/rekogai-backend/node_modules/@smithy/middleware-serde/dist-cjs/index.js:35:20[39m
[31m    at async /home/shafi/Desktop/Personal_Desktop/Projects/RekogAI/rekogai-backend/node_modules/@smithy/core/dist-cjs/index.js:167:18[39m
[31m    at async /home/shafi/Desktop/Personal_Desktop/Projects/RekogAI/rekogai-backend/node_modules/@smithy/middleware-retry/dist-cjs/index.js:321:38[39m
[31m    at async /home/shafi/Desktop/Personal_Desktop/Projects/RekogAI/rekogai-backend/node_modules/@aws-sdk/client-cognito-identity-provider/node_modules/@aws-sdk/middleware-logger/dist-cjs/index.js:33:22[39m
[31m    at async CognitoModel.signUp (file:///home/shafi/Desktop/Personal_Desktop/Projects/RekogAI/rekogai-backend/src/models/CognitoModel.js:53:24)[39m
[31m    at async file:///home/shafi/Desktop/Personal_Desktop/Projects/RekogAI/rekogai-backend/src/controllers/userController/index.js:18:23[39m
2025-01-18 15:59:41:5941 [32minfo[39m: [32mRequest POST /signup 500 - 587.85ms[39m
2025-01-18 16:09:07:97 [32minfo[39m: [32mCognitoModel  signUp  otp[39m
2025-01-18 16:09:08:98 [32minfo[39m: [32mUser created successfully:[39m
2025-01-18 16:09:08:98 [32minfo[39m: [32mUser sign up preferences[39m
2025-01-18 16:09:08:98 [31merror[39m: [31mError during sign-up:[39m
2025-01-18 16:09:08:98 [31merror[39m: [31mMessageRejected: Email address is not verified. The following identities failed the check in region AP-SOUTH-1: your-email@example.com, jayesh@mailinator.com[39m
[31m    at de_MessageRejectedRes (/home/shafi/Desktop/Personal_Desktop/Projects/RekogAI/rekogai-backend/node_modules/@aws-sdk/client-ses/dist-cjs/index.js:3179:21)[39m
[31m    at de_CommandError (/home/shafi/Desktop/Personal_Desktop/Projects/RekogAI/rekogai-backend/node_modules/@aws-sdk/client-ses/dist-cjs/index.js:2914:19)[39m
[31m    at process.processTicksAndRejections (node:internal/process/task_queues:95:5)[39m
[31m    at async /home/shafi/Desktop/Personal_Desktop/Projects/RekogAI/rekogai-backend/node_modules/@smithy/middleware-serde/dist-cjs/index.js:35:20[39m
[31m    at async /home/shafi/Desktop/Personal_Desktop/Projects/RekogAI/rekogai-backend/node_modules/@smithy/core/dist-cjs/index.js:167:18[39m
[31m    at async /home/shafi/Desktop/Personal_Desktop/Projects/RekogAI/rekogai-backend/node_modules/@smithy/middleware-retry/dist-cjs/index.js:321:38[39m
[31m    at async /home/shafi/Desktop/Personal_Desktop/Projects/RekogAI/rekogai-backend/node_modules/@aws-sdk/client-ses/node_modules/@aws-sdk/middleware-logger/dist-cjs/index.js:33:22[39m
[31m    at async CognitoModel.signUp (file:///home/shafi/Desktop/Personal_Desktop/Projects/RekogAI/rekogai-backend/src/models/CognitoModel.js:97:9)[39m
[31m    at async file:///home/shafi/Desktop/Personal_Desktop/Projects/RekogAI/rekogai-backend/src/controllers/userController/index.js:18:23[39m
2025-01-18 16:09:08:98 [32minfo[39m: [32mRequest POST /signup 500 - 680.47ms[39m
2025-01-18 16:11:47:1147 [32minfo[39m: [32mCognitoModel  signUp  otp[39m
2025-01-18 16:11:48:1148 [32minfo[39m: [32mUser created successfully:[39m
2025-01-18 16:11:48:1148 [31merror[39m: [31mError during sign-up:[39m
2025-01-18 16:11:48:1148 [31merror[39m: [31mMessageRejected: Email address is not verified. The following identities failed the check in region AP-SOUTH-1: your-email@example.com, awsemailservicetest@gmail.com[39m
[31m    at de_MessageRejectedRes (/home/shafi/Desktop/Personal_Desktop/Projects/RekogAI/rekogai-backend/node_modules/@aws-sdk/client-ses/dist-cjs/index.js:3179:21)[39m
[31m    at de_CommandError (/home/shafi/Desktop/Personal_Desktop/Projects/RekogAI/rekogai-backend/node_modules/@aws-sdk/client-ses/dist-cjs/index.js:2914:19)[39m
[31m    at process.processTicksAndRejections (node:internal/process/task_queues:95:5)[39m
[31m    at async /home/shafi/Desktop/Personal_Desktop/Projects/RekogAI/rekogai-backend/node_modules/@smithy/middleware-serde/dist-cjs/index.js:35:20[39m
[31m    at async /home/shafi/Desktop/Personal_Desktop/Projects/RekogAI/rekogai-backend/node_modules/@smithy/core/dist-cjs/index.js:167:18[39m
[31m    at async /home/shafi/Desktop/Personal_Desktop/Projects/RekogAI/rekogai-backend/node_modules/@smithy/middleware-retry/dist-cjs/index.js:321:38[39m
[31m    at async /home/shafi/Desktop/Personal_Desktop/Projects/RekogAI/rekogai-backend/node_modules/@aws-sdk/client-ses/node_modules/@aws-sdk/middleware-logger/dist-cjs/index.js:33:22[39m
[31m    at async CognitoModel.signUp (file:///home/shafi/Desktop/Personal_Desktop/Projects/RekogAI/rekogai-backend/src/models/CognitoModel.js:97:9)[39m
[31m    at async file:///home/shafi/Desktop/Personal_Desktop/Projects/RekogAI/rekogai-backend/src/controllers/userController/index.js:18:23[39m
2025-01-18 16:11:48:1148 [32minfo[39m: [32mRequest POST /signup 500 - 774.22ms[39m
2025-01-18 16:12:24:1224 [32minfo[39m: [32mCognitoModel  signUp  otp[39m
2025-01-18 16:12:25:1225 [31merror[39m: [31mError during sign-up:[39m
2025-01-18 16:12:25:1225 [31merror[39m: [31mUsernameExistsException: User account already exists[39m
[31m    at de_UsernameExistsExceptionRes (/home/shafi/Desktop/Personal_Desktop/Projects/RekogAI/rekogai-backend/node_modules/@aws-sdk/client-cognito-identity-provider/dist-cjs/index.js:4862:21)[39m
[31m    at de_CommandError (/home/shafi/Desktop/Personal_Desktop/Projects/RekogAI/rekogai-backend/node_modules/@aws-sdk/client-cognito-identity-provider/dist-cjs/index.js:4390:19)[39m
[31m    at process.processTicksAndRejections (node:internal/process/task_queues:95:5)[39m
[31m    at async /home/shafi/Desktop/Personal_Desktop/Projects/RekogAI/rekogai-backend/node_modules/@smithy/middleware-serde/dist-cjs/index.js:35:20[39m
[31m    at async /home/shafi/Desktop/Personal_Desktop/Projects/RekogAI/rekogai-backend/node_modules/@smithy/core/dist-cjs/index.js:167:18[39m
[31m    at async /home/shafi/Desktop/Personal_Desktop/Projects/RekogAI/rekogai-backend/node_modules/@smithy/middleware-retry/dist-cjs/index.js:321:38[39m
[31m    at async /home/shafi/Desktop/Personal_Desktop/Projects/RekogAI/rekogai-backend/node_modules/@aws-sdk/client-cognito-identity-provider/node_modules/@aws-sdk/middleware-logger/dist-cjs/index.js:33:22[39m
[31m    at async CognitoModel.signUp (file:///home/shafi/Desktop/Personal_Desktop/Projects/RekogAI/rekogai-backend/src/models/CognitoModel.js:53:24)[39m
[31m    at async file:///home/shafi/Desktop/Personal_Desktop/Projects/RekogAI/rekogai-backend/src/controllers/userController/index.js:18:23[39m
2025-01-18 16:12:25:1225 [32minfo[39m: [32mRequest POST /signup 500 - 551.24ms[39m
2025-01-18 16:12:37:1237 [32minfo[39m: [32mCognitoModel  signUp  otp[39m
2025-01-18 16:12:38:1238 [32minfo[39m: [32mUser created successfully:[39m
2025-01-18 16:12:38:1238 [31merror[39m: [31mError during sign-up:[39m
2025-01-18 16:12:38:1238 [31merror[39m: [31mMessageRejected: Email address is not verified. The following identities failed the check in region AP-SOUTH-1: awsemailservice@gmail.com, jayeshadwani26@gmail.com[39m
[31m    at de_MessageRejectedRes (/home/shafi/Desktop/Personal_Desktop/Projects/RekogAI/rekogai-backend/node_modules/@aws-sdk/client-ses/dist-cjs/index.js:3179:21)[39m
[31m    at de_CommandError (/home/shafi/Desktop/Personal_Desktop/Projects/RekogAI/rekogai-backend/node_modules/@aws-sdk/client-ses/dist-cjs/index.js:2914:19)[39m
[31m    at process.processTicksAndRejections (node:internal/process/task_queues:95:5)[39m
[31m    at async /home/shafi/Desktop/Personal_Desktop/Projects/RekogAI/rekogai-backend/node_modules/@smithy/middleware-serde/dist-cjs/index.js:35:20[39m
[31m    at async /home/shafi/Desktop/Personal_Desktop/Projects/RekogAI/rekogai-backend/node_modules/@smithy/core/dist-cjs/index.js:167:18[39m
[31m    at async /home/shafi/Desktop/Personal_Desktop/Projects/RekogAI/rekogai-backend/node_modules/@smithy/middleware-retry/dist-cjs/index.js:321:38[39m
[31m    at async /home/shafi/Desktop/Personal_Desktop/Projects/RekogAI/rekogai-backend/node_modules/@aws-sdk/client-ses/node_modules/@aws-sdk/middleware-logger/dist-cjs/index.js:33:22[39m
[31m    at async CognitoModel.signUp (file:///home/shafi/Desktop/Personal_Desktop/Projects/RekogAI/rekogai-backend/src/models/CognitoModel.js:97:9)[39m
[31m    at async file:///home/shafi/Desktop/Personal_Desktop/Projects/RekogAI/rekogai-backend/src/controllers/userController/index.js:18:23[39m
2025-01-18 16:12:38:1238 [32minfo[39m: [32mRequest POST /signup 500 - 631.51ms[39m
2025-01-18 20:06:19:619 [32minfo[39m: [32mCognitoModel  signUp  otp[39m
2025-01-18 20:06:19:619 [31merror[39m: [31mError during sign-up:[39m
2025-01-18 20:06:19:619 [31merror[39m: [31mUsernameExistsException: User account already exists[39m
[31m    at de_UsernameExistsExceptionRes (/home/shafi/Desktop/Personal_Desktop/Projects/RekogAI/rekogai-backend/node_modules/@aws-sdk/client-cognito-identity-provider/dist-cjs/index.js:4862:21)[39m
[31m    at de_CommandError (/home/shafi/Desktop/Personal_Desktop/Projects/RekogAI/rekogai-backend/node_modules/@aws-sdk/client-cognito-identity-provider/dist-cjs/index.js:4390:19)[39m
[31m    at process.processTicksAndRejections (node:internal/process/task_queues:95:5)[39m
[31m    at async /home/shafi/Desktop/Personal_Desktop/Projects/RekogAI/rekogai-backend/node_modules/@smithy/middleware-serde/dist-cjs/index.js:35:20[39m
[31m    at async /home/shafi/Desktop/Personal_Desktop/Projects/RekogAI/rekogai-backend/node_modules/@smithy/core/dist-cjs/index.js:167:18[39m
[31m    at async /home/shafi/Desktop/Personal_Desktop/Projects/RekogAI/rekogai-backend/node_modules/@smithy/middleware-retry/dist-cjs/index.js:321:38[39m
[31m    at async /home/shafi/Desktop/Personal_Desktop/Projects/RekogAI/rekogai-backend/node_modules/@aws-sdk/client-cognito-identity-provider/node_modules/@aws-sdk/middleware-logger/dist-cjs/index.js:33:22[39m
[31m    at async CognitoModel.signUp (file:///home/shafi/Desktop/Personal_Desktop/Projects/RekogAI/rekogai-backend/src/models/CognitoModel.js:53:24)[39m
[31m    at async file:///home/shafi/Desktop/Personal_Desktop/Projects/RekogAI/rekogai-backend/src/controllers/userController/index.js:18:23[39m
2025-01-18 20:06:19:619 [32minfo[39m: [32mRequest POST /signup 500 - 549.45ms[39m
2025-01-18 20:07:13:713 [32minfo[39m: [32mCognitoModel  signUp  otp[39m
2025-01-18 20:07:13:713 [32minfo[39m: [32mUser created successfully:[39m
2025-01-18 20:07:14:714 [31merror[39m: [31mError during sign-up:[39m
2025-01-18 20:07:14:714 [31merror[39m: [31mMessageRejected: Email address is not verified. The following identities failed the check in region AP-SOUTH-1: jayeshadwani26@gmail.com, freeinbox@mailinator.com[39m
[31m    at de_MessageRejectedRes (/home/shafi/Desktop/Personal_Desktop/Projects/RekogAI/rekogai-backend/node_modules/@aws-sdk/client-ses/dist-cjs/index.js:3179:21)[39m
[31m    at de_CommandError (/home/shafi/Desktop/Personal_Desktop/Projects/RekogAI/rekogai-backend/node_modules/@aws-sdk/client-ses/dist-cjs/index.js:2914:19)[39m
[31m    at process.processTicksAndRejections (node:internal/process/task_queues:95:5)[39m
[31m    at async /home/shafi/Desktop/Personal_Desktop/Projects/RekogAI/rekogai-backend/node_modules/@smithy/middleware-serde/dist-cjs/index.js:35:20[39m
[31m    at async /home/shafi/Desktop/Personal_Desktop/Projects/RekogAI/rekogai-backend/node_modules/@smithy/core/dist-cjs/index.js:167:18[39m
[31m    at async /home/shafi/Desktop/Personal_Desktop/Projects/RekogAI/rekogai-backend/node_modules/@smithy/middleware-retry/dist-cjs/index.js:321:38[39m
[31m    at async /home/shafi/Desktop/Personal_Desktop/Projects/RekogAI/rekogai-backend/node_modules/@aws-sdk/client-ses/node_modules/@aws-sdk/middleware-logger/dist-cjs/index.js:33:22[39m
[31m    at async CognitoModel.signUp (file:///home/shafi/Desktop/Personal_Desktop/Projects/RekogAI/rekogai-backend/src/models/CognitoModel.js:97:9)[39m
[31m    at async file:///home/shafi/Desktop/Personal_Desktop/Projects/RekogAI/rekogai-backend/src/controllers/userController/index.js:18:23[39m
2025-01-18 20:07:14:714 [32minfo[39m: [32mRequest POST /signup 500 - 635.49ms[39m
2025-01-18 20:08:01:81 [32minfo[39m: [32mCognitoModel  signUp  otp[39m
2025-01-18 20:08:01:81 [31merror[39m: [31mError during sign-up:[39m
2025-01-18 20:08:01:81 [31merror[39m: [31mUsernameExistsException: User account already exists[39m
[31m    at de_UsernameExistsExceptionRes (/home/shafi/Desktop/Personal_Desktop/Projects/RekogAI/rekogai-backend/node_modules/@aws-sdk/client-cognito-identity-provider/dist-cjs/index.js:4862:21)[39m
[31m    at de_CommandError (/home/shafi/Desktop/Personal_Desktop/Projects/RekogAI/rekogai-backend/node_modules/@aws-sdk/client-cognito-identity-provider/dist-cjs/index.js:4390:19)[39m
[31m    at process.processTicksAndRejections (node:internal/process/task_queues:95:5)[39m
[31m    at async /home/shafi/Desktop/Personal_Desktop/Projects/RekogAI/rekogai-backend/node_modules/@smithy/middleware-serde/dist-cjs/index.js:35:20[39m
[31m    at async /home/shafi/Desktop/Personal_Desktop/Projects/RekogAI/rekogai-backend/node_modules/@smithy/core/dist-cjs/index.js:167:18[39m
[31m    at async /home/shafi/Desktop/Personal_Desktop/Projects/RekogAI/rekogai-backend/node_modules/@smithy/middleware-retry/dist-cjs/index.js:321:38[39m
[31m    at async /home/shafi/Desktop/Personal_Desktop/Projects/RekogAI/rekogai-backend/node_modules/@aws-sdk/client-cognito-identity-provider/node_modules/@aws-sdk/middleware-logger/dist-cjs/index.js:33:22[39m
[31m    at async CognitoModel.signUp (file:///home/shafi/Desktop/Personal_Desktop/Projects/RekogAI/rekogai-backend/src/models/CognitoModel.js:53:24)[39m
[31m    at async file:///home/shafi/Desktop/Personal_Desktop/Projects/RekogAI/rekogai-backend/src/controllers/userController/index.js:18:23[39m
2025-01-18 20:08:01:81 [32minfo[39m: [32mRequest POST /signup 500 - 587.48ms[39m
2025-01-18 20:08:29:829 [32minfo[39m: [32mCognitoModel  signUp  otp[39m
2025-01-18 20:08:29:829 [32minfo[39m: [32mUser created successfully:[39m
2025-01-18 20:08:29:829 [31merror[39m: [31mError during sign-up:[39m
2025-01-18 20:08:29:829 [31merror[39m: [31mMessageRejected: Email address is not verified. The following identities failed the check in region AP-SOUTH-1: freeinbox2@mailinator.com[39m
[31m    at de_MessageRejectedRes (/home/shafi/Desktop/Personal_Desktop/Projects/RekogAI/rekogai-backend/node_modules/@aws-sdk/client-ses/dist-cjs/index.js:3179:21)[39m
[31m    at de_CommandError (/home/shafi/Desktop/Personal_Desktop/Projects/RekogAI/rekogai-backend/node_modules/@aws-sdk/client-ses/dist-cjs/index.js:2914:19)[39m
[31m    at process.processTicksAndRejections (node:internal/process/task_queues:95:5)[39m
[31m    at async /home/shafi/Desktop/Personal_Desktop/Projects/RekogAI/rekogai-backend/node_modules/@smithy/middleware-serde/dist-cjs/index.js:35:20[39m
[31m    at async /home/shafi/Desktop/Personal_Desktop/Projects/RekogAI/rekogai-backend/node_modules/@smithy/core/dist-cjs/index.js:167:18[39m
[31m    at async /home/shafi/Desktop/Personal_Desktop/Projects/RekogAI/rekogai-backend/node_modules/@smithy/middleware-retry/dist-cjs/index.js:321:38[39m
[31m    at async /home/shafi/Desktop/Personal_Desktop/Projects/RekogAI/rekogai-backend/node_modules/@aws-sdk/client-ses/node_modules/@aws-sdk/middleware-logger/dist-cjs/index.js:33:22[39m
[31m    at async CognitoModel.signUp (file:///home/shafi/Desktop/Personal_Desktop/Projects/RekogAI/rekogai-backend/src/models/CognitoModel.js:97:9)[39m
[31m    at async file:///home/shafi/Desktop/Personal_Desktop/Projects/RekogAI/rekogai-backend/src/controllers/userController/index.js:18:23[39m
2025-01-18 20:08:29:829 [32minfo[39m: [32mRequest POST /signup 500 - 605.87ms[39m
2025-01-18 20:13:34:1334 [32minfo[39m: [32mCognitoModel  signUp  otp[39m
2025-01-18 20:13:35:1335 [32minfo[39m: [32mUser created successfully:[39m
2025-01-18 20:13:35:1335 [32minfo[39m: [32mOTP sent to user:[39m
2025-01-18 20:13:35:1335 [32minfo[39m: [32mRequest POST /signup 200 - 507.73ms[39m
2025-01-18 20:19:31:1931 [32minfo[39m: [32mCognitoModel  signUp  otp[39m
2025-01-18 20:19:31:1931 [32minfo[39m: [32mUser created successfully:[39m
2025-01-18 20:19:31:1931 [32minfo[39m: [32mOTP sent to user:[39m
2025-01-18 20:19:31:1931 [32minfo[39m: [32mRequest POST /signup 200 - 656.63ms[39m
2025-01-18 20:22:16:2216 [32minfo[39m: [32mCognitoModel  signUp  otp[39m
2025-01-18 20:22:16:2216 [32minfo[39m: [32mUser created successfully:[39m
2025-01-18 20:22:16:2216 [32minfo[39m: [32mOTP sent to user:[39m
2025-01-18 20:22:16:2216 [32minfo[39m: [32mRequest POST /signup 200 - 467.50ms[39m
2025-01-18 20:26:33:2633 [32minfo[39m: [32mCognitoModel  signUp  otp[39m
2025-01-18 20:26:34:2634 [32minfo[39m: [32mUser created successfully:[39m
2025-01-18 20:26:34:2634 [32minfo[39m: [32mOTP sent to user:[39m
2025-01-18 20:26:34:2634 [32minfo[39m: [32mRequest POST /signup 200 - 465.01ms[39m
2025-01-18 20:46:09:469 [31merror[39m: [31mError during sign-up:[39m
2025-01-18 20:46:09:469 [31merror[39m: [31mInvalidParameterException: 1 validation error detected: Value at 'password'failed to satisfy constraint: Member must not be null[39m
[31m    at de_InvalidParameterExceptionRes (/home/shafi/Desktop/Personal_Desktop/Projects/RekogAI/rekogai-backend/node_modules/@aws-sdk/client-cognito-identity-provider/dist-cjs/index.js:4628:21)[39m
[31m    at de_CommandError (/home/shafi/Desktop/Personal_Desktop/Projects/RekogAI/rekogai-backend/node_modules/@aws-sdk/client-cognito-identity-provider/dist-cjs/index.js:4339:19)[39m
[31m    at process.processTicksAndRejections (node:internal/process/task_queues:95:5)[39m
[31m    at async /home/shafi/Desktop/Personal_Desktop/Projects/RekogAI/rekogai-backend/node_modules/@smithy/middleware-serde/dist-cjs/index.js:35:20[39m
[31m    at async /home/shafi/Desktop/Personal_Desktop/Projects/RekogAI/rekogai-backend/node_modules/@smithy/core/dist-cjs/index.js:167:18[39m
[31m    at async /home/shafi/Desktop/Personal_Desktop/Projects/RekogAI/rekogai-backend/node_modules/@smithy/middleware-retry/dist-cjs/index.js:321:38[39m
[31m    at async /home/shafi/Desktop/Personal_Desktop/Projects/RekogAI/rekogai-backend/node_modules/@aws-sdk/client-cognito-identity-provider/node_modules/@aws-sdk/middleware-logger/dist-cjs/index.js:33:22[39m
[31m    at async CognitoModel.signUp (file:///home/shafi/Desktop/Personal_Desktop/Projects/RekogAI/rekogai-backend/src/models/CognitoModel.js:51:24)[39m
[31m    at async file:///home/shafi/Desktop/Personal_Desktop/Projects/RekogAI/rekogai-backend/src/controllers/userController/index.js:18:23[39m
2025-01-18 20:46:09:469 [32minfo[39m: [32mRequest POST /signup 500 - 189.01ms[39m
2025-01-18 20:46:56:4656 [32minfo[39m: [32mSign-up successful:[39m
2025-01-18 20:46:56:4656 [32minfo[39m: [32mRequest POST /signup 200 - 523.86ms[39m
2025-01-18 20:47:46:4746 [32minfo[39m: [32mUser confirmed successfully[39m
2025-01-18 20:47:46:4746 [32minfo[39m: [32mRequest POST /verify 200 - 309.90ms[39m
2025-01-18 20:48:30:4830 [32minfo[39m: [32mSign-in successful:[39m
2025-01-18 20:48:30:4830 [32minfo[39m: [32mRequest POST /signin 200 - 392.78ms[39m
2025-01-18 20:54:04:544 [31merror[39m: [31mError during sign-up:[39m
2025-01-18 20:54:04:544 [31merror[39m: [31mUsernameExistsException: User already exists[39m
[31m    at de_UsernameExistsExceptionRes (/home/shafi/Desktop/Personal_Desktop/Projects/RekogAI/rekogai-backend/node_modules/@aws-sdk/client-cognito-identity-provider/dist-cjs/index.js:4862:21)[39m
[31m    at de_CommandError (/home/shafi/Desktop/Personal_Desktop/Projects/RekogAI/rekogai-backend/node_modules/@aws-sdk/client-cognito-identity-provider/dist-cjs/index.js:4390:19)[39m
[31m    at process.processTicksAndRejections (node:internal/process/task_queues:95:5)[39m
[31m    at async /home/shafi/Desktop/Personal_Desktop/Projects/RekogAI/rekogai-backend/node_modules/@smithy/middleware-serde/dist-cjs/index.js:35:20[39m
[31m    at async /home/shafi/Desktop/Personal_Desktop/Projects/RekogAI/rekogai-backend/node_modules/@smithy/core/dist-cjs/index.js:167:18[39m
[31m    at async /home/shafi/Desktop/Personal_Desktop/Projects/RekogAI/rekogai-backend/node_modules/@smithy/middleware-retry/dist-cjs/index.js:321:38[39m
[31m    at async /home/shafi/Desktop/Personal_Desktop/Projects/RekogAI/rekogai-backend/node_modules/@aws-sdk/client-cognito-identity-provider/node_modules/@aws-sdk/middleware-logger/dist-cjs/index.js:33:22[39m
[31m    at async CognitoModel.signUp (file:///home/shafi/Desktop/Personal_Desktop/Projects/RekogAI/rekogai-backend/src/models/CognitoModel.js:51:24)[39m
[31m    at async file:///home/shafi/Desktop/Personal_Desktop/Projects/RekogAI/rekogai-backend/src/controllers/userController/index.js:18:23[39m
2025-01-18 20:54:04:544 [32minfo[39m: [32mRequest POST /signup 500 - 581.66ms[39m
2025-01-18 20:54:37:5437 [32minfo[39m: [32mSign-up successful:[39m
2025-01-18 20:54:37:5437 [32minfo[39m: [32mRequest POST /signup 200 - 528.62ms[39m
2025-01-18 20:54:53:5453 [31merror[39m: [31mError during confirmation:[39m
2025-01-18 20:54:53:5453 [31merror[39m: [31mCodeMismatchException: Invalid verification code provided, please try again.[39m
[31m    at de_CodeMismatchExceptionRes (/home/shafi/Desktop/Personal_Desktop/Projects/RekogAI/rekogai-backend/node_modules/@aws-sdk/client-cognito-identity-provider/dist-cjs/index.js:4520:21)[39m
[31m    at de_CommandError (/home/shafi/Desktop/Personal_Desktop/Projects/RekogAI/rekogai-backend/node_modules/@aws-sdk/client-cognito-identity-provider/dist-cjs/index.js:4414:19)[39m
[31m    at process.processTicksAndRejections (node:internal/process/task_queues:95:5)[39m
[31m    at async /home/shafi/Desktop/Personal_Desktop/Projects/RekogAI/rekogai-backend/node_modules/@smithy/middleware-serde/dist-cjs/index.js:35:20[39m
[31m    at async /home/shafi/Desktop/Personal_Desktop/Projects/RekogAI/rekogai-backend/node_modules/@smithy/core/dist-cjs/index.js:167:18[39m
[31m    at async /home/shafi/Desktop/Personal_Desktop/Projects/RekogAI/rekogai-backend/node_modules/@smithy/middleware-retry/dist-cjs/index.js:321:38[39m
[31m    at async /home/shafi/Desktop/Personal_Desktop/Projects/RekogAI/rekogai-backend/node_modules/@aws-sdk/client-cognito-identity-provider/node_modules/@aws-sdk/middleware-logger/dist-cjs/index.js:33:22[39m
[31m    at async CognitoModel.confirmSignUp (file:///home/shafi/Desktop/Personal_Desktop/Projects/RekogAI/rekogai-backend/src/models/CognitoModel.js:75:37)[39m
[31m    at async file:///home/shafi/Desktop/Personal_Desktop/Projects/RekogAI/rekogai-backend/src/controllers/userController/index.js:23:23[39m
2025-01-18 20:54:53:5453 [32minfo[39m: [32mRequest POST /verify 500 - 136.20ms[39m
2025-01-18 20:55:17:5517 [32minfo[39m: [32mUser confirmed successfully[39m
2025-01-18 20:55:17:5517 [32minfo[39m: [32mRequest POST /verify 200 - 282.28ms[39m
2025-01-18 20:56:02:562 [32minfo[39m: [32mSign-in successful:[39m
2025-01-18 20:56:02:562 [32minfo[39m: [32mRequest POST /signin 200 - 328.95ms[39m
2025-01-18 21:02:45:245 [31merror[39m: [31mReferenceError: ForgotPasswordCommand is not defined[39m
[31m    at CognitoModel.forgotPassword (file:///home/shafi/Desktop/Personal_Desktop/Projects/RekogAI/rekogai-backend/src/models/CognitoModel.js:197:21)[39m
[31m    at file:///home/shafi/Desktop/Personal_Desktop/Projects/RekogAI/rekogai-backend/src/controllers/userController/index.js:33:50[39m
[31m    at file:///home/shafi/Desktop/Personal_Desktop/Projects/RekogAI/rekogai-backend/src/middlewares/index.js:11:19[39m
[31m    at Layer.handle [as handle_request] (/home/shafi/Desktop/Personal_Desktop/Projects/RekogAI/rekogai-backend/node_modules/express/lib/router/layer.js:95:5)[39m
[31m    at next (/home/shafi/Desktop/Personal_Desktop/Projects/RekogAI/rekogai-backend/node_modules/express/lib/router/route.js:137:13)[39m
[31m    at Route.dispatch (/home/shafi/Desktop/Personal_Desktop/Projects/RekogAI/rekogai-backend/node_modules/express/lib/router/route.js:112:3)[39m
[31m    at Layer.handle [as handle_request] (/home/shafi/Desktop/Personal_Desktop/Projects/RekogAI/rekogai-backend/node_modules/express/lib/router/layer.js:95:5)[39m
[31m    at /home/shafi/Desktop/Personal_Desktop/Projects/RekogAI/rekogai-backend/node_modules/express/lib/router/index.js:281:22[39m
[31m    at Function.process_params (/home/shafi/Desktop/Personal_Desktop/Projects/RekogAI/rekogai-backend/node_modules/express/lib/router/index.js:335:12)[39m
[31m    at next (/home/shafi/Desktop/Personal_Desktop/Projects/RekogAI/rekogai-backend/node_modules/express/lib/router/index.js:275:10)[39m
2025-01-18 21:02:45:245 [32minfo[39m: [32mRequest POST /forgotPassword 500 - 5.86ms[39m
2025-01-18 21:03:12:312 [31merror[39m: [31mReferenceError: ForgotPasswordCommand is not defined[39m
[31m    at CognitoModel.forgotPassword (file:///home/shafi/Desktop/Personal_Desktop/Projects/RekogAI/rekogai-backend/src/models/CognitoModel.js:197:21)[39m
[31m    at file:///home/shafi/Desktop/Personal_Desktop/Projects/RekogAI/rekogai-backend/src/controllers/userController/index.js:33:50[39m
[31m    at file:///home/shafi/Desktop/Personal_Desktop/Projects/RekogAI/rekogai-backend/src/middlewares/index.js:11:19[39m
[31m    at Layer.handle [as handle_request] (/home/shafi/Desktop/Personal_Desktop/Projects/RekogAI/rekogai-backend/node_modules/express/lib/router/layer.js:95:5)[39m
[31m    at next (/home/shafi/Desktop/Personal_Desktop/Projects/RekogAI/rekogai-backend/node_modules/express/lib/router/route.js:137:13)[39m
[31m    at Route.dispatch (/home/shafi/Desktop/Personal_Desktop/Projects/RekogAI/rekogai-backend/node_modules/express/lib/router/route.js:112:3)[39m
[31m    at Layer.handle [as handle_request] (/home/shafi/Desktop/Personal_Desktop/Projects/RekogAI/rekogai-backend/node_modules/express/lib/router/layer.js:95:5)[39m
[31m    at /home/shafi/Desktop/Personal_Desktop/Projects/RekogAI/rekogai-backend/node_modules/express/lib/router/index.js:281:22[39m
[31m    at Function.process_params (/home/shafi/Desktop/Personal_Desktop/Projects/RekogAI/rekogai-backend/node_modules/express/lib/router/index.js:335:12)[39m
[31m    at next (/home/shafi/Desktop/Personal_Desktop/Projects/RekogAI/rekogai-backend/node_modules/express/lib/router/index.js:275:10)[39m
2025-01-18 21:03:12:312 [32minfo[39m: [32mRequest POST /forgotPassword 500 - 8.90ms[39m
2025-01-18 21:03:13:313 [31merror[39m: [31mReferenceError: ForgotPasswordCommand is not defined[39m
[31m    at CognitoModel.forgotPassword (file:///home/shafi/Desktop/Personal_Desktop/Projects/RekogAI/rekogai-backend/src/models/CognitoModel.js:197:21)[39m
[31m    at file:///home/shafi/Desktop/Personal_Desktop/Projects/RekogAI/rekogai-backend/src/controllers/userController/index.js:33:50[39m
[31m    at file:///home/shafi/Desktop/Personal_Desktop/Projects/RekogAI/rekogai-backend/src/middlewares/index.js:11:19[39m
[31m    at Layer.handle [as handle_request] (/home/shafi/Desktop/Personal_Desktop/Projects/RekogAI/rekogai-backend/node_modules/express/lib/router/layer.js:95:5)[39m
[31m    at next (/home/shafi/Desktop/Personal_Desktop/Projects/RekogAI/rekogai-backend/node_modules/express/lib/router/route.js:137:13)[39m
[31m    at Route.dispatch (/home/shafi/Desktop/Personal_Desktop/Projects/RekogAI/rekogai-backend/node_modules/express/lib/router/route.js:112:3)[39m
[31m    at Layer.handle [as handle_request] (/home/shafi/Desktop/Personal_Desktop/Projects/RekogAI/rekogai-backend/node_modules/express/lib/router/layer.js:95:5)[39m
[31m    at /home/shafi/Desktop/Personal_Desktop/Projects/RekogAI/rekogai-backend/node_modules/express/lib/router/index.js:281:22[39m
[31m    at Function.process_params (/home/shafi/Desktop/Personal_Desktop/Projects/RekogAI/rekogai-backend/node_modules/express/lib/router/index.js:335:12)[39m
[31m    at next (/home/shafi/Desktop/Personal_Desktop/Projects/RekogAI/rekogai-backend/node_modules/express/lib/router/index.js:275:10)[39m
2025-01-18 21:03:13:313 [32minfo[39m: [32mRequest POST /forgotPassword 500 - 3.28ms[39m
2025-01-18 21:04:20:420 [31merror[39m: [31mReferenceError: ForgotPasswordCommand is not defined[39m
[31m    at CognitoModel.forgotPassword (file:///home/shafi/Desktop/Personal_Desktop/Projects/RekogAI/rekogai-backend/src/models/CognitoModel.js:197:21)[39m
[31m    at file:///home/shafi/Desktop/Personal_Desktop/Projects/RekogAI/rekogai-backend/src/controllers/userController/index.js:33:50[39m
[31m    at file:///home/shafi/Desktop/Personal_Desktop/Projects/RekogAI/rekogai-backend/src/middlewares/index.js:11:19[39m
[31m    at Layer.handle [as handle_request] (/home/shafi/Desktop/Personal_Desktop/Projects/RekogAI/rekogai-backend/node_modules/express/lib/router/layer.js:95:5)[39m
[31m    at next (/home/shafi/Desktop/Personal_Desktop/Projects/RekogAI/rekogai-backend/node_modules/express/lib/router/route.js:137:13)[39m
[31m    at Route.dispatch (/home/shafi/Desktop/Personal_Desktop/Projects/RekogAI/rekogai-backend/node_modules/express/lib/router/route.js:112:3)[39m
[31m    at Layer.handle [as handle_request] (/home/shafi/Desktop/Personal_Desktop/Projects/RekogAI/rekogai-backend/node_modules/express/lib/router/layer.js:95:5)[39m
[31m    at /home/shafi/Desktop/Personal_Desktop/Projects/RekogAI/rekogai-backend/node_modules/express/lib/router/index.js:281:22[39m
[31m    at Function.process_params (/home/shafi/Desktop/Personal_Desktop/Projects/RekogAI/rekogai-backend/node_modules/express/lib/router/index.js:335:12)[39m
[31m    at next (/home/shafi/Desktop/Personal_Desktop/Projects/RekogAI/rekogai-backend/node_modules/express/lib/router/index.js:275:10)[39m
2025-01-18 21:04:20:420 [32minfo[39m: [32mRequest POST /forgotPassword 500 - 5.67ms[39m
2025-01-18 21:08:07:87 [32minfo[39m: [32mPassword reset initiated for user: jayesh.adwani@pensionbox.in[39m
2025-01-18 21:08:07:87 [32minfo[39m: [32mRequest POST /forgotPassword 200 - 377.30ms[39m
2025-01-18 21:10:09:109 [31merror[39m: [31mReferenceError: ConfirmForgotPasswordCommand is not defined[39m
[31m    at CognitoModel.confirmForgotPassword (file:///home/shafi/Desktop/Personal_Desktop/Projects/RekogAI/rekogai-backend/src/models/CognitoModel.js:224:21)[39m
[31m    at file:///home/shafi/Desktop/Personal_Desktop/Projects/RekogAI/rekogai-backend/src/controllers/userController/index.js:38:50[39m
[31m    at file:///home/shafi/Desktop/Personal_Desktop/Projects/RekogAI/rekogai-backend/src/middlewares/index.js:11:19[39m
[31m    at Layer.handle [as handle_request] (/home/shafi/Desktop/Personal_Desktop/Projects/RekogAI/rekogai-backend/node_modules/express/lib/router/layer.js:95:5)[39m
[31m    at next (/home/shafi/Desktop/Personal_Desktop/Projects/RekogAI/rekogai-backend/node_modules/express/lib/router/route.js:137:13)[39m
[31m    at Route.dispatch (/home/shafi/Desktop/Personal_Desktop/Projects/RekogAI/rekogai-backend/node_modules/express/lib/router/route.js:112:3)[39m
[31m    at Layer.handle [as handle_request] (/home/shafi/Desktop/Personal_Desktop/Projects/RekogAI/rekogai-backend/node_modules/express/lib/router/layer.js:95:5)[39m
[31m    at /home/shafi/Desktop/Personal_Desktop/Projects/RekogAI/rekogai-backend/node_modules/express/lib/router/index.js:281:22[39m
[31m    at Function.process_params (/home/shafi/Desktop/Personal_Desktop/Projects/RekogAI/rekogai-backend/node_modules/express/lib/router/index.js:335:12)[39m
[31m    at next (/home/shafi/Desktop/Personal_Desktop/Projects/RekogAI/rekogai-backend/node_modules/express/lib/router/index.js:275:10)[39m
2025-01-18 21:10:09:109 [32minfo[39m: [32mRequest POST /confirmForgotPassword 500 - 4.51ms[39m
2025-01-18 21:10:35:1035 [32minfo[39m: [32mPassword reset confirmed successfully[39m
2025-01-18 21:10:35:1035 [32minfo[39m: [32mRequest POST /confirmForgotPassword 200 - 649.06ms[39m
2025-01-18 21:26:26:2626 [31merror[39m: [31mNotFoundError: Not Found[39m
[31m    at file:///home/shafi/Desktop/Personal_Desktop/Projects/RekogAI/rekogai-backend/app.js:28:8[39m
[31m    at Layer.handle [as handle_request] (/home/shafi/Desktop/Personal_Desktop/Projects/RekogAI/rekogai-backend/node_modules/express/lib/router/layer.js:95:5)[39m
[31m    at trim_prefix (/home/shafi/Desktop/Personal_Desktop/Projects/RekogAI/rekogai-backend/node_modules/express/lib/router/index.js:317:13)[39m
[31m    at /home/shafi/Desktop/Personal_Desktop/Projects/RekogAI/rekogai-backend/node_modules/express/lib/router/index.js:284:7[39m
[31m    at Function.process_params (/home/shafi/Desktop/Personal_Desktop/Projects/RekogAI/rekogai-backend/node_modules/express/lib/router/index.js:335:12)[39m
[31m    at next (/home/shafi/Desktop/Personal_Desktop/Projects/RekogAI/rekogai-backend/node_modules/express/lib/router/index.js:275:10)[39m
[31m    at /home/shafi/Desktop/Personal_Desktop/Projects/RekogAI/rekogai-backend/node_modules/express/lib/router/index.js:635:15[39m
[31m    at next (/home/shafi/Desktop/Personal_Desktop/Projects/RekogAI/rekogai-backend/node_modules/express/lib/router/index.js:260:14)[39m
[31m    at jsonParser (/home/shafi/Desktop/Personal_Desktop/Projects/RekogAI/rekogai-backend/node_modules/body-parser/lib/types/json.js:104:7)[39m
[31m    at Layer.handle [as handle_request] (/home/shafi/Desktop/Personal_Desktop/Projects/RekogAI/rekogai-backend/node_modules/express/lib/router/layer.js:95:5)[39m
2025-01-18 21:26:26:2626 [32minfo[39m: [32mRequest POST /refreshSession 404 - 5.72ms[39m
2025-01-18 21:26:42:2642 [32minfo[39m: [32mSession refreshed successfully:[39m
2025-01-18 21:26:42:2642 [32minfo[39m: [32mRequest POST /refreshSession 200 - 412.63ms[39m
2025-01-19 10:28:53:2853 [31merror[39m: [31mError during sign-in:[39m
2025-01-19 10:28:53:2853 [31merror[39m: [31mNotAuthorizedException: Incorrect username or password.[39m
[31m    at de_NotAuthorizedExceptionRes (/home/shafi/Desktop/Personal_Desktop/Projects/RekogAI/rekogai-backend/node_modules/@aws-sdk/client-cognito-identity-provider/dist-cjs/index.js:4700:21)[39m
[31m    at de_CommandError (/home/shafi/Desktop/Personal_Desktop/Projects/RekogAI/rekogai-backend/node_modules/@aws-sdk/client-cognito-identity-provider/dist-cjs/index.js:4342:19)[39m
[31m    at process.processTicksAndRejections (node:internal/process/task_queues:95:5)[39m
[31m    at async /home/shafi/Desktop/Personal_Desktop/Projects/RekogAI/rekogai-backend/node_modules/@smithy/middleware-serde/dist-cjs/index.js:35:20[39m
[31m    at async /home/shafi/Desktop/Personal_Desktop/Projects/RekogAI/rekogai-backend/node_modules/@smithy/core/dist-cjs/index.js:167:18[39m
[31m    at async /home/shafi/Desktop/Personal_Desktop/Projects/RekogAI/rekogai-backend/node_modules/@smithy/middleware-retry/dist-cjs/index.js:321:38[39m
[31m    at async /home/shafi/Desktop/Personal_Desktop/Projects/RekogAI/rekogai-backend/node_modules/@aws-sdk/client-cognito-identity-provider/node_modules/@aws-sdk/middleware-logger/dist-cjs/index.js:33:22[39m
[31m    at async CognitoModel.signIn (file:///home/shafi/Desktop/Personal_Desktop/Projects/RekogAI/rekogai-backend/src/models/CognitoModel.js:104:24)[39m
[31m    at async file:///home/shafi/Desktop/Personal_Desktop/Projects/RekogAI/rekogai-backend/src/controllers/userController/index.js:23:23[39m
2025-01-19 10:28:53:2853 [32minfo[39m: [32mRequest POST /signin 500 - 532.62ms[39m
2025-01-19 10:29:00:290 [32minfo[39m: [32mSign-in successful:[39m
2025-01-19 10:29:00:290 [32minfo[39m: [32mRequest POST /signin 200 - 363.60ms[39m
2025-01-19 10:29:18:2918 [32minfo[39m: [32mSession refreshed successfully:[39m
2025-01-19 10:29:18:2918 [32minfo[39m: [32mRequest POST /refreshSession 200 - 294.49ms[39m
2025-01-19 11:59:57:5957 [32minfo[39m: [32mSession refreshed successfully:[39m
2025-01-19 11:59:57:5957 [32minfo[39m: [32mRequest POST /refreshSession 200 - 631.14ms[39m
2025-01-19 12:00:36:036 [32minfo[39m: [32mRequest POST /refreshSession 403 - 2.39ms[39m
2025-01-19 12:00:43:043 [32minfo[39m: [32mSession refreshed successfully:[39m
2025-01-19 12:00:43:043 [32minfo[39m: [32mRequest POST /refreshSession 200 - 288.50ms[39m
2025-01-19 12:51:26:5126 [32minfo[39m: [32mRequest POST /createBucket 403 - 6.31ms[39m
2025-01-19 12:51:44:5144 [32minfo[39m: [32mSign-in successful:[39m
2025-01-19 12:51:44:5144 [32minfo[39m: [32mRequest POST /signin 200 - 720.30ms[39m
2025-01-19 12:53:13:5313 [32minfo[39m: [32mBuckets table created successfully.[39m
2025-01-19 12:53:13:5313 [32minfo[39m: [32mRequest POST /createBucket 200 - 442.60ms[39m
2025-01-19 12:56:52:5652 [32minfo[39m: [32mUsers table created successfully.[39m
2025-01-19 12:56:52:5652 [32minfo[39m: [32mRequest POST /createBucket 200 - 359.75ms[39m
2025-01-19 12:57:40:5740 [32minfo[39m: [32mPhotos table created successfully.[39m
2025-01-19 12:57:40:5740 [32minfo[39m: [32mRequest POST /createBucket 200 - 314.20ms[39m
2025-01-19 13:08:20:820 [31merror[39m: [31mError creating Users table:[39m
2025-01-19 13:08:20:820 [31merror[39m: [31mError initializing tables:[39m
2025-01-19 13:08:20:820 [31merror[39m: [31mResourceInUseException: Table already exists: Users[39m
[31m    at de_ResourceInUseExceptionRes (/home/shafi/Desktop/Personal_Desktop/Projects/RekogAI/rekogai-backend/node_modules/@aws-sdk/client-dynamodb/dist-cjs/index.js:2552:21)[39m
[31m    at de_CommandError (/home/shafi/Desktop/Personal_Desktop/Projects/RekogAI/rekogai-backend/node_modules/@aws-sdk/client-dynamodb/dist-cjs/index.js:2242:19)[39m
[31m    at process.processTicksAndRejections (node:internal/process/task_queues:95:5)[39m
[31m    at async /home/shafi/Desktop/Personal_Desktop/Projects/RekogAI/rekogai-backend/node_modules/@smithy/middleware-serde/dist-cjs/index.js:35:20[39m
[31m    at async /home/shafi/Desktop/Personal_Desktop/Projects/RekogAI/rekogai-backend/node_modules/@smithy/core/dist-cjs/index.js:167:18[39m
[31m    at async /home/shafi/Desktop/Personal_Desktop/Projects/RekogAI/rekogai-backend/node_modules/@smithy/middleware-retry/dist-cjs/index.js:321:38[39m
[31m    at async /home/shafi/Desktop/Personal_Desktop/Projects/RekogAI/rekogai-backend/node_modules/@aws-sdk/client-dynamodb/node_modules/@aws-sdk/middleware-logger/dist-cjs/index.js:33:22[39m
[31m    at async DynamoDBModel.createUsersTable (file:///home/shafi/Desktop/Personal_Desktop/Projects/RekogAI/rekogai-backend/src/models/DynamoDBModel.js:32:22)[39m
[31m    at async DynamoDBModel.initializeTables (file:///home/shafi/Desktop/Personal_Desktop/Projects/RekogAI/rekogai-backend/src/models/DynamoDBModel.js:108:7)[39m
[31m    at async file:///home/shafi/Desktop/Personal_Desktop/Projects/RekogAI/rekogai-backend/src/controllers/userController/index.js:11:23[39m
2025-01-19 13:08:20:820 [32minfo[39m: [32mRequest POST /createBucket 500 - 358.03ms[39m
2025-01-19 13:44:02:442 [31merror[39m: [31mError during sign-up:[39m
2025-01-19 13:44:02:442 [31merror[39m: [31mUsernameExistsException: User already exists[39m
[31m    at de_UsernameExistsExceptionRes (/home/shafi/Desktop/Personal_Desktop/Projects/RekogAI/rekogai-backend/node_modules/@aws-sdk/client-cognito-identity-provider/dist-cjs/index.js:4862:21)[39m
[31m    at de_CommandError (/home/shafi/Desktop/Personal_Desktop/Projects/RekogAI/rekogai-backend/node_modules/@aws-sdk/client-cognito-identity-provider/dist-cjs/index.js:4390:19)[39m
[31m    at process.processTicksAndRejections (node:internal/process/task_queues:95:5)[39m
[31m    at async /home/shafi/Desktop/Personal_Desktop/Projects/RekogAI/rekogai-backend/node_modules/@smithy/middleware-serde/dist-cjs/index.js:35:20[39m
[31m    at async /home/shafi/Desktop/Personal_Desktop/Projects/RekogAI/rekogai-backend/node_modules/@smithy/core/dist-cjs/index.js:167:18[39m
[31m    at async /home/shafi/Desktop/Personal_Desktop/Projects/RekogAI/rekogai-backend/node_modules/@smithy/middleware-retry/dist-cjs/index.js:321:38[39m
[31m    at async /home/shafi/Desktop/Personal_Desktop/Projects/RekogAI/rekogai-backend/node_modules/@aws-sdk/client-cognito-identity-provider/node_modules/@aws-sdk/middleware-logger/dist-cjs/index.js:33:22[39m
[31m    at async CognitoModel.signUp (file:///home/shafi/Desktop/Personal_Desktop/Projects/RekogAI/rekogai-backend/src/models/CognitoModel.js:54:24)[39m
[31m    at async file:///home/shafi/Desktop/Personal_Desktop/Projects/RekogAI/rekogai-backend/src/controllers/userController/index.js:16:23[39m
2025-01-19 13:44:02:442 [32minfo[39m: [32mRequest POST /signup 500 - 635.32ms[39m
2025-01-19 13:45:04:454 [32minfo[39m: [32mSign-up successful:[39m
2025-01-19 13:45:04:454 [32minfo[39m: [32mRequest POST /signup 200 - 510.64ms[39m
2025-01-19 13:47:08:478 [31merror[39m: [31mError during sign-up:[39m
2025-01-19 13:47:08:478 [31merror[39m: [31mUsernameExistsException: User already exists[39m
[31m    at de_UsernameExistsExceptionRes (/home/shafi/Desktop/Personal_Desktop/Projects/RekogAI/rekogai-backend/node_modules/@aws-sdk/client-cognito-identity-provider/dist-cjs/index.js:4862:21)[39m
[31m    at de_CommandError (/home/shafi/Desktop/Personal_Desktop/Projects/RekogAI/rekogai-backend/node_modules/@aws-sdk/client-cognito-identity-provider/dist-cjs/index.js:4390:19)[39m
[31m    at process.processTicksAndRejections (node:internal/process/task_queues:95:5)[39m
[31m    at async /home/shafi/Desktop/Personal_Desktop/Projects/RekogAI/rekogai-backend/node_modules/@smithy/middleware-serde/dist-cjs/index.js:35:20[39m
[31m    at async /home/shafi/Desktop/Personal_Desktop/Projects/RekogAI/rekogai-backend/node_modules/@smithy/core/dist-cjs/index.js:167:18[39m
[31m    at async /home/shafi/Desktop/Personal_Desktop/Projects/RekogAI/rekogai-backend/node_modules/@smithy/middleware-retry/dist-cjs/index.js:321:38[39m
[31m    at async /home/shafi/Desktop/Personal_Desktop/Projects/RekogAI/rekogai-backend/node_modules/@aws-sdk/client-cognito-identity-provider/node_modules/@aws-sdk/middleware-logger/dist-cjs/index.js:33:22[39m
[31m    at async CognitoModel.signUp (file:///home/shafi/Desktop/Personal_Desktop/Projects/RekogAI/rekogai-backend/src/models/CognitoModel.js:54:24)[39m
[31m    at async file:///home/shafi/Desktop/Personal_Desktop/Projects/RekogAI/rekogai-backend/src/controllers/userController/index.js:16:23[39m
2025-01-19 13:47:08:478 [32minfo[39m: [32mRequest POST /signup 500 - 431.46ms[39m
2025-01-19 13:47:16:4716 [32minfo[39m: [32mSign-up successful:[39m
2025-01-19 13:47:16:4716 [32minfo[39m: [32mRequest POST /signup 200 - 492.76ms[39m
2025-01-19 13:47:16:4716 [31merror[39m: [31mError during sign-up:[39m
2025-01-19 13:47:16:4716 [31merror[39m: [31mUsernameExistsException: User already exists[39m
[31m    at de_UsernameExistsExceptionRes (/home/shafi/Desktop/Personal_Desktop/Projects/RekogAI/rekogai-backend/node_modules/@aws-sdk/client-cognito-identity-provider/dist-cjs/index.js:4862:21)[39m
[31m    at de_CommandError (/home/shafi/Desktop/Personal_Desktop/Projects/RekogAI/rekogai-backend/node_modules/@aws-sdk/client-cognito-identity-provider/dist-cjs/index.js:4390:19)[39m
[31m    at process.processTicksAndRejections (node:internal/process/task_queues:95:5)[39m
[31m    at async /home/shafi/Desktop/Personal_Desktop/Projects/RekogAI/rekogai-backend/node_modules/@smithy/middleware-serde/dist-cjs/index.js:35:20[39m
[31m    at async /home/shafi/Desktop/Personal_Desktop/Projects/RekogAI/rekogai-backend/node_modules/@smithy/core/dist-cjs/index.js:167:18[39m
[31m    at async /home/shafi/Desktop/Personal_Desktop/Projects/RekogAI/rekogai-backend/node_modules/@smithy/middleware-retry/dist-cjs/index.js:321:38[39m
[31m    at async /home/shafi/Desktop/Personal_Desktop/Projects/RekogAI/rekogai-backend/node_modules/@aws-sdk/client-cognito-identity-provider/node_modules/@aws-sdk/middleware-logger/dist-cjs/index.js:33:22[39m
[31m    at async CognitoModel.signUp (file:///home/shafi/Desktop/Personal_Desktop/Projects/RekogAI/rekogai-backend/src/models/CognitoModel.js:54:24)[39m
[31m    at async file:///home/shafi/Desktop/Personal_Desktop/Projects/RekogAI/rekogai-backend/src/controllers/userController/index.js:16:23[39m
2025-01-19 13:47:16:4716 [32minfo[39m: [32mRequest POST /signup 500 - 398.90ms[39m
2025-01-19 13:47:24:4724 [32minfo[39m: [32mSign-up successful:[39m
2025-01-19 13:47:24:4724 [32minfo[39m: [32mRequest POST /signup 200 - 466.32ms[39m
2025-01-19 13:49:10:4910 [32minfo[39m: [32mSign-up successful:[39m
2025-01-19 13:49:10:4910 [32minfo[39m: [32mRequest POST /signup 200 - 668.92ms[39m
2025-01-19 13:50:02:502 [32minfo[39m: [32mSign-up successful:[39m
2025-01-19 13:50:02:502 [32minfo[39m: [32mRequest POST /signup 200 - 653.23ms[39m
2025-01-19 13:57:28:5728 [32minfo[39m: [32mSign-up successful:[39m
2025-01-19 13:57:28:5728 [31merror[39m: [31mError during sign-up:[39m
2025-01-19 13:57:28:5728 [31merror[39m: [31mReferenceError: result is not defined[39m
[31m    at CognitoModel.signUp (file:///home/shafi/Desktop/Personal_Desktop/Projects/RekogAI/rekogai-backend/src/models/CognitoModel.js:58:7)[39m
[31m    at process.processTicksAndRejections (node:internal/process/task_queues:95:5)[39m
[31m    at async file:///home/shafi/Desktop/Personal_Desktop/Projects/RekogAI/rekogai-backend/src/controllers/userController/index.js:16:23[39m
2025-01-19 13:57:28:5728 [32minfo[39m: [32mRequest POST /signup 500 - 635.80ms[39m
2025-01-19 13:58:28:5828 [32minfo[39m: [32mSign-up successful:[39m
2025-01-19 13:58:28:5828 [32minfo[39m: [32mRequest POST /signup 200 - 585.72ms[39m
2025-01-19 14:00:23:023 [32minfo[39m: [32mUser confirmed successfully[39m
2025-01-19 14:00:24:024 [32minfo[39m: [32mUser created successfully:[39m
2025-01-19 14:00:24:024 [32minfo[39m: [32mRequest POST /verify 200 - 562.59ms[39m
2025-01-19 14:12:09:129 [31merror[39m: [31mError during confirmation:[39m
2025-01-19 14:12:09:129 [31merror[39m: [31mExpiredCodeException: Invalid code provided, please request a code again.[39m
[31m    at de_ExpiredCodeExceptionRes (/home/shafi/Desktop/Personal_Desktop/Projects/RekogAI/rekogai-backend/node_modules/@aws-sdk/client-cognito-identity-provider/dist-cjs/index.js:4556:21)[39m
[31m    at de_CommandError (/home/shafi/Desktop/Personal_Desktop/Projects/RekogAI/rekogai-backend/node_modules/@aws-sdk/client-cognito-identity-provider/dist-cjs/index.js:4417:19)[39m
[31m    at process.processTicksAndRejections (node:internal/process/task_queues:95:5)[39m
[31m    at async /home/shafi/Desktop/Personal_Desktop/Projects/RekogAI/rekogai-backend/node_modules/@smithy/middleware-serde/dist-cjs/index.js:35:20[39m
[31m    at async /home/shafi/Desktop/Personal_Desktop/Projects/RekogAI/rekogai-backend/node_modules/@smithy/core/dist-cjs/index.js:167:18[39m
[31m    at async /home/shafi/Desktop/Personal_Desktop/Projects/RekogAI/rekogai-backend/node_modules/@smithy/middleware-retry/dist-cjs/index.js:321:38[39m
[31m    at async /home/shafi/Desktop/Personal_Desktop/Projects/RekogAI/rekogai-backend/node_modules/@aws-sdk/client-cognito-identity-provider/node_modules/@aws-sdk/middleware-logger/dist-cjs/index.js:33:22[39m
[31m    at async CognitoModel.confirmSignUp (file:///home/shafi/Desktop/Personal_Desktop/Projects/RekogAI/rekogai-backend/src/models/CognitoModel.js:78:37)[39m
[31m    at async file:///home/shafi/Desktop/Personal_Desktop/Projects/RekogAI/rekogai-backend/src/controllers/userController/index.js:21:23[39m
2025-01-19 14:12:09:129 [32minfo[39m: [32mRequest POST /verify 500 - 242.11ms[39m
2025-01-19 14:12:25:1225 [32minfo[39m: [32mSign-up successful:[39m
2025-01-19 14:12:25:1225 [32minfo[39m: [32mRequest POST /signup 200 - 452.32ms[39m
2025-01-19 14:12:56:1256 [32minfo[39m: [32mUser confirmed successfully[39m
2025-01-19 14:12:56:1256 [32minfo[39m: [32mUser created successfully:[39m
2025-01-19 14:12:56:1256 [32minfo[39m: [32mRequest POST /verify 200 - 361.50ms[39m
2025-01-19 14:13:42:1342 [32minfo[39m: [32mSign-in successful:[39m
2025-01-19 14:13:42:1342 [32minfo[39m: [32mRequest POST /signin 200 - 404.82ms[39m
2025-01-19 14:17:15:1715 [32minfo[39m: [32mSign-up successful:[39m
2025-01-19 14:17:15:1715 [32minfo[39m: [32mRequest POST /signup 200 - 663.29ms[39m
2025-01-19 14:17:40:1740 [32minfo[39m: [32mUser confirmed successfully[39m
2025-01-19 14:17:40:1740 [32minfo[39m: [32mUser created successfully:[39m
2025-01-19 14:17:40:1740 [32minfo[39m: [32mRequest POST /verify 200 - 442.83ms[39m
2025-01-20 08:58:20:5820 [32minfo[39m: [32mRequest POST /createBucket 403 - 7.19ms[39m
2025-01-20 08:58:47:5847 [32minfo[39m: [32mUsers table with GSI created successfully.[39m
2025-01-20 08:58:47:5847 [32minfo[39m: [32mAll tables initialized successfully.[39m
2025-01-20 08:58:47:5847 [32minfo[39m: [32mRequest POST /createBucket 200 - 206.74ms[39m
2025-01-20 09:03:37:337 [31merror[39m: [31mError during sign-up:[39m
2025-01-20 09:03:37:337 [31merror[39m: [31mUsernameExistsException: User already exists[39m
[31m    at de_UsernameExistsExceptionRes (/home/shafi/Desktop/Personal_Desktop/Projects/RekogAI/rekogai-backend/node_modules/@aws-sdk/client-cognito-identity-provider/dist-cjs/index.js:4862:21)[39m
[31m    at de_CommandError (/home/shafi/Desktop/Personal_Desktop/Projects/RekogAI/rekogai-backend/node_modules/@aws-sdk/client-cognito-identity-provider/dist-cjs/index.js:4390:19)[39m
[31m    at process.processTicksAndRejections (node:internal/process/task_queues:95:5)[39m
[31m    at async /home/shafi/Desktop/Personal_Desktop/Projects/RekogAI/rekogai-backend/node_modules/@smithy/middleware-serde/dist-cjs/index.js:35:20[39m
[31m    at async /home/shafi/Desktop/Personal_Desktop/Projects/RekogAI/rekogai-backend/node_modules/@smithy/core/dist-cjs/index.js:167:18[39m
[31m    at async /home/shafi/Desktop/Personal_Desktop/Projects/RekogAI/rekogai-backend/node_modules/@smithy/middleware-retry/dist-cjs/index.js:321:38[39m
[31m    at async /home/shafi/Desktop/Personal_Desktop/Projects/RekogAI/rekogai-backend/node_modules/@aws-sdk/client-cognito-identity-provider/node_modules/@aws-sdk/middleware-logger/dist-cjs/index.js:33:22[39m
[31m    at async CognitoModel.signUp (file:///home/shafi/Desktop/Personal_Desktop/Projects/RekogAI/rekogai-backend/src/models/CognitoModel.js:56:24)[39m
[31m    at async file:///home/shafi/Desktop/Personal_Desktop/Projects/RekogAI/rekogai-backend/src/controllers/userController/index.js:16:23[39m
2025-01-20 09:03:37:337 [32minfo[39m: [32mRequest POST /signup 500 - 753.19ms[39m
2025-01-20 09:03:54:354 [32minfo[39m: [32mSign-up successful:[39m
2025-01-20 09:03:54:354 [32minfo[39m: [32mRequest POST /signup 200 - 405.81ms[39m
2025-01-20 09:04:18:418 [32minfo[39m: [32mUser confirmed successfully[39m
2025-01-20 09:04:18:418 [32minfo[39m: [32mUser created successfully:[39m
2025-01-20 09:04:18:418 [32minfo[39m: [32mRequest POST /verify 200 - 372.03ms[39m
2025-01-20 09:04:40:440 [32minfo[39m: [32mSign-in successful:[39m
2025-01-20 09:04:40:440 [31merror[39m: [31mReferenceError: QueryCommand is not defined[39m
[31m    at UserModel.getUserByUsername (file:///home/shafi/Desktop/Personal_Desktop/Projects/RekogAI/rekogai-backend/src/models/UserModel.js:107:21)[39m
[31m    at CognitoModel.signIn (file:///home/shafi/Desktop/Personal_Desktop/Projects/RekogAI/rekogai-backend/src/models/CognitoModel.js:110:42)[39m
[31m    at process.processTicksAndRejections (node:internal/process/task_queues:95:5)[39m
[31m    at async file:///home/shafi/Desktop/Personal_Desktop/Projects/RekogAI/rekogai-backend/src/controllers/userController/index.js:26:23[39m
2025-01-20 09:04:40:440 [32minfo[39m: [32mRequest POST /signin 500 - 380.06ms[39m
2025-01-20 09:05:07:57 [32minfo[39m: [32mSign-in successful:[39m
2025-01-20 09:05:07:57 [32minfo[39m: [32mUser fetched successfully by email:[39m
2025-01-20 09:05:07:57 [31merror[39m: [31mError fetching user by email:[39m
2025-01-20 09:05:07:57 [31merror[39m: [31mReferenceError: AWS is not defined[39m
[31m    at UserModel.getUserByUsername (file:///home/shafi/Desktop/Personal_Desktop/Projects/RekogAI/rekogai-backend/src/models/UserModel.js:114:11)[39m
[31m    at process.processTicksAndRejections (node:internal/process/task_queues:95:5)[39m
[31m    at async file:///home/shafi/Desktop/Personal_Desktop/Projects/RekogAI/rekogai-backend/src/controllers/userController/index.js:26:23[39m
2025-01-20 09:05:07:57 [32minfo[39m: [32mRequest POST /signin 500 - 603.12ms[39m
2025-01-20 09:05:49:549 [32minfo[39m: [32mSign-in successful:[39m
2025-01-20 09:05:49:549 [32minfo[39m: [32mUser fetched successfully by email:[39m
2025-01-20 09:05:49:549 [32minfo[39m: [32mRequest POST /signin 200 - 531.83ms[39m
2025-01-20 09:10:06:106 [32minfo[39m: [32mSign-up successful:[39m
2025-01-20 09:10:06:106 [32minfo[39m: [32mRequest POST /signup 200 - 598.65ms[39m
2025-01-20 09:10:27:1027 [31merror[39m: [31mError during confirmation:[39m
2025-01-20 09:10:27:1027 [31merror[39m: [31mExpiredCodeException: Invalid code provided, please request a code again.[39m
[31m    at de_ExpiredCodeExceptionRes (/home/shafi/Desktop/Personal_Desktop/Projects/RekogAI/rekogai-backend/node_modules/@aws-sdk/client-cognito-identity-provider/dist-cjs/index.js:4556:21)[39m
[31m    at de_CommandError (/home/shafi/Desktop/Personal_Desktop/Projects/RekogAI/rekogai-backend/node_modules/@aws-sdk/client-cognito-identity-provider/dist-cjs/index.js:4417:19)[39m
[31m    at process.processTicksAndRejections (node:internal/process/task_queues:95:5)[39m
[31m    at async /home/shafi/Desktop/Personal_Desktop/Projects/RekogAI/rekogai-backend/node_modules/@smithy/middleware-serde/dist-cjs/index.js:35:20[39m
[31m    at async /home/shafi/Desktop/Personal_Desktop/Projects/RekogAI/rekogai-backend/node_modules/@smithy/core/dist-cjs/index.js:167:18[39m
[31m    at async /home/shafi/Desktop/Personal_Desktop/Projects/RekogAI/rekogai-backend/node_modules/@smithy/middleware-retry/dist-cjs/index.js:321:38[39m
[31m    at async /home/shafi/Desktop/Personal_Desktop/Projects/RekogAI/rekogai-backend/node_modules/@aws-sdk/client-cognito-identity-provider/node_modules/@aws-sdk/middleware-logger/dist-cjs/index.js:33:22[39m
[31m    at async CognitoModel.confirmSignUp (file:///home/shafi/Desktop/Personal_Desktop/Projects/RekogAI/rekogai-backend/src/models/CognitoModel.js:80:37)[39m
[31m    at async file:///home/shafi/Desktop/Personal_Desktop/Projects/RekogAI/rekogai-backend/src/controllers/userController/index.js:21:23[39m
2025-01-20 09:10:27:1027 [32minfo[39m: [32mRequest POST /verify 500 - 115.35ms[39m
2025-01-20 09:10:33:1033 [32minfo[39m: [32mUser confirmed successfully[39m
2025-01-20 09:10:33:1033 [32minfo[39m: [32mUser created successfully:[39m
2025-01-20 09:10:34:1034 [32minfo[39m: [32mSign-in successful:[39m
2025-01-20 09:10:34:1034 [32minfo[39m: [32mUser fetched successfully by email:[39m
2025-01-20 09:10:34:1034 [32minfo[39m: [32mRequest POST /verify 200 - 784.60ms[39m
2025-01-20 09:16:59:1659 [32minfo[39m: [32mRequest POST /createBucket 403 - 3.94ms[39m
2025-01-20 09:18:43:1843 [32minfo[39m: [32mSign-in successful:[39m
2025-01-20 09:18:43:1843 [32minfo[39m: [32mRequest POST /signin 200 - 513.09ms[39m
2025-01-20 09:18:43:1843 [32minfo[39m: [32mUser fetched successfully by email:[39m
2025-01-20 09:19:05:195 [32minfo[39m: [32mSign-in successful:[39m
2025-01-20 09:19:05:195 [32minfo[39m: [32mUser fetched successfully by email:[39m
2025-01-20 09:19:05:195 [32minfo[39m: [32mRequest POST /signin 200 - 635.11ms[39m
2025-01-20 09:20:10:2010 [32minfo[39m: [32mSign-in successful:[39m
2025-01-20 09:20:11:2011 [32minfo[39m: [32mUser fetched successfully by email:[39m
2025-01-20 09:20:11:2011 [32minfo[39m: [32mRequest POST /signin 200 - 645.15ms[39m
2025-01-20 09:21:04:214 [32minfo[39m: [32mSign-in successful:[39m
2025-01-20 09:21:04:214 [32minfo[39m: [32mUser fetched successfully by email:[39m
2025-01-20 09:21:04:214 [32minfo[39m: [32mRequest POST /signin 200 - 667.47ms[39m
2025-01-20 09:21:55:2155 [32minfo[39m: [32mS3Model  createBucket  Location[39m
2025-01-20 09:21:55:2155 [32minfo[39m: [32mBucket created successfully with location: http://jayesh-personal-bucket.s3.amazonaws.com/[39m
2025-01-20 09:21:55:2155 [31merror[39m: [31mError creating bucket:[39m
2025-01-20 09:21:55:2155 [31merror[39m: [31mReferenceError: PutItemCommand is not defined[39m
[31m    at DynamoDBModel.createBucket (file:///home/shafi/Desktop/Personal_Desktop/Projects/RekogAI/rekogai-backend/src/models/DynamoDBModel.js:159:51)[39m
[31m    at process.processTicksAndRejections (node:internal/process/task_queues:95:5)[39m
[31m    at async file:///home/shafi/Desktop/Personal_Desktop/Projects/RekogAI/rekogai-backend/src/controllers/userController/index.js:11:23[39m
2025-01-20 09:21:55:2155 [32minfo[39m: [32mRequest POST /createBucket 500 - 1330.84ms[39m
2025-01-20 09:22:22:2222 [32minfo[39m: [32mS3Model  createBucket  error Your previous request to create the named bucket succeeded and you already own it.[39m
2025-01-20 09:22:22:2222 [31merror[39m: [31mThe bucket "jayesh-personal-bucket" already exists in this AWS account.[39m
2025-01-20 09:22:22:2222 [31merror[39m: [31mError creating bucket:[39m
2025-01-20 09:22:22:2222 [31merror[39m: [31mBucketAlreadyOwnedByYou: Your previous request to create the named bucket succeeded and you already own it.[39m
[31m    at de_BucketAlreadyOwnedByYouRes (/home/shafi/Desktop/Personal_Desktop/Projects/RekogAI/rekogai-backend/node_modules/@aws-sdk/client-s3/dist-cjs/index.js:4955:21)[39m
[31m    at de_CommandError (/home/shafi/Desktop/Personal_Desktop/Projects/RekogAI/rekogai-backend/node_modules/@aws-sdk/client-s3/dist-cjs/index.js:4905:19)[39m
[31m    at process.processTicksAndRejections (node:internal/process/task_queues:95:5)[39m
[31m    at async /home/shafi/Desktop/Personal_Desktop/Projects/RekogAI/rekogai-backend/node_modules/@smithy/middleware-serde/dist-cjs/index.js:35:20[39m
[31m    at async /home/shafi/Desktop/Personal_Desktop/Projects/RekogAI/rekogai-backend/node_modules/@aws-sdk/middleware-sdk-s3/dist-cjs/index.js:483:18[39m
[31m    at async /home/shafi/Desktop/Personal_Desktop/Projects/RekogAI/rekogai-backend/node_modules/@smithy/middleware-retry/dist-cjs/index.js:321:38[39m
[31m    at async /home/shafi/Desktop/Personal_Desktop/Projects/RekogAI/rekogai-backend/node_modules/@aws-sdk/middleware-sdk-s3/dist-cjs/index.js:109:22[39m
[31m    at async /home/shafi/Desktop/Personal_Desktop/Projects/RekogAI/rekogai-backend/node_modules/@aws-sdk/middleware-sdk-s3/dist-cjs/index.js:136:14[39m
[31m    at async /home/shafi/Desktop/Personal_Desktop/Projects/RekogAI/rekogai-backend/node_modules/@aws-sdk/middleware-logger/dist-cjs/index.js:33:22[39m
[31m    at async S3Model.createBucket (file:///home/shafi/Desktop/Personal_Desktop/Projects/RekogAI/rekogai-backend/src/models/S3Model.js:38:28)[39m
2025-01-20 09:22:22:2222 [32minfo[39m: [32mRequest POST /createBucket 500 - 782.99ms[39m
2025-01-20 09:22:34:2234 [32minfo[39m: [32mS3Model  createBucket  Location[39m
2025-01-20 09:22:34:2234 [32minfo[39m: [32mBucket created successfully with location: http://jayesh-personal-bucket-2.s3.amazonaws.com/[39m
2025-01-20 09:22:35:2235 [32minfo[39m: [32mBucket created successfully.[39m
2025-01-20 09:22:35:2235 [32minfo[39m: [32mRequest POST /createBucket 200 - 1983.20ms[39m
2025-01-20 09:24:01:241 [32minfo[39m: [32mS3Model  createBucket  Location[39m
2025-01-20 09:24:01:241 [32minfo[39m: [32mBucket created successfully with location: http://jayesh-personal-bucket-3.s3.amazonaws.com/[39m
2025-01-20 09:24:01:241 [32minfo[39m: [32mBucket created successfully.[39m
2025-01-20 09:24:01:241 [32minfo[39m: [32mRequest POST /createBucket 200 - 1192.49ms[39m
2025-01-20 09:32:50:3250 [32minfo[39m: [32mS3Model  createBucket  Location[39m
2025-01-20 09:32:50:3250 [32minfo[39m: [32mBucket created successfully with location: http://jayesh-personal-bucket-4.s3.amazonaws.com/[39m
2025-01-20 09:32:50:3250 [32minfo[39m: [32mBucket created successfully.[39m
2025-01-20 09:32:50:3250 [32minfo[39m: [32mRequest POST /createBucket 200 - 1523.75ms[39m
2025-01-20 10:11:26:1126 [32minfo[39m: [32mRequest GET /listBuckets 403 - 5.81ms[39m
2025-01-20 10:12:15:1215 [32minfo[39m: [32mBuckets:[39m
2025-01-20 10:12:15:1215 [32minfo[39m: [32mRequest GET /listBuckets 200 - 445.89ms[39m
2025-01-20 10:12:48:1248 [32minfo[39m: [32mBuckets:[39m
2025-01-20 10:12:48:1248 [32minfo[39m: [32mRequest GET /listBuckets 200 - 316.87ms[39m
2025-01-20 10:13:28:1328 [32minfo[39m: [32mBuckets:[39m
2025-01-20 10:13:28:1328 [32minfo[39m: [32mRequest GET /listBuckets 200 - 323.35ms[39m
2025-01-20 10:14:50:1450 [32minfo[39m: [32mBuckets:[39m
2025-01-20 10:14:50:1450 [32minfo[39m: [32mRequest GET /listBuckets 200 - 320.60ms[39m
2025-01-20 10:17:29:1729 [32minfo[39m: [32mBuckets:[39m
2025-01-20 10:17:29:1729 [32minfo[39m: [32mRequest GET /listBuckets 200 - 318.54ms[39m
2025-01-20 10:18:40:1840 [32minfo[39m: [32mBuckets:[39m
2025-01-20 10:18:40:1840 [32minfo[39m: [32mRequest GET /listBuckets 200 - 327.28ms[39m
