2025-01-18 10:54:09:549 [31merror[39m: [31mNotFoundError: Not Found[39m
[31m    at file:///home/shafi/Desktop/Personal_Desktop/Projects/RekogAI/rekogai-backend/app.js:28:8[39m
[31m    at Layer.handle [as handle_request] (/home/shafi/Desktop/Personal_Desktop/Projects/RekogAI/rekogai-backend/node_modules/express/lib/router/layer.js:95:5)[39m
[31m    at trim_prefix (/home/shafi/Desktop/Personal_Desktop/Projects/RekogAI/rekogai-backend/node_modules/express/lib/router/index.js:317:13)[39m
[31m    at /home/shafi/Desktop/Personal_Desktop/Projects/RekogAI/rekogai-backend/node_modules/express/lib/router/index.js:284:7[39m
[31m    at Function.process_params (/home/shafi/Desktop/Personal_Desktop/Projects/RekogAI/rekogai-backend/node_modules/express/lib/router/index.js:335:12)[39m
[31m    at next (/home/shafi/Desktop/Personal_Desktop/Projects/RekogAI/rekogai-backend/node_modules/express/lib/router/index.js:275:10)[39m
[31m    at /home/shafi/Desktop/Personal_Desktop/Projects/RekogAI/rekogai-backend/node_modules/express/lib/router/index.js:635:15[39m
[31m    at next (/home/shafi/Desktop/Personal_Desktop/Projects/RekogAI/rekogai-backend/node_modules/express/lib/router/index.js:260:14)[39m
[31m    at jsonParser (/home/shafi/Desktop/Personal_Desktop/Projects/RekogAI/rekogai-backend/node_modules/body-parser/lib/types/json.js:104:7)[39m
[31m    at Layer.handle [as handle_request] (/home/shafi/Desktop/Personal_Desktop/Projects/RekogAI/rekogai-backend/node_modules/express/lib/router/layer.js:95:5)[39m
2025-01-18 10:54:31:5431 [31merror[39m: [31mError during sign-up:[39m
2025-01-18 10:54:31:5431 [31merror[39m: [31mSerializationException: Start of structure or map found where not expected.[39m
[31m    at throwDefaultError (/home/shafi/Desktop/Personal_Desktop/Projects/RekogAI/rekogai-backend/node_modules/@smithy/smithy-client/dist-cjs/index.js:849:20)[39m
[31m    at /home/shafi/Desktop/Personal_Desktop/Projects/RekogAI/rekogai-backend/node_modules/@smithy/smithy-client/dist-cjs/index.js:858:5[39m
[31m    at de_CommandError (/home/shafi/Desktop/Personal_Desktop/Projects/RekogAI/rekogai-backend/node_modules/@aws-sdk/client-cognito-identity-provider/dist-cjs/index.js:4492:14)[39m
[31m    at process.processTicksAndRejections (node:internal/process/task_queues:95:5)[39m
[31m    at async /home/shafi/Desktop/Personal_Desktop/Projects/RekogAI/rekogai-backend/node_modules/@smithy/middleware-serde/dist-cjs/index.js:35:20[39m
[31m    at async /home/shafi/Desktop/Personal_Desktop/Projects/RekogAI/rekogai-backend/node_modules/@smithy/core/dist-cjs/index.js:167:18[39m
[31m    at async /home/shafi/Desktop/Personal_Desktop/Projects/RekogAI/rekogai-backend/node_modules/@smithy/middleware-retry/dist-cjs/index.js:321:38[39m
[31m    at async /home/shafi/Desktop/Personal_Desktop/Projects/RekogAI/rekogai-backend/node_modules/@aws-sdk/client-cognito-identity-provider/node_modules/@aws-sdk/middleware-logger/dist-cjs/index.js:33:22[39m
[31m    at async CognitoModel.signUp (file:///home/shafi/Desktop/Personal_Desktop/Projects/RekogAI/rekogai-backend/src/models/CognitoModel.js:51:24)[39m
[31m    at async file:///home/shafi/Desktop/Personal_Desktop/Projects/RekogAI/rekogai-backend/src/controllers/userController/index.js:18:22[39m
2025-01-18 10:55:23:5523 [31merror[39m: [31mError during sign-up:[39m
2025-01-18 10:55:23:5523 [31merror[39m: [31mSerializationException: Start of structure or map found where not expected.[39m
[31m    at throwDefaultError (/home/shafi/Desktop/Personal_Desktop/Projects/RekogAI/rekogai-backend/node_modules/@smithy/smithy-client/dist-cjs/index.js:849:20)[39m
[31m    at /home/shafi/Desktop/Personal_Desktop/Projects/RekogAI/rekogai-backend/node_modules/@smithy/smithy-client/dist-cjs/index.js:858:5[39m
[31m    at de_CommandError (/home/shafi/Desktop/Personal_Desktop/Projects/RekogAI/rekogai-backend/node_modules/@aws-sdk/client-cognito-identity-provider/dist-cjs/index.js:4492:14)[39m
[31m    at process.processTicksAndRejections (node:internal/process/task_queues:95:5)[39m
[31m    at async /home/shafi/Desktop/Personal_Desktop/Projects/RekogAI/rekogai-backend/node_modules/@smithy/middleware-serde/dist-cjs/index.js:35:20[39m
[31m    at async /home/shafi/Desktop/Personal_Desktop/Projects/RekogAI/rekogai-backend/node_modules/@smithy/core/dist-cjs/index.js:167:18[39m
[31m    at async /home/shafi/Desktop/Personal_Desktop/Projects/RekogAI/rekogai-backend/node_modules/@smithy/middleware-retry/dist-cjs/index.js:321:38[39m
[31m    at async /home/shafi/Desktop/Personal_Desktop/Projects/RekogAI/rekogai-backend/node_modules/@aws-sdk/client-cognito-identity-provider/node_modules/@aws-sdk/middleware-logger/dist-cjs/index.js:33:22[39m
[31m    at async CognitoModel.signUp (file:///home/shafi/Desktop/Personal_Desktop/Projects/RekogAI/rekogai-backend/src/models/CognitoModel.js:51:24)[39m
[31m    at async file:///home/shafi/Desktop/Personal_Desktop/Projects/RekogAI/rekogai-backend/src/controllers/userController/index.js:18:22[39m
2025-01-18 10:55:47:5547 [31merror[39m: [31mError during sign-up:[39m
2025-01-18 10:55:47:5547 [31merror[39m: [31mInvalidParameterException: 1 validation error detected: Value null at 'clientId' failed to satisfy constraint: Member must not be null[39m
[31m    at de_InvalidParameterExceptionRes (/home/shafi/Desktop/Personal_Desktop/Projects/RekogAI/rekogai-backend/node_modules/@aws-sdk/client-cognito-identity-provider/dist-cjs/index.js:4628:21)[39m
[31m    at de_CommandError (/home/shafi/Desktop/Personal_Desktop/Projects/RekogAI/rekogai-backend/node_modules/@aws-sdk/client-cognito-identity-provider/dist-cjs/index.js:4339:19)[39m
[31m    at process.processTicksAndRejections (node:internal/process/task_queues:95:5)[39m
[31m    at async /home/shafi/Desktop/Personal_Desktop/Projects/RekogAI/rekogai-backend/node_modules/@smithy/middleware-serde/dist-cjs/index.js:35:20[39m
[31m    at async /home/shafi/Desktop/Personal_Desktop/Projects/RekogAI/rekogai-backend/node_modules/@smithy/core/dist-cjs/index.js:167:18[39m
[31m    at async /home/shafi/Desktop/Personal_Desktop/Projects/RekogAI/rekogai-backend/node_modules/@smithy/middleware-retry/dist-cjs/index.js:321:38[39m
[31m    at async /home/shafi/Desktop/Personal_Desktop/Projects/RekogAI/rekogai-backend/node_modules/@aws-sdk/client-cognito-identity-provider/node_modules/@aws-sdk/middleware-logger/dist-cjs/index.js:33:22[39m
[31m    at async CognitoModel.signUp (file:///home/shafi/Desktop/Personal_Desktop/Projects/RekogAI/rekogai-backend/src/models/CognitoModel.js:51:24)[39m
[31m    at async file:///home/shafi/Desktop/Personal_Desktop/Projects/RekogAI/rekogai-backend/src/controllers/userController/index.js:18:22[39m
2025-01-18 11:01:02:12 [31merror[39m: [31mError during sign-up:[39m
2025-01-18 11:01:02:12 [31merror[39m: [31mInvalidParameterException: User email should be empty or same as username, since username attribute is email.[39m
[31m    at de_InvalidParameterExceptionRes (/home/shafi/Desktop/Personal_Desktop/Projects/RekogAI/rekogai-backend/node_modules/@aws-sdk/client-cognito-identity-provider/dist-cjs/index.js:4628:21)[39m
[31m    at de_CommandError (/home/shafi/Desktop/Personal_Desktop/Projects/RekogAI/rekogai-backend/node_modules/@aws-sdk/client-cognito-identity-provider/dist-cjs/index.js:4339:19)[39m
[31m    at process.processTicksAndRejections (node:internal/process/task_queues:95:5)[39m
[31m    at async /home/shafi/Desktop/Personal_Desktop/Projects/RekogAI/rekogai-backend/node_modules/@smithy/middleware-serde/dist-cjs/index.js:35:20[39m
[31m    at async /home/shafi/Desktop/Personal_Desktop/Projects/RekogAI/rekogai-backend/node_modules/@smithy/core/dist-cjs/index.js:167:18[39m
[31m    at async /home/shafi/Desktop/Personal_Desktop/Projects/RekogAI/rekogai-backend/node_modules/@smithy/middleware-retry/dist-cjs/index.js:321:38[39m
[31m    at async /home/shafi/Desktop/Personal_Desktop/Projects/RekogAI/rekogai-backend/node_modules/@aws-sdk/client-cognito-identity-provider/node_modules/@aws-sdk/middleware-logger/dist-cjs/index.js:33:22[39m
[31m    at async CognitoModel.signUp (file:///home/shafi/Desktop/Personal_Desktop/Projects/RekogAI/rekogai-backend/src/models/CognitoModel.js:51:24)[39m
[31m    at async file:///home/shafi/Desktop/Personal_Desktop/Projects/RekogAI/rekogai-backend/src/controllers/userController/index.js:18:22[39m
2025-01-18 11:11:42:1142 [31merror[39m: [31mError during sign-in:[39m
2025-01-18 11:11:42:1142 [31merror[39m: [31mInvalidParameterException: USER_PASSWORD_AUTH flow not enabled for this client[39m
[31m    at de_InvalidParameterExceptionRes (/home/shafi/Desktop/Personal_Desktop/Projects/RekogAI/rekogai-backend/node_modules/@aws-sdk/client-cognito-identity-provider/dist-cjs/index.js:4628:21)[39m
[31m    at de_CommandError (/home/shafi/Desktop/Personal_Desktop/Projects/RekogAI/rekogai-backend/node_modules/@aws-sdk/client-cognito-identity-provider/dist-cjs/index.js:4339:19)[39m
[31m    at process.processTicksAndRejections (node:internal/process/task_queues:95:5)[39m
[31m    at async /home/shafi/Desktop/Personal_Desktop/Projects/RekogAI/rekogai-backend/node_modules/@smithy/middleware-serde/dist-cjs/index.js:35:20[39m
[31m    at async /home/shafi/Desktop/Personal_Desktop/Projects/RekogAI/rekogai-backend/node_modules/@smithy/core/dist-cjs/index.js:167:18[39m
[31m    at async /home/shafi/Desktop/Personal_Desktop/Projects/RekogAI/rekogai-backend/node_modules/@smithy/middleware-retry/dist-cjs/index.js:321:38[39m
[31m    at async /home/shafi/Desktop/Personal_Desktop/Projects/RekogAI/rekogai-backend/node_modules/@aws-sdk/client-cognito-identity-provider/node_modules/@aws-sdk/middleware-logger/dist-cjs/index.js:33:22[39m
[31m    at async CognitoModel.signIn (file:///home/shafi/Desktop/Personal_Desktop/Projects/RekogAI/rekogai-backend/src/models/CognitoModel.js:101:24)[39m
[31m    at async file:///home/shafi/Desktop/Personal_Desktop/Projects/RekogAI/rekogai-backend/src/controllers/userController/index.js:28:23[39m
2025-01-18 13:10:08:108 [31merror[39m: [31mNotFoundError: Not Found[39m
[31m    at file:///home/shafi/Desktop/Personal_Desktop/Projects/RekogAI/rekogai-backend/app.js:28:8[39m
[31m    at Layer.handle [as handle_request] (/home/shafi/Desktop/Personal_Desktop/Projects/RekogAI/rekogai-backend/node_modules/express/lib/router/layer.js:95:5)[39m
[31m    at trim_prefix (/home/shafi/Desktop/Personal_Desktop/Projects/RekogAI/rekogai-backend/node_modules/express/lib/router/index.js:317:13)[39m
[31m    at /home/shafi/Desktop/Personal_Desktop/Projects/RekogAI/rekogai-backend/node_modules/express/lib/router/index.js:284:7[39m
[31m    at Function.process_params (/home/shafi/Desktop/Personal_Desktop/Projects/RekogAI/rekogai-backend/node_modules/express/lib/router/index.js:335:12)[39m
[31m    at next (/home/shafi/Desktop/Personal_Desktop/Projects/RekogAI/rekogai-backend/node_modules/express/lib/router/index.js:275:10)[39m
[31m    at /home/shafi/Desktop/Personal_Desktop/Projects/RekogAI/rekogai-backend/node_modules/express/lib/router/index.js:635:15[39m
[31m    at next (/home/shafi/Desktop/Personal_Desktop/Projects/RekogAI/rekogai-backend/node_modules/express/lib/router/index.js:260:14)[39m
[31m    at jsonParser (/home/shafi/Desktop/Personal_Desktop/Projects/RekogAI/rekogai-backend/node_modules/body-parser/lib/types/json.js:104:7)[39m
[31m    at Layer.handle [as handle_request] (/home/shafi/Desktop/Personal_Desktop/Projects/RekogAI/rekogai-backend/node_modules/express/lib/router/layer.js:95:5)[39m
2025-01-18 13:10:14:1014 [31merror[39m: [31mError during sign-up:[39m
2025-01-18 13:10:14:1014 [31merror[39m: [31mInvalidParameterException: Attributes did not conform to the schema: Type for attribute {custom:otp} could not be determined[39m
[31m    at de_InvalidParameterExceptionRes (/home/shafi/Desktop/Personal_Desktop/Projects/RekogAI/rekogai-backend/node_modules/@aws-sdk/client-cognito-identity-provider/dist-cjs/index.js:4628:21)[39m
[31m    at de_CommandError (/home/shafi/Desktop/Personal_Desktop/Projects/RekogAI/rekogai-backend/node_modules/@aws-sdk/client-cognito-identity-provider/dist-cjs/index.js:4339:19)[39m
[31m    at process.processTicksAndRejections (node:internal/process/task_queues:95:5)[39m
[31m    at async /home/shafi/Desktop/Personal_Desktop/Projects/RekogAI/rekogai-backend/node_modules/@smithy/middleware-serde/dist-cjs/index.js:35:20[39m
[31m    at async /home/shafi/Desktop/Personal_Desktop/Projects/RekogAI/rekogai-backend/node_modules/@smithy/core/dist-cjs/index.js:167:18[39m
[31m    at async /home/shafi/Desktop/Personal_Desktop/Projects/RekogAI/rekogai-backend/node_modules/@smithy/middleware-retry/dist-cjs/index.js:321:38[39m
[31m    at async /home/shafi/Desktop/Personal_Desktop/Projects/RekogAI/rekogai-backend/node_modules/@aws-sdk/client-cognito-identity-provider/node_modules/@aws-sdk/middleware-logger/dist-cjs/index.js:33:22[39m
[31m    at async CognitoModel.signUp (file:///home/shafi/Desktop/Personal_Desktop/Projects/RekogAI/rekogai-backend/src/models/CognitoModel.js:51:24)[39m
[31m    at async file:///home/shafi/Desktop/Personal_Desktop/Projects/RekogAI/rekogai-backend/src/controllers/userController/index.js:18:23[39m
2025-01-18 13:10:58:1058 [31merror[39m: [31mError during sign-in:[39m
2025-01-18 13:10:58:1058 [31merror[39m: [31mInvalidParameterException: CUSTOM_AUTH is not enabled for the client.[39m
[31m    at de_InvalidParameterExceptionRes (/home/shafi/Desktop/Personal_Desktop/Projects/RekogAI/rekogai-backend/node_modules/@aws-sdk/client-cognito-identity-provider/dist-cjs/index.js:4628:21)[39m
[31m    at de_CommandError (/home/shafi/Desktop/Personal_Desktop/Projects/RekogAI/rekogai-backend/node_modules/@aws-sdk/client-cognito-identity-provider/dist-cjs/index.js:4339:19)[39m
[31m    at process.processTicksAndRejections (node:internal/process/task_queues:95:5)[39m
[31m    at async /home/shafi/Desktop/Personal_Desktop/Projects/RekogAI/rekogai-backend/node_modules/@smithy/middleware-serde/dist-cjs/index.js:35:20[39m
[31m    at async /home/shafi/Desktop/Personal_Desktop/Projects/RekogAI/rekogai-backend/node_modules/@smithy/core/dist-cjs/index.js:167:18[39m
[31m    at async /home/shafi/Desktop/Personal_Desktop/Projects/RekogAI/rekogai-backend/node_modules/@smithy/middleware-retry/dist-cjs/index.js:321:38[39m
[31m    at async /home/shafi/Desktop/Personal_Desktop/Projects/RekogAI/rekogai-backend/node_modules/@aws-sdk/client-cognito-identity-provider/node_modules/@aws-sdk/middleware-logger/dist-cjs/index.js:33:22[39m
[31m    at async CognitoModel.signIn (file:///home/shafi/Desktop/Personal_Desktop/Projects/RekogAI/rekogai-backend/src/models/CognitoModel.js:130:24)[39m
[31m    at async file:///home/shafi/Desktop/Personal_Desktop/Projects/RekogAI/rekogai-backend/src/controllers/userController/index.js:28:23[39m
2025-01-18 13:11:31:1131 [31merror[39m: [31mError during sign-in:[39m
2025-01-18 13:11:31:1131 [31merror[39m: [31mInvalidParameterException: Custom auth lambda trigger is not configured for the user pool.[39m
[31m    at de_InvalidParameterExceptionRes (/home/shafi/Desktop/Personal_Desktop/Projects/RekogAI/rekogai-backend/node_modules/@aws-sdk/client-cognito-identity-provider/dist-cjs/index.js:4628:21)[39m
[31m    at de_CommandError (/home/shafi/Desktop/Personal_Desktop/Projects/RekogAI/rekogai-backend/node_modules/@aws-sdk/client-cognito-identity-provider/dist-cjs/index.js:4339:19)[39m
[31m    at process.processTicksAndRejections (node:internal/process/task_queues:95:5)[39m
[31m    at async /home/shafi/Desktop/Personal_Desktop/Projects/RekogAI/rekogai-backend/node_modules/@smithy/middleware-serde/dist-cjs/index.js:35:20[39m
[31m    at async /home/shafi/Desktop/Personal_Desktop/Projects/RekogAI/rekogai-backend/node_modules/@smithy/core/dist-cjs/index.js:167:18[39m
[31m    at async /home/shafi/Desktop/Personal_Desktop/Projects/RekogAI/rekogai-backend/node_modules/@smithy/middleware-retry/dist-cjs/index.js:321:38[39m
[31m    at async /home/shafi/Desktop/Personal_Desktop/Projects/RekogAI/rekogai-backend/node_modules/@aws-sdk/client-cognito-identity-provider/node_modules/@aws-sdk/middleware-logger/dist-cjs/index.js:33:22[39m
[31m    at async CognitoModel.signIn (file:///home/shafi/Desktop/Personal_Desktop/Projects/RekogAI/rekogai-backend/src/models/CognitoModel.js:130:24)[39m
[31m    at async file:///home/shafi/Desktop/Personal_Desktop/Projects/RekogAI/rekogai-backend/src/controllers/userController/index.js:28:23[39m
2025-01-18 13:19:31:1931 [31merror[39m: [31mError during sign-in:[39m
2025-01-18 13:19:31:1931 [31merror[39m: [31mInvalidParameterException: Custom auth lambda trigger is not configured for the user pool.[39m
[31m    at de_InvalidParameterExceptionRes (/home/shafi/Desktop/Personal_Desktop/Projects/RekogAI/rekogai-backend/node_modules/@aws-sdk/client-cognito-identity-provider/dist-cjs/index.js:4628:21)[39m
[31m    at de_CommandError (/home/shafi/Desktop/Personal_Desktop/Projects/RekogAI/rekogai-backend/node_modules/@aws-sdk/client-cognito-identity-provider/dist-cjs/index.js:4339:19)[39m
[31m    at process.processTicksAndRejections (node:internal/process/task_queues:95:5)[39m
[31m    at async /home/shafi/Desktop/Personal_Desktop/Projects/RekogAI/rekogai-backend/node_modules/@smithy/middleware-serde/dist-cjs/index.js:35:20[39m
[31m    at async /home/shafi/Desktop/Personal_Desktop/Projects/RekogAI/rekogai-backend/node_modules/@smithy/core/dist-cjs/index.js:167:18[39m
[31m    at async /home/shafi/Desktop/Personal_Desktop/Projects/RekogAI/rekogai-backend/node_modules/@smithy/middleware-retry/dist-cjs/index.js:321:38[39m
[31m    at async /home/shafi/Desktop/Personal_Desktop/Projects/RekogAI/rekogai-backend/node_modules/@aws-sdk/client-cognito-identity-provider/node_modules/@aws-sdk/middleware-logger/dist-cjs/index.js:33:22[39m
[31m    at async CognitoModel.signIn (file:///home/shafi/Desktop/Personal_Desktop/Projects/RekogAI/rekogai-backend/src/models/CognitoModel.js:130:24)[39m
[31m    at async file:///home/shafi/Desktop/Personal_Desktop/Projects/RekogAI/rekogai-backend/src/controllers/userController/index.js:28:23[39m
2025-01-18 15:50:52:5052 [31merror[39m: [31mError during sign-in:[39m
2025-01-18 15:50:52:5052 [31merror[39m: [31mInvalidParameterException: Custom auth lambda trigger is not configured for the user pool.[39m
[31m    at de_InvalidParameterExceptionRes (/home/shafi/Desktop/Personal_Desktop/Projects/RekogAI/rekogai-backend/node_modules/@aws-sdk/client-cognito-identity-provider/dist-cjs/index.js:4628:21)[39m
[31m    at de_CommandError (/home/shafi/Desktop/Personal_Desktop/Projects/RekogAI/rekogai-backend/node_modules/@aws-sdk/client-cognito-identity-provider/dist-cjs/index.js:4339:19)[39m
[31m    at process.processTicksAndRejections (node:internal/process/task_queues:95:5)[39m
[31m    at async /home/shafi/Desktop/Personal_Desktop/Projects/RekogAI/rekogai-backend/node_modules/@smithy/middleware-serde/dist-cjs/index.js:35:20[39m
[31m    at async /home/shafi/Desktop/Personal_Desktop/Projects/RekogAI/rekogai-backend/node_modules/@smithy/core/dist-cjs/index.js:167:18[39m
[31m    at async /home/shafi/Desktop/Personal_Desktop/Projects/RekogAI/rekogai-backend/node_modules/@smithy/middleware-retry/dist-cjs/index.js:321:38[39m
[31m    at async /home/shafi/Desktop/Personal_Desktop/Projects/RekogAI/rekogai-backend/node_modules/@aws-sdk/client-cognito-identity-provider/node_modules/@aws-sdk/middleware-logger/dist-cjs/index.js:33:22[39m
[31m    at async CognitoModel.signIn (file:///home/shafi/Desktop/Personal_Desktop/Projects/RekogAI/rekogai-backend/src/models/CognitoModel.js:130:24)[39m
[31m    at async file:///home/shafi/Desktop/Personal_Desktop/Projects/RekogAI/rekogai-backend/src/controllers/userController/index.js:28:23[39m
2025-01-18 15:50:54:5054 [31merror[39m: [31mError during sign-in:[39m
2025-01-18 15:50:54:5054 [31merror[39m: [31mInvalidParameterException: Custom auth lambda trigger is not configured for the user pool.[39m
[31m    at de_InvalidParameterExceptionRes (/home/shafi/Desktop/Personal_Desktop/Projects/RekogAI/rekogai-backend/node_modules/@aws-sdk/client-cognito-identity-provider/dist-cjs/index.js:4628:21)[39m
[31m    at de_CommandError (/home/shafi/Desktop/Personal_Desktop/Projects/RekogAI/rekogai-backend/node_modules/@aws-sdk/client-cognito-identity-provider/dist-cjs/index.js:4339:19)[39m
[31m    at process.processTicksAndRejections (node:internal/process/task_queues:95:5)[39m
[31m    at async /home/shafi/Desktop/Personal_Desktop/Projects/RekogAI/rekogai-backend/node_modules/@smithy/middleware-serde/dist-cjs/index.js:35:20[39m
[31m    at async /home/shafi/Desktop/Personal_Desktop/Projects/RekogAI/rekogai-backend/node_modules/@smithy/core/dist-cjs/index.js:167:18[39m
[31m    at async /home/shafi/Desktop/Personal_Desktop/Projects/RekogAI/rekogai-backend/node_modules/@smithy/middleware-retry/dist-cjs/index.js:321:38[39m
[31m    at async /home/shafi/Desktop/Personal_Desktop/Projects/RekogAI/rekogai-backend/node_modules/@aws-sdk/client-cognito-identity-provider/node_modules/@aws-sdk/middleware-logger/dist-cjs/index.js:33:22[39m
[31m    at async CognitoModel.signIn (file:///home/shafi/Desktop/Personal_Desktop/Projects/RekogAI/rekogai-backend/src/models/CognitoModel.js:130:24)[39m
[31m    at async file:///home/shafi/Desktop/Personal_Desktop/Projects/RekogAI/rekogai-backend/src/controllers/userController/index.js:28:23[39m
2025-01-18 15:51:04:514 [31merror[39m: [31mError during sign-in:[39m
2025-01-18 15:51:04:514 [31merror[39m: [31mInvalidParameterException: Custom auth lambda trigger is not configured for the user pool.[39m
[31m    at de_InvalidParameterExceptionRes (/home/shafi/Desktop/Personal_Desktop/Projects/RekogAI/rekogai-backend/node_modules/@aws-sdk/client-cognito-identity-provider/dist-cjs/index.js:4628:21)[39m
[31m    at de_CommandError (/home/shafi/Desktop/Personal_Desktop/Projects/RekogAI/rekogai-backend/node_modules/@aws-sdk/client-cognito-identity-provider/dist-cjs/index.js:4339:19)[39m
[31m    at process.processTicksAndRejections (node:internal/process/task_queues:95:5)[39m
[31m    at async /home/shafi/Desktop/Personal_Desktop/Projects/RekogAI/rekogai-backend/node_modules/@smithy/middleware-serde/dist-cjs/index.js:35:20[39m
[31m    at async /home/shafi/Desktop/Personal_Desktop/Projects/RekogAI/rekogai-backend/node_modules/@smithy/core/dist-cjs/index.js:167:18[39m
[31m    at async /home/shafi/Desktop/Personal_Desktop/Projects/RekogAI/rekogai-backend/node_modules/@smithy/middleware-retry/dist-cjs/index.js:321:38[39m
[31m    at async /home/shafi/Desktop/Personal_Desktop/Projects/RekogAI/rekogai-backend/node_modules/@aws-sdk/client-cognito-identity-provider/node_modules/@aws-sdk/middleware-logger/dist-cjs/index.js:33:22[39m
[31m    at async CognitoModel.signIn (file:///home/shafi/Desktop/Personal_Desktop/Projects/RekogAI/rekogai-backend/src/models/CognitoModel.js:130:24)[39m
[31m    at async file:///home/shafi/Desktop/Personal_Desktop/Projects/RekogAI/rekogai-backend/src/controllers/userController/index.js:28:23[39m
2025-01-18 15:51:05:515 [31merror[39m: [31mError during sign-in:[39m
2025-01-18 15:51:05:515 [31merror[39m: [31mInvalidParameterException: Custom auth lambda trigger is not configured for the user pool.[39m
[31m    at de_InvalidParameterExceptionRes (/home/shafi/Desktop/Personal_Desktop/Projects/RekogAI/rekogai-backend/node_modules/@aws-sdk/client-cognito-identity-provider/dist-cjs/index.js:4628:21)[39m
[31m    at de_CommandError (/home/shafi/Desktop/Personal_Desktop/Projects/RekogAI/rekogai-backend/node_modules/@aws-sdk/client-cognito-identity-provider/dist-cjs/index.js:4339:19)[39m
[31m    at process.processTicksAndRejections (node:internal/process/task_queues:95:5)[39m
[31m    at async /home/shafi/Desktop/Personal_Desktop/Projects/RekogAI/rekogai-backend/node_modules/@smithy/middleware-serde/dist-cjs/index.js:35:20[39m
[31m    at async /home/shafi/Desktop/Personal_Desktop/Projects/RekogAI/rekogai-backend/node_modules/@smithy/core/dist-cjs/index.js:167:18[39m
[31m    at async /home/shafi/Desktop/Personal_Desktop/Projects/RekogAI/rekogai-backend/node_modules/@smithy/middleware-retry/dist-cjs/index.js:321:38[39m
[31m    at async /home/shafi/Desktop/Personal_Desktop/Projects/RekogAI/rekogai-backend/node_modules/@aws-sdk/client-cognito-identity-provider/node_modules/@aws-sdk/middleware-logger/dist-cjs/index.js:33:22[39m
[31m    at async CognitoModel.signIn (file:///home/shafi/Desktop/Personal_Desktop/Projects/RekogAI/rekogai-backend/src/models/CognitoModel.js:130:24)[39m
[31m    at async file:///home/shafi/Desktop/Personal_Desktop/Projects/RekogAI/rekogai-backend/src/controllers/userController/index.js:28:23[39m
2025-01-18 15:51:37:5137 [31merror[39m: [31mError during sign-up:[39m
2025-01-18 15:51:37:5137 [31merror[39m: [31mInvalidParameterException: Attributes did not conform to the schema: Type for attribute {custom:otp} could not be determined[39m
[31m    at de_InvalidParameterExceptionRes (/home/shafi/Desktop/Personal_Desktop/Projects/RekogAI/rekogai-backend/node_modules/@aws-sdk/client-cognito-identity-provider/dist-cjs/index.js:4628:21)[39m
[31m    at de_CommandError (/home/shafi/Desktop/Personal_Desktop/Projects/RekogAI/rekogai-backend/node_modules/@aws-sdk/client-cognito-identity-provider/dist-cjs/index.js:4339:19)[39m
[31m    at process.processTicksAndRejections (node:internal/process/task_queues:95:5)[39m
[31m    at async /home/shafi/Desktop/Personal_Desktop/Projects/RekogAI/rekogai-backend/node_modules/@smithy/middleware-serde/dist-cjs/index.js:35:20[39m
[31m    at async /home/shafi/Desktop/Personal_Desktop/Projects/RekogAI/rekogai-backend/node_modules/@smithy/core/dist-cjs/index.js:167:18[39m
[31m    at async /home/shafi/Desktop/Personal_Desktop/Projects/RekogAI/rekogai-backend/node_modules/@smithy/middleware-retry/dist-cjs/index.js:321:38[39m
[31m    at async /home/shafi/Desktop/Personal_Desktop/Projects/RekogAI/rekogai-backend/node_modules/@aws-sdk/client-cognito-identity-provider/node_modules/@aws-sdk/middleware-logger/dist-cjs/index.js:33:22[39m
[31m    at async CognitoModel.signUp (file:///home/shafi/Desktop/Personal_Desktop/Projects/RekogAI/rekogai-backend/src/models/CognitoModel.js:52:24)[39m
[31m    at async file:///home/shafi/Desktop/Personal_Desktop/Projects/RekogAI/rekogai-backend/src/controllers/userController/index.js:18:23[39m
2025-01-18 15:51:44:5144 [31merror[39m: [31mError during sign-up:[39m
2025-01-18 15:51:44:5144 [31merror[39m: [31mInvalidParameterException: Attributes did not conform to the schema: Type for attribute {custom:otp} could not be determined[39m
[31m    at de_InvalidParameterExceptionRes (/home/shafi/Desktop/Personal_Desktop/Projects/RekogAI/rekogai-backend/node_modules/@aws-sdk/client-cognito-identity-provider/dist-cjs/index.js:4628:21)[39m
[31m    at de_CommandError (/home/shafi/Desktop/Personal_Desktop/Projects/RekogAI/rekogai-backend/node_modules/@aws-sdk/client-cognito-identity-provider/dist-cjs/index.js:4339:19)[39m
[31m    at process.processTicksAndRejections (node:internal/process/task_queues:95:5)[39m
[31m    at async /home/shafi/Desktop/Personal_Desktop/Projects/RekogAI/rekogai-backend/node_modules/@smithy/middleware-serde/dist-cjs/index.js:35:20[39m
[31m    at async /home/shafi/Desktop/Personal_Desktop/Projects/RekogAI/rekogai-backend/node_modules/@smithy/core/dist-cjs/index.js:167:18[39m
[31m    at async /home/shafi/Desktop/Personal_Desktop/Projects/RekogAI/rekogai-backend/node_modules/@smithy/middleware-retry/dist-cjs/index.js:321:38[39m
[31m    at async /home/shafi/Desktop/Personal_Desktop/Projects/RekogAI/rekogai-backend/node_modules/@aws-sdk/client-cognito-identity-provider/node_modules/@aws-sdk/middleware-logger/dist-cjs/index.js:33:22[39m
[31m    at async CognitoModel.signUp (file:///home/shafi/Desktop/Personal_Desktop/Projects/RekogAI/rekogai-backend/src/models/CognitoModel.js:52:24)[39m
[31m    at async file:///home/shafi/Desktop/Personal_Desktop/Projects/RekogAI/rekogai-backend/src/controllers/userController/index.js:18:23[39m
2025-01-18 15:58:24:5824 [31merror[39m: [31mError during sign-up:[39m
2025-01-18 15:58:24:5824 [31merror[39m: [31mTypeError: Cannot read properties of undefined (reading 'Value')[39m
[31m    at CognitoModel.signUp (file:///home/shafi/Desktop/Personal_Desktop/Projects/RekogAI/rekogai-backend/src/models/CognitoModel.js:62:11)[39m
[31m    at process.processTicksAndRejections (node:internal/process/task_queues:95:5)[39m
[31m    at async file:///home/shafi/Desktop/Personal_Desktop/Projects/RekogAI/rekogai-backend/src/controllers/userController/index.js:18:23[39m
2025-01-18 15:59:41:5941 [31merror[39m: [31mError during sign-up:[39m
2025-01-18 15:59:41:5941 [31merror[39m: [31mUsernameExistsException: User account already exists[39m
[31m    at de_UsernameExistsExceptionRes (/home/shafi/Desktop/Personal_Desktop/Projects/RekogAI/rekogai-backend/node_modules/@aws-sdk/client-cognito-identity-provider/dist-cjs/index.js:4862:21)[39m
[31m    at de_CommandError (/home/shafi/Desktop/Personal_Desktop/Projects/RekogAI/rekogai-backend/node_modules/@aws-sdk/client-cognito-identity-provider/dist-cjs/index.js:4390:19)[39m
[31m    at process.processTicksAndRejections (node:internal/process/task_queues:95:5)[39m
[31m    at async /home/shafi/Desktop/Personal_Desktop/Projects/RekogAI/rekogai-backend/node_modules/@smithy/middleware-serde/dist-cjs/index.js:35:20[39m
[31m    at async /home/shafi/Desktop/Personal_Desktop/Projects/RekogAI/rekogai-backend/node_modules/@smithy/core/dist-cjs/index.js:167:18[39m
[31m    at async /home/shafi/Desktop/Personal_Desktop/Projects/RekogAI/rekogai-backend/node_modules/@smithy/middleware-retry/dist-cjs/index.js:321:38[39m
[31m    at async /home/shafi/Desktop/Personal_Desktop/Projects/RekogAI/rekogai-backend/node_modules/@aws-sdk/client-cognito-identity-provider/node_modules/@aws-sdk/middleware-logger/dist-cjs/index.js:33:22[39m
[31m    at async CognitoModel.signUp (file:///home/shafi/Desktop/Personal_Desktop/Projects/RekogAI/rekogai-backend/src/models/CognitoModel.js:53:24)[39m
[31m    at async file:///home/shafi/Desktop/Personal_Desktop/Projects/RekogAI/rekogai-backend/src/controllers/userController/index.js:18:23[39m
2025-01-18 16:09:08:98 [31merror[39m: [31mError during sign-up:[39m
2025-01-18 16:09:08:98 [31merror[39m: [31mMessageRejected: Email address is not verified. The following identities failed the check in region AP-SOUTH-1: your-email@example.com, jayesh@mailinator.com[39m
[31m    at de_MessageRejectedRes (/home/shafi/Desktop/Personal_Desktop/Projects/RekogAI/rekogai-backend/node_modules/@aws-sdk/client-ses/dist-cjs/index.js:3179:21)[39m
[31m    at de_CommandError (/home/shafi/Desktop/Personal_Desktop/Projects/RekogAI/rekogai-backend/node_modules/@aws-sdk/client-ses/dist-cjs/index.js:2914:19)[39m
[31m    at process.processTicksAndRejections (node:internal/process/task_queues:95:5)[39m
[31m    at async /home/shafi/Desktop/Personal_Desktop/Projects/RekogAI/rekogai-backend/node_modules/@smithy/middleware-serde/dist-cjs/index.js:35:20[39m
[31m    at async /home/shafi/Desktop/Personal_Desktop/Projects/RekogAI/rekogai-backend/node_modules/@smithy/core/dist-cjs/index.js:167:18[39m
[31m    at async /home/shafi/Desktop/Personal_Desktop/Projects/RekogAI/rekogai-backend/node_modules/@smithy/middleware-retry/dist-cjs/index.js:321:38[39m
[31m    at async /home/shafi/Desktop/Personal_Desktop/Projects/RekogAI/rekogai-backend/node_modules/@aws-sdk/client-ses/node_modules/@aws-sdk/middleware-logger/dist-cjs/index.js:33:22[39m
[31m    at async CognitoModel.signUp (file:///home/shafi/Desktop/Personal_Desktop/Projects/RekogAI/rekogai-backend/src/models/CognitoModel.js:97:9)[39m
[31m    at async file:///home/shafi/Desktop/Personal_Desktop/Projects/RekogAI/rekogai-backend/src/controllers/userController/index.js:18:23[39m
2025-01-18 16:11:48:1148 [31merror[39m: [31mError during sign-up:[39m
2025-01-18 16:11:48:1148 [31merror[39m: [31mMessageRejected: Email address is not verified. The following identities failed the check in region AP-SOUTH-1: your-email@example.com, awsemailservicetest@gmail.com[39m
[31m    at de_MessageRejectedRes (/home/shafi/Desktop/Personal_Desktop/Projects/RekogAI/rekogai-backend/node_modules/@aws-sdk/client-ses/dist-cjs/index.js:3179:21)[39m
[31m    at de_CommandError (/home/shafi/Desktop/Personal_Desktop/Projects/RekogAI/rekogai-backend/node_modules/@aws-sdk/client-ses/dist-cjs/index.js:2914:19)[39m
[31m    at process.processTicksAndRejections (node:internal/process/task_queues:95:5)[39m
[31m    at async /home/shafi/Desktop/Personal_Desktop/Projects/RekogAI/rekogai-backend/node_modules/@smithy/middleware-serde/dist-cjs/index.js:35:20[39m
[31m    at async /home/shafi/Desktop/Personal_Desktop/Projects/RekogAI/rekogai-backend/node_modules/@smithy/core/dist-cjs/index.js:167:18[39m
[31m    at async /home/shafi/Desktop/Personal_Desktop/Projects/RekogAI/rekogai-backend/node_modules/@smithy/middleware-retry/dist-cjs/index.js:321:38[39m
[31m    at async /home/shafi/Desktop/Personal_Desktop/Projects/RekogAI/rekogai-backend/node_modules/@aws-sdk/client-ses/node_modules/@aws-sdk/middleware-logger/dist-cjs/index.js:33:22[39m
[31m    at async CognitoModel.signUp (file:///home/shafi/Desktop/Personal_Desktop/Projects/RekogAI/rekogai-backend/src/models/CognitoModel.js:97:9)[39m
[31m    at async file:///home/shafi/Desktop/Personal_Desktop/Projects/RekogAI/rekogai-backend/src/controllers/userController/index.js:18:23[39m
2025-01-18 16:12:25:1225 [31merror[39m: [31mError during sign-up:[39m
2025-01-18 16:12:25:1225 [31merror[39m: [31mUsernameExistsException: User account already exists[39m
[31m    at de_UsernameExistsExceptionRes (/home/shafi/Desktop/Personal_Desktop/Projects/RekogAI/rekogai-backend/node_modules/@aws-sdk/client-cognito-identity-provider/dist-cjs/index.js:4862:21)[39m
[31m    at de_CommandError (/home/shafi/Desktop/Personal_Desktop/Projects/RekogAI/rekogai-backend/node_modules/@aws-sdk/client-cognito-identity-provider/dist-cjs/index.js:4390:19)[39m
[31m    at process.processTicksAndRejections (node:internal/process/task_queues:95:5)[39m
[31m    at async /home/shafi/Desktop/Personal_Desktop/Projects/RekogAI/rekogai-backend/node_modules/@smithy/middleware-serde/dist-cjs/index.js:35:20[39m
[31m    at async /home/shafi/Desktop/Personal_Desktop/Projects/RekogAI/rekogai-backend/node_modules/@smithy/core/dist-cjs/index.js:167:18[39m
[31m    at async /home/shafi/Desktop/Personal_Desktop/Projects/RekogAI/rekogai-backend/node_modules/@smithy/middleware-retry/dist-cjs/index.js:321:38[39m
[31m    at async /home/shafi/Desktop/Personal_Desktop/Projects/RekogAI/rekogai-backend/node_modules/@aws-sdk/client-cognito-identity-provider/node_modules/@aws-sdk/middleware-logger/dist-cjs/index.js:33:22[39m
[31m    at async CognitoModel.signUp (file:///home/shafi/Desktop/Personal_Desktop/Projects/RekogAI/rekogai-backend/src/models/CognitoModel.js:53:24)[39m
[31m    at async file:///home/shafi/Desktop/Personal_Desktop/Projects/RekogAI/rekogai-backend/src/controllers/userController/index.js:18:23[39m
2025-01-18 16:12:38:1238 [31merror[39m: [31mError during sign-up:[39m
2025-01-18 16:12:38:1238 [31merror[39m: [31mMessageRejected: Email address is not verified. The following identities failed the check in region AP-SOUTH-1: awsemailservice@gmail.com, jayeshadwani26@gmail.com[39m
[31m    at de_MessageRejectedRes (/home/shafi/Desktop/Personal_Desktop/Projects/RekogAI/rekogai-backend/node_modules/@aws-sdk/client-ses/dist-cjs/index.js:3179:21)[39m
[31m    at de_CommandError (/home/shafi/Desktop/Personal_Desktop/Projects/RekogAI/rekogai-backend/node_modules/@aws-sdk/client-ses/dist-cjs/index.js:2914:19)[39m
[31m    at process.processTicksAndRejections (node:internal/process/task_queues:95:5)[39m
[31m    at async /home/shafi/Desktop/Personal_Desktop/Projects/RekogAI/rekogai-backend/node_modules/@smithy/middleware-serde/dist-cjs/index.js:35:20[39m
[31m    at async /home/shafi/Desktop/Personal_Desktop/Projects/RekogAI/rekogai-backend/node_modules/@smithy/core/dist-cjs/index.js:167:18[39m
[31m    at async /home/shafi/Desktop/Personal_Desktop/Projects/RekogAI/rekogai-backend/node_modules/@smithy/middleware-retry/dist-cjs/index.js:321:38[39m
[31m    at async /home/shafi/Desktop/Personal_Desktop/Projects/RekogAI/rekogai-backend/node_modules/@aws-sdk/client-ses/node_modules/@aws-sdk/middleware-logger/dist-cjs/index.js:33:22[39m
[31m    at async CognitoModel.signUp (file:///home/shafi/Desktop/Personal_Desktop/Projects/RekogAI/rekogai-backend/src/models/CognitoModel.js:97:9)[39m
[31m    at async file:///home/shafi/Desktop/Personal_Desktop/Projects/RekogAI/rekogai-backend/src/controllers/userController/index.js:18:23[39m
2025-01-18 20:06:19:619 [31merror[39m: [31mError during sign-up:[39m
2025-01-18 20:06:19:619 [31merror[39m: [31mUsernameExistsException: User account already exists[39m
[31m    at de_UsernameExistsExceptionRes (/home/shafi/Desktop/Personal_Desktop/Projects/RekogAI/rekogai-backend/node_modules/@aws-sdk/client-cognito-identity-provider/dist-cjs/index.js:4862:21)[39m
[31m    at de_CommandError (/home/shafi/Desktop/Personal_Desktop/Projects/RekogAI/rekogai-backend/node_modules/@aws-sdk/client-cognito-identity-provider/dist-cjs/index.js:4390:19)[39m
[31m    at process.processTicksAndRejections (node:internal/process/task_queues:95:5)[39m
[31m    at async /home/shafi/Desktop/Personal_Desktop/Projects/RekogAI/rekogai-backend/node_modules/@smithy/middleware-serde/dist-cjs/index.js:35:20[39m
[31m    at async /home/shafi/Desktop/Personal_Desktop/Projects/RekogAI/rekogai-backend/node_modules/@smithy/core/dist-cjs/index.js:167:18[39m
[31m    at async /home/shafi/Desktop/Personal_Desktop/Projects/RekogAI/rekogai-backend/node_modules/@smithy/middleware-retry/dist-cjs/index.js:321:38[39m
[31m    at async /home/shafi/Desktop/Personal_Desktop/Projects/RekogAI/rekogai-backend/node_modules/@aws-sdk/client-cognito-identity-provider/node_modules/@aws-sdk/middleware-logger/dist-cjs/index.js:33:22[39m
[31m    at async CognitoModel.signUp (file:///home/shafi/Desktop/Personal_Desktop/Projects/RekogAI/rekogai-backend/src/models/CognitoModel.js:53:24)[39m
[31m    at async file:///home/shafi/Desktop/Personal_Desktop/Projects/RekogAI/rekogai-backend/src/controllers/userController/index.js:18:23[39m
2025-01-18 20:07:14:714 [31merror[39m: [31mError during sign-up:[39m
2025-01-18 20:07:14:714 [31merror[39m: [31mMessageRejected: Email address is not verified. The following identities failed the check in region AP-SOUTH-1: jayeshadwani26@gmail.com, freeinbox@mailinator.com[39m
[31m    at de_MessageRejectedRes (/home/shafi/Desktop/Personal_Desktop/Projects/RekogAI/rekogai-backend/node_modules/@aws-sdk/client-ses/dist-cjs/index.js:3179:21)[39m
[31m    at de_CommandError (/home/shafi/Desktop/Personal_Desktop/Projects/RekogAI/rekogai-backend/node_modules/@aws-sdk/client-ses/dist-cjs/index.js:2914:19)[39m
[31m    at process.processTicksAndRejections (node:internal/process/task_queues:95:5)[39m
[31m    at async /home/shafi/Desktop/Personal_Desktop/Projects/RekogAI/rekogai-backend/node_modules/@smithy/middleware-serde/dist-cjs/index.js:35:20[39m
[31m    at async /home/shafi/Desktop/Personal_Desktop/Projects/RekogAI/rekogai-backend/node_modules/@smithy/core/dist-cjs/index.js:167:18[39m
[31m    at async /home/shafi/Desktop/Personal_Desktop/Projects/RekogAI/rekogai-backend/node_modules/@smithy/middleware-retry/dist-cjs/index.js:321:38[39m
[31m    at async /home/shafi/Desktop/Personal_Desktop/Projects/RekogAI/rekogai-backend/node_modules/@aws-sdk/client-ses/node_modules/@aws-sdk/middleware-logger/dist-cjs/index.js:33:22[39m
[31m    at async CognitoModel.signUp (file:///home/shafi/Desktop/Personal_Desktop/Projects/RekogAI/rekogai-backend/src/models/CognitoModel.js:97:9)[39m
[31m    at async file:///home/shafi/Desktop/Personal_Desktop/Projects/RekogAI/rekogai-backend/src/controllers/userController/index.js:18:23[39m
2025-01-18 20:08:01:81 [31merror[39m: [31mError during sign-up:[39m
2025-01-18 20:08:01:81 [31merror[39m: [31mUsernameExistsException: User account already exists[39m
[31m    at de_UsernameExistsExceptionRes (/home/shafi/Desktop/Personal_Desktop/Projects/RekogAI/rekogai-backend/node_modules/@aws-sdk/client-cognito-identity-provider/dist-cjs/index.js:4862:21)[39m
[31m    at de_CommandError (/home/shafi/Desktop/Personal_Desktop/Projects/RekogAI/rekogai-backend/node_modules/@aws-sdk/client-cognito-identity-provider/dist-cjs/index.js:4390:19)[39m
[31m    at process.processTicksAndRejections (node:internal/process/task_queues:95:5)[39m
[31m    at async /home/shafi/Desktop/Personal_Desktop/Projects/RekogAI/rekogai-backend/node_modules/@smithy/middleware-serde/dist-cjs/index.js:35:20[39m
[31m    at async /home/shafi/Desktop/Personal_Desktop/Projects/RekogAI/rekogai-backend/node_modules/@smithy/core/dist-cjs/index.js:167:18[39m
[31m    at async /home/shafi/Desktop/Personal_Desktop/Projects/RekogAI/rekogai-backend/node_modules/@smithy/middleware-retry/dist-cjs/index.js:321:38[39m
[31m    at async /home/shafi/Desktop/Personal_Desktop/Projects/RekogAI/rekogai-backend/node_modules/@aws-sdk/client-cognito-identity-provider/node_modules/@aws-sdk/middleware-logger/dist-cjs/index.js:33:22[39m
[31m    at async CognitoModel.signUp (file:///home/shafi/Desktop/Personal_Desktop/Projects/RekogAI/rekogai-backend/src/models/CognitoModel.js:53:24)[39m
[31m    at async file:///home/shafi/Desktop/Personal_Desktop/Projects/RekogAI/rekogai-backend/src/controllers/userController/index.js:18:23[39m
2025-01-18 20:08:29:829 [31merror[39m: [31mError during sign-up:[39m
2025-01-18 20:08:29:829 [31merror[39m: [31mMessageRejected: Email address is not verified. The following identities failed the check in region AP-SOUTH-1: freeinbox2@mailinator.com[39m
[31m    at de_MessageRejectedRes (/home/shafi/Desktop/Personal_Desktop/Projects/RekogAI/rekogai-backend/node_modules/@aws-sdk/client-ses/dist-cjs/index.js:3179:21)[39m
[31m    at de_CommandError (/home/shafi/Desktop/Personal_Desktop/Projects/RekogAI/rekogai-backend/node_modules/@aws-sdk/client-ses/dist-cjs/index.js:2914:19)[39m
[31m    at process.processTicksAndRejections (node:internal/process/task_queues:95:5)[39m
[31m    at async /home/shafi/Desktop/Personal_Desktop/Projects/RekogAI/rekogai-backend/node_modules/@smithy/middleware-serde/dist-cjs/index.js:35:20[39m
[31m    at async /home/shafi/Desktop/Personal_Desktop/Projects/RekogAI/rekogai-backend/node_modules/@smithy/core/dist-cjs/index.js:167:18[39m
[31m    at async /home/shafi/Desktop/Personal_Desktop/Projects/RekogAI/rekogai-backend/node_modules/@smithy/middleware-retry/dist-cjs/index.js:321:38[39m
[31m    at async /home/shafi/Desktop/Personal_Desktop/Projects/RekogAI/rekogai-backend/node_modules/@aws-sdk/client-ses/node_modules/@aws-sdk/middleware-logger/dist-cjs/index.js:33:22[39m
[31m    at async CognitoModel.signUp (file:///home/shafi/Desktop/Personal_Desktop/Projects/RekogAI/rekogai-backend/src/models/CognitoModel.js:97:9)[39m
[31m    at async file:///home/shafi/Desktop/Personal_Desktop/Projects/RekogAI/rekogai-backend/src/controllers/userController/index.js:18:23[39m
2025-01-18 20:46:09:469 [31merror[39m: [31mError during sign-up:[39m
2025-01-18 20:46:09:469 [31merror[39m: [31mInvalidParameterException: 1 validation error detected: Value at 'password'failed to satisfy constraint: Member must not be null[39m
[31m    at de_InvalidParameterExceptionRes (/home/shafi/Desktop/Personal_Desktop/Projects/RekogAI/rekogai-backend/node_modules/@aws-sdk/client-cognito-identity-provider/dist-cjs/index.js:4628:21)[39m
[31m    at de_CommandError (/home/shafi/Desktop/Personal_Desktop/Projects/RekogAI/rekogai-backend/node_modules/@aws-sdk/client-cognito-identity-provider/dist-cjs/index.js:4339:19)[39m
[31m    at process.processTicksAndRejections (node:internal/process/task_queues:95:5)[39m
[31m    at async /home/shafi/Desktop/Personal_Desktop/Projects/RekogAI/rekogai-backend/node_modules/@smithy/middleware-serde/dist-cjs/index.js:35:20[39m
[31m    at async /home/shafi/Desktop/Personal_Desktop/Projects/RekogAI/rekogai-backend/node_modules/@smithy/core/dist-cjs/index.js:167:18[39m
[31m    at async /home/shafi/Desktop/Personal_Desktop/Projects/RekogAI/rekogai-backend/node_modules/@smithy/middleware-retry/dist-cjs/index.js:321:38[39m
[31m    at async /home/shafi/Desktop/Personal_Desktop/Projects/RekogAI/rekogai-backend/node_modules/@aws-sdk/client-cognito-identity-provider/node_modules/@aws-sdk/middleware-logger/dist-cjs/index.js:33:22[39m
[31m    at async CognitoModel.signUp (file:///home/shafi/Desktop/Personal_Desktop/Projects/RekogAI/rekogai-backend/src/models/CognitoModel.js:51:24)[39m
[31m    at async file:///home/shafi/Desktop/Personal_Desktop/Projects/RekogAI/rekogai-backend/src/controllers/userController/index.js:18:23[39m
2025-01-18 20:54:04:544 [31merror[39m: [31mError during sign-up:[39m
2025-01-18 20:54:04:544 [31merror[39m: [31mUsernameExistsException: User already exists[39m
[31m    at de_UsernameExistsExceptionRes (/home/shafi/Desktop/Personal_Desktop/Projects/RekogAI/rekogai-backend/node_modules/@aws-sdk/client-cognito-identity-provider/dist-cjs/index.js:4862:21)[39m
[31m    at de_CommandError (/home/shafi/Desktop/Personal_Desktop/Projects/RekogAI/rekogai-backend/node_modules/@aws-sdk/client-cognito-identity-provider/dist-cjs/index.js:4390:19)[39m
[31m    at process.processTicksAndRejections (node:internal/process/task_queues:95:5)[39m
[31m    at async /home/shafi/Desktop/Personal_Desktop/Projects/RekogAI/rekogai-backend/node_modules/@smithy/middleware-serde/dist-cjs/index.js:35:20[39m
[31m    at async /home/shafi/Desktop/Personal_Desktop/Projects/RekogAI/rekogai-backend/node_modules/@smithy/core/dist-cjs/index.js:167:18[39m
[31m    at async /home/shafi/Desktop/Personal_Desktop/Projects/RekogAI/rekogai-backend/node_modules/@smithy/middleware-retry/dist-cjs/index.js:321:38[39m
[31m    at async /home/shafi/Desktop/Personal_Desktop/Projects/RekogAI/rekogai-backend/node_modules/@aws-sdk/client-cognito-identity-provider/node_modules/@aws-sdk/middleware-logger/dist-cjs/index.js:33:22[39m
[31m    at async CognitoModel.signUp (file:///home/shafi/Desktop/Personal_Desktop/Projects/RekogAI/rekogai-backend/src/models/CognitoModel.js:51:24)[39m
[31m    at async file:///home/shafi/Desktop/Personal_Desktop/Projects/RekogAI/rekogai-backend/src/controllers/userController/index.js:18:23[39m
2025-01-18 20:54:53:5453 [31merror[39m: [31mError during confirmation:[39m
2025-01-18 20:54:53:5453 [31merror[39m: [31mCodeMismatchException: Invalid verification code provided, please try again.[39m
[31m    at de_CodeMismatchExceptionRes (/home/shafi/Desktop/Personal_Desktop/Projects/RekogAI/rekogai-backend/node_modules/@aws-sdk/client-cognito-identity-provider/dist-cjs/index.js:4520:21)[39m
[31m    at de_CommandError (/home/shafi/Desktop/Personal_Desktop/Projects/RekogAI/rekogai-backend/node_modules/@aws-sdk/client-cognito-identity-provider/dist-cjs/index.js:4414:19)[39m
[31m    at process.processTicksAndRejections (node:internal/process/task_queues:95:5)[39m
[31m    at async /home/shafi/Desktop/Personal_Desktop/Projects/RekogAI/rekogai-backend/node_modules/@smithy/middleware-serde/dist-cjs/index.js:35:20[39m
[31m    at async /home/shafi/Desktop/Personal_Desktop/Projects/RekogAI/rekogai-backend/node_modules/@smithy/core/dist-cjs/index.js:167:18[39m
[31m    at async /home/shafi/Desktop/Personal_Desktop/Projects/RekogAI/rekogai-backend/node_modules/@smithy/middleware-retry/dist-cjs/index.js:321:38[39m
[31m    at async /home/shafi/Desktop/Personal_Desktop/Projects/RekogAI/rekogai-backend/node_modules/@aws-sdk/client-cognito-identity-provider/node_modules/@aws-sdk/middleware-logger/dist-cjs/index.js:33:22[39m
[31m    at async CognitoModel.confirmSignUp (file:///home/shafi/Desktop/Personal_Desktop/Projects/RekogAI/rekogai-backend/src/models/CognitoModel.js:75:37)[39m
[31m    at async file:///home/shafi/Desktop/Personal_Desktop/Projects/RekogAI/rekogai-backend/src/controllers/userController/index.js:23:23[39m
2025-01-18 21:02:45:245 [31merror[39m: [31mReferenceError: ForgotPasswordCommand is not defined[39m
[31m    at CognitoModel.forgotPassword (file:///home/shafi/Desktop/Personal_Desktop/Projects/RekogAI/rekogai-backend/src/models/CognitoModel.js:197:21)[39m
[31m    at file:///home/shafi/Desktop/Personal_Desktop/Projects/RekogAI/rekogai-backend/src/controllers/userController/index.js:33:50[39m
[31m    at file:///home/shafi/Desktop/Personal_Desktop/Projects/RekogAI/rekogai-backend/src/middlewares/index.js:11:19[39m
[31m    at Layer.handle [as handle_request] (/home/shafi/Desktop/Personal_Desktop/Projects/RekogAI/rekogai-backend/node_modules/express/lib/router/layer.js:95:5)[39m
[31m    at next (/home/shafi/Desktop/Personal_Desktop/Projects/RekogAI/rekogai-backend/node_modules/express/lib/router/route.js:137:13)[39m
[31m    at Route.dispatch (/home/shafi/Desktop/Personal_Desktop/Projects/RekogAI/rekogai-backend/node_modules/express/lib/router/route.js:112:3)[39m
[31m    at Layer.handle [as handle_request] (/home/shafi/Desktop/Personal_Desktop/Projects/RekogAI/rekogai-backend/node_modules/express/lib/router/layer.js:95:5)[39m
[31m    at /home/shafi/Desktop/Personal_Desktop/Projects/RekogAI/rekogai-backend/node_modules/express/lib/router/index.js:281:22[39m
[31m    at Function.process_params (/home/shafi/Desktop/Personal_Desktop/Projects/RekogAI/rekogai-backend/node_modules/express/lib/router/index.js:335:12)[39m
[31m    at next (/home/shafi/Desktop/Personal_Desktop/Projects/RekogAI/rekogai-backend/node_modules/express/lib/router/index.js:275:10)[39m
2025-01-18 21:03:12:312 [31merror[39m: [31mReferenceError: ForgotPasswordCommand is not defined[39m
[31m    at CognitoModel.forgotPassword (file:///home/shafi/Desktop/Personal_Desktop/Projects/RekogAI/rekogai-backend/src/models/CognitoModel.js:197:21)[39m
[31m    at file:///home/shafi/Desktop/Personal_Desktop/Projects/RekogAI/rekogai-backend/src/controllers/userController/index.js:33:50[39m
[31m    at file:///home/shafi/Desktop/Personal_Desktop/Projects/RekogAI/rekogai-backend/src/middlewares/index.js:11:19[39m
[31m    at Layer.handle [as handle_request] (/home/shafi/Desktop/Personal_Desktop/Projects/RekogAI/rekogai-backend/node_modules/express/lib/router/layer.js:95:5)[39m
[31m    at next (/home/shafi/Desktop/Personal_Desktop/Projects/RekogAI/rekogai-backend/node_modules/express/lib/router/route.js:137:13)[39m
[31m    at Route.dispatch (/home/shafi/Desktop/Personal_Desktop/Projects/RekogAI/rekogai-backend/node_modules/express/lib/router/route.js:112:3)[39m
[31m    at Layer.handle [as handle_request] (/home/shafi/Desktop/Personal_Desktop/Projects/RekogAI/rekogai-backend/node_modules/express/lib/router/layer.js:95:5)[39m
[31m    at /home/shafi/Desktop/Personal_Desktop/Projects/RekogAI/rekogai-backend/node_modules/express/lib/router/index.js:281:22[39m
[31m    at Function.process_params (/home/shafi/Desktop/Personal_Desktop/Projects/RekogAI/rekogai-backend/node_modules/express/lib/router/index.js:335:12)[39m
[31m    at next (/home/shafi/Desktop/Personal_Desktop/Projects/RekogAI/rekogai-backend/node_modules/express/lib/router/index.js:275:10)[39m
2025-01-18 21:03:13:313 [31merror[39m: [31mReferenceError: ForgotPasswordCommand is not defined[39m
[31m    at CognitoModel.forgotPassword (file:///home/shafi/Desktop/Personal_Desktop/Projects/RekogAI/rekogai-backend/src/models/CognitoModel.js:197:21)[39m
[31m    at file:///home/shafi/Desktop/Personal_Desktop/Projects/RekogAI/rekogai-backend/src/controllers/userController/index.js:33:50[39m
[31m    at file:///home/shafi/Desktop/Personal_Desktop/Projects/RekogAI/rekogai-backend/src/middlewares/index.js:11:19[39m
[31m    at Layer.handle [as handle_request] (/home/shafi/Desktop/Personal_Desktop/Projects/RekogAI/rekogai-backend/node_modules/express/lib/router/layer.js:95:5)[39m
[31m    at next (/home/shafi/Desktop/Personal_Desktop/Projects/RekogAI/rekogai-backend/node_modules/express/lib/router/route.js:137:13)[39m
[31m    at Route.dispatch (/home/shafi/Desktop/Personal_Desktop/Projects/RekogAI/rekogai-backend/node_modules/express/lib/router/route.js:112:3)[39m
[31m    at Layer.handle [as handle_request] (/home/shafi/Desktop/Personal_Desktop/Projects/RekogAI/rekogai-backend/node_modules/express/lib/router/layer.js:95:5)[39m
[31m    at /home/shafi/Desktop/Personal_Desktop/Projects/RekogAI/rekogai-backend/node_modules/express/lib/router/index.js:281:22[39m
[31m    at Function.process_params (/home/shafi/Desktop/Personal_Desktop/Projects/RekogAI/rekogai-backend/node_modules/express/lib/router/index.js:335:12)[39m
[31m    at next (/home/shafi/Desktop/Personal_Desktop/Projects/RekogAI/rekogai-backend/node_modules/express/lib/router/index.js:275:10)[39m
2025-01-18 21:04:20:420 [31merror[39m: [31mReferenceError: ForgotPasswordCommand is not defined[39m
[31m    at CognitoModel.forgotPassword (file:///home/shafi/Desktop/Personal_Desktop/Projects/RekogAI/rekogai-backend/src/models/CognitoModel.js:197:21)[39m
[31m    at file:///home/shafi/Desktop/Personal_Desktop/Projects/RekogAI/rekogai-backend/src/controllers/userController/index.js:33:50[39m
[31m    at file:///home/shafi/Desktop/Personal_Desktop/Projects/RekogAI/rekogai-backend/src/middlewares/index.js:11:19[39m
[31m    at Layer.handle [as handle_request] (/home/shafi/Desktop/Personal_Desktop/Projects/RekogAI/rekogai-backend/node_modules/express/lib/router/layer.js:95:5)[39m
[31m    at next (/home/shafi/Desktop/Personal_Desktop/Projects/RekogAI/rekogai-backend/node_modules/express/lib/router/route.js:137:13)[39m
[31m    at Route.dispatch (/home/shafi/Desktop/Personal_Desktop/Projects/RekogAI/rekogai-backend/node_modules/express/lib/router/route.js:112:3)[39m
[31m    at Layer.handle [as handle_request] (/home/shafi/Desktop/Personal_Desktop/Projects/RekogAI/rekogai-backend/node_modules/express/lib/router/layer.js:95:5)[39m
[31m    at /home/shafi/Desktop/Personal_Desktop/Projects/RekogAI/rekogai-backend/node_modules/express/lib/router/index.js:281:22[39m
[31m    at Function.process_params (/home/shafi/Desktop/Personal_Desktop/Projects/RekogAI/rekogai-backend/node_modules/express/lib/router/index.js:335:12)[39m
[31m    at next (/home/shafi/Desktop/Personal_Desktop/Projects/RekogAI/rekogai-backend/node_modules/express/lib/router/index.js:275:10)[39m
2025-01-18 21:10:09:109 [31merror[39m: [31mReferenceError: ConfirmForgotPasswordCommand is not defined[39m
[31m    at CognitoModel.confirmForgotPassword (file:///home/shafi/Desktop/Personal_Desktop/Projects/RekogAI/rekogai-backend/src/models/CognitoModel.js:224:21)[39m
[31m    at file:///home/shafi/Desktop/Personal_Desktop/Projects/RekogAI/rekogai-backend/src/controllers/userController/index.js:38:50[39m
[31m    at file:///home/shafi/Desktop/Personal_Desktop/Projects/RekogAI/rekogai-backend/src/middlewares/index.js:11:19[39m
[31m    at Layer.handle [as handle_request] (/home/shafi/Desktop/Personal_Desktop/Projects/RekogAI/rekogai-backend/node_modules/express/lib/router/layer.js:95:5)[39m
[31m    at next (/home/shafi/Desktop/Personal_Desktop/Projects/RekogAI/rekogai-backend/node_modules/express/lib/router/route.js:137:13)[39m
[31m    at Route.dispatch (/home/shafi/Desktop/Personal_Desktop/Projects/RekogAI/rekogai-backend/node_modules/express/lib/router/route.js:112:3)[39m
[31m    at Layer.handle [as handle_request] (/home/shafi/Desktop/Personal_Desktop/Projects/RekogAI/rekogai-backend/node_modules/express/lib/router/layer.js:95:5)[39m
[31m    at /home/shafi/Desktop/Personal_Desktop/Projects/RekogAI/rekogai-backend/node_modules/express/lib/router/index.js:281:22[39m
[31m    at Function.process_params (/home/shafi/Desktop/Personal_Desktop/Projects/RekogAI/rekogai-backend/node_modules/express/lib/router/index.js:335:12)[39m
[31m    at next (/home/shafi/Desktop/Personal_Desktop/Projects/RekogAI/rekogai-backend/node_modules/express/lib/router/index.js:275:10)[39m
2025-01-18 21:26:26:2626 [31merror[39m: [31mNotFoundError: Not Found[39m
[31m    at file:///home/shafi/Desktop/Personal_Desktop/Projects/RekogAI/rekogai-backend/app.js:28:8[39m
[31m    at Layer.handle [as handle_request] (/home/shafi/Desktop/Personal_Desktop/Projects/RekogAI/rekogai-backend/node_modules/express/lib/router/layer.js:95:5)[39m
[31m    at trim_prefix (/home/shafi/Desktop/Personal_Desktop/Projects/RekogAI/rekogai-backend/node_modules/express/lib/router/index.js:317:13)[39m
[31m    at /home/shafi/Desktop/Personal_Desktop/Projects/RekogAI/rekogai-backend/node_modules/express/lib/router/index.js:284:7[39m
[31m    at Function.process_params (/home/shafi/Desktop/Personal_Desktop/Projects/RekogAI/rekogai-backend/node_modules/express/lib/router/index.js:335:12)[39m
[31m    at next (/home/shafi/Desktop/Personal_Desktop/Projects/RekogAI/rekogai-backend/node_modules/express/lib/router/index.js:275:10)[39m
[31m    at /home/shafi/Desktop/Personal_Desktop/Projects/RekogAI/rekogai-backend/node_modules/express/lib/router/index.js:635:15[39m
[31m    at next (/home/shafi/Desktop/Personal_Desktop/Projects/RekogAI/rekogai-backend/node_modules/express/lib/router/index.js:260:14)[39m
[31m    at jsonParser (/home/shafi/Desktop/Personal_Desktop/Projects/RekogAI/rekogai-backend/node_modules/body-parser/lib/types/json.js:104:7)[39m
[31m    at Layer.handle [as handle_request] (/home/shafi/Desktop/Personal_Desktop/Projects/RekogAI/rekogai-backend/node_modules/express/lib/router/layer.js:95:5)[39m
2025-01-19 10:28:53:2853 [31merror[39m: [31mError during sign-in:[39m
2025-01-19 10:28:53:2853 [31merror[39m: [31mNotAuthorizedException: Incorrect username or password.[39m
[31m    at de_NotAuthorizedExceptionRes (/home/shafi/Desktop/Personal_Desktop/Projects/RekogAI/rekogai-backend/node_modules/@aws-sdk/client-cognito-identity-provider/dist-cjs/index.js:4700:21)[39m
[31m    at de_CommandError (/home/shafi/Desktop/Personal_Desktop/Projects/RekogAI/rekogai-backend/node_modules/@aws-sdk/client-cognito-identity-provider/dist-cjs/index.js:4342:19)[39m
[31m    at process.processTicksAndRejections (node:internal/process/task_queues:95:5)[39m
[31m    at async /home/shafi/Desktop/Personal_Desktop/Projects/RekogAI/rekogai-backend/node_modules/@smithy/middleware-serde/dist-cjs/index.js:35:20[39m
[31m    at async /home/shafi/Desktop/Personal_Desktop/Projects/RekogAI/rekogai-backend/node_modules/@smithy/core/dist-cjs/index.js:167:18[39m
[31m    at async /home/shafi/Desktop/Personal_Desktop/Projects/RekogAI/rekogai-backend/node_modules/@smithy/middleware-retry/dist-cjs/index.js:321:38[39m
[31m    at async /home/shafi/Desktop/Personal_Desktop/Projects/RekogAI/rekogai-backend/node_modules/@aws-sdk/client-cognito-identity-provider/node_modules/@aws-sdk/middleware-logger/dist-cjs/index.js:33:22[39m
[31m    at async CognitoModel.signIn (file:///home/shafi/Desktop/Personal_Desktop/Projects/RekogAI/rekogai-backend/src/models/CognitoModel.js:104:24)[39m
[31m    at async file:///home/shafi/Desktop/Personal_Desktop/Projects/RekogAI/rekogai-backend/src/controllers/userController/index.js:23:23[39m
2025-01-19 13:08:20:820 [31merror[39m: [31mError creating Users table:[39m
2025-01-19 13:08:20:820 [31merror[39m: [31mError initializing tables:[39m
2025-01-19 13:08:20:820 [31merror[39m: [31mResourceInUseException: Table already exists: Users[39m
[31m    at de_ResourceInUseExceptionRes (/home/shafi/Desktop/Personal_Desktop/Projects/RekogAI/rekogai-backend/node_modules/@aws-sdk/client-dynamodb/dist-cjs/index.js:2552:21)[39m
[31m    at de_CommandError (/home/shafi/Desktop/Personal_Desktop/Projects/RekogAI/rekogai-backend/node_modules/@aws-sdk/client-dynamodb/dist-cjs/index.js:2242:19)[39m
[31m    at process.processTicksAndRejections (node:internal/process/task_queues:95:5)[39m
[31m    at async /home/shafi/Desktop/Personal_Desktop/Projects/RekogAI/rekogai-backend/node_modules/@smithy/middleware-serde/dist-cjs/index.js:35:20[39m
[31m    at async /home/shafi/Desktop/Personal_Desktop/Projects/RekogAI/rekogai-backend/node_modules/@smithy/core/dist-cjs/index.js:167:18[39m
[31m    at async /home/shafi/Desktop/Personal_Desktop/Projects/RekogAI/rekogai-backend/node_modules/@smithy/middleware-retry/dist-cjs/index.js:321:38[39m
[31m    at async /home/shafi/Desktop/Personal_Desktop/Projects/RekogAI/rekogai-backend/node_modules/@aws-sdk/client-dynamodb/node_modules/@aws-sdk/middleware-logger/dist-cjs/index.js:33:22[39m
[31m    at async DynamoDBModel.createUsersTable (file:///home/shafi/Desktop/Personal_Desktop/Projects/RekogAI/rekogai-backend/src/models/DynamoDBModel.js:32:22)[39m
[31m    at async DynamoDBModel.initializeTables (file:///home/shafi/Desktop/Personal_Desktop/Projects/RekogAI/rekogai-backend/src/models/DynamoDBModel.js:108:7)[39m
[31m    at async file:///home/shafi/Desktop/Personal_Desktop/Projects/RekogAI/rekogai-backend/src/controllers/userController/index.js:11:23[39m
2025-01-19 13:44:02:442 [31merror[39m: [31mError during sign-up:[39m
2025-01-19 13:44:02:442 [31merror[39m: [31mUsernameExistsException: User already exists[39m
[31m    at de_UsernameExistsExceptionRes (/home/shafi/Desktop/Personal_Desktop/Projects/RekogAI/rekogai-backend/node_modules/@aws-sdk/client-cognito-identity-provider/dist-cjs/index.js:4862:21)[39m
[31m    at de_CommandError (/home/shafi/Desktop/Personal_Desktop/Projects/RekogAI/rekogai-backend/node_modules/@aws-sdk/client-cognito-identity-provider/dist-cjs/index.js:4390:19)[39m
[31m    at process.processTicksAndRejections (node:internal/process/task_queues:95:5)[39m
[31m    at async /home/shafi/Desktop/Personal_Desktop/Projects/RekogAI/rekogai-backend/node_modules/@smithy/middleware-serde/dist-cjs/index.js:35:20[39m
[31m    at async /home/shafi/Desktop/Personal_Desktop/Projects/RekogAI/rekogai-backend/node_modules/@smithy/core/dist-cjs/index.js:167:18[39m
[31m    at async /home/shafi/Desktop/Personal_Desktop/Projects/RekogAI/rekogai-backend/node_modules/@smithy/middleware-retry/dist-cjs/index.js:321:38[39m
[31m    at async /home/shafi/Desktop/Personal_Desktop/Projects/RekogAI/rekogai-backend/node_modules/@aws-sdk/client-cognito-identity-provider/node_modules/@aws-sdk/middleware-logger/dist-cjs/index.js:33:22[39m
[31m    at async CognitoModel.signUp (file:///home/shafi/Desktop/Personal_Desktop/Projects/RekogAI/rekogai-backend/src/models/CognitoModel.js:54:24)[39m
[31m    at async file:///home/shafi/Desktop/Personal_Desktop/Projects/RekogAI/rekogai-backend/src/controllers/userController/index.js:16:23[39m
2025-01-19 13:47:08:478 [31merror[39m: [31mError during sign-up:[39m
2025-01-19 13:47:08:478 [31merror[39m: [31mUsernameExistsException: User already exists[39m
[31m    at de_UsernameExistsExceptionRes (/home/shafi/Desktop/Personal_Desktop/Projects/RekogAI/rekogai-backend/node_modules/@aws-sdk/client-cognito-identity-provider/dist-cjs/index.js:4862:21)[39m
[31m    at de_CommandError (/home/shafi/Desktop/Personal_Desktop/Projects/RekogAI/rekogai-backend/node_modules/@aws-sdk/client-cognito-identity-provider/dist-cjs/index.js:4390:19)[39m
[31m    at process.processTicksAndRejections (node:internal/process/task_queues:95:5)[39m
[31m    at async /home/shafi/Desktop/Personal_Desktop/Projects/RekogAI/rekogai-backend/node_modules/@smithy/middleware-serde/dist-cjs/index.js:35:20[39m
[31m    at async /home/shafi/Desktop/Personal_Desktop/Projects/RekogAI/rekogai-backend/node_modules/@smithy/core/dist-cjs/index.js:167:18[39m
[31m    at async /home/shafi/Desktop/Personal_Desktop/Projects/RekogAI/rekogai-backend/node_modules/@smithy/middleware-retry/dist-cjs/index.js:321:38[39m
[31m    at async /home/shafi/Desktop/Personal_Desktop/Projects/RekogAI/rekogai-backend/node_modules/@aws-sdk/client-cognito-identity-provider/node_modules/@aws-sdk/middleware-logger/dist-cjs/index.js:33:22[39m
[31m    at async CognitoModel.signUp (file:///home/shafi/Desktop/Personal_Desktop/Projects/RekogAI/rekogai-backend/src/models/CognitoModel.js:54:24)[39m
[31m    at async file:///home/shafi/Desktop/Personal_Desktop/Projects/RekogAI/rekogai-backend/src/controllers/userController/index.js:16:23[39m
2025-01-19 13:47:16:4716 [31merror[39m: [31mError during sign-up:[39m
2025-01-19 13:47:16:4716 [31merror[39m: [31mUsernameExistsException: User already exists[39m
[31m    at de_UsernameExistsExceptionRes (/home/shafi/Desktop/Personal_Desktop/Projects/RekogAI/rekogai-backend/node_modules/@aws-sdk/client-cognito-identity-provider/dist-cjs/index.js:4862:21)[39m
[31m    at de_CommandError (/home/shafi/Desktop/Personal_Desktop/Projects/RekogAI/rekogai-backend/node_modules/@aws-sdk/client-cognito-identity-provider/dist-cjs/index.js:4390:19)[39m
[31m    at process.processTicksAndRejections (node:internal/process/task_queues:95:5)[39m
[31m    at async /home/shafi/Desktop/Personal_Desktop/Projects/RekogAI/rekogai-backend/node_modules/@smithy/middleware-serde/dist-cjs/index.js:35:20[39m
[31m    at async /home/shafi/Desktop/Personal_Desktop/Projects/RekogAI/rekogai-backend/node_modules/@smithy/core/dist-cjs/index.js:167:18[39m
[31m    at async /home/shafi/Desktop/Personal_Desktop/Projects/RekogAI/rekogai-backend/node_modules/@smithy/middleware-retry/dist-cjs/index.js:321:38[39m
[31m    at async /home/shafi/Desktop/Personal_Desktop/Projects/RekogAI/rekogai-backend/node_modules/@aws-sdk/client-cognito-identity-provider/node_modules/@aws-sdk/middleware-logger/dist-cjs/index.js:33:22[39m
[31m    at async CognitoModel.signUp (file:///home/shafi/Desktop/Personal_Desktop/Projects/RekogAI/rekogai-backend/src/models/CognitoModel.js:54:24)[39m
[31m    at async file:///home/shafi/Desktop/Personal_Desktop/Projects/RekogAI/rekogai-backend/src/controllers/userController/index.js:16:23[39m
2025-01-19 13:57:28:5728 [31merror[39m: [31mError during sign-up:[39m
2025-01-19 13:57:28:5728 [31merror[39m: [31mReferenceError: result is not defined[39m
[31m    at CognitoModel.signUp (file:///home/shafi/Desktop/Personal_Desktop/Projects/RekogAI/rekogai-backend/src/models/CognitoModel.js:58:7)[39m
[31m    at process.processTicksAndRejections (node:internal/process/task_queues:95:5)[39m
[31m    at async file:///home/shafi/Desktop/Personal_Desktop/Projects/RekogAI/rekogai-backend/src/controllers/userController/index.js:16:23[39m
2025-01-19 14:12:09:129 [31merror[39m: [31mError during confirmation:[39m
2025-01-19 14:12:09:129 [31merror[39m: [31mExpiredCodeException: Invalid code provided, please request a code again.[39m
[31m    at de_ExpiredCodeExceptionRes (/home/shafi/Desktop/Personal_Desktop/Projects/RekogAI/rekogai-backend/node_modules/@aws-sdk/client-cognito-identity-provider/dist-cjs/index.js:4556:21)[39m
[31m    at de_CommandError (/home/shafi/Desktop/Personal_Desktop/Projects/RekogAI/rekogai-backend/node_modules/@aws-sdk/client-cognito-identity-provider/dist-cjs/index.js:4417:19)[39m
[31m    at process.processTicksAndRejections (node:internal/process/task_queues:95:5)[39m
[31m    at async /home/shafi/Desktop/Personal_Desktop/Projects/RekogAI/rekogai-backend/node_modules/@smithy/middleware-serde/dist-cjs/index.js:35:20[39m
[31m    at async /home/shafi/Desktop/Personal_Desktop/Projects/RekogAI/rekogai-backend/node_modules/@smithy/core/dist-cjs/index.js:167:18[39m
[31m    at async /home/shafi/Desktop/Personal_Desktop/Projects/RekogAI/rekogai-backend/node_modules/@smithy/middleware-retry/dist-cjs/index.js:321:38[39m
[31m    at async /home/shafi/Desktop/Personal_Desktop/Projects/RekogAI/rekogai-backend/node_modules/@aws-sdk/client-cognito-identity-provider/node_modules/@aws-sdk/middleware-logger/dist-cjs/index.js:33:22[39m
[31m    at async CognitoModel.confirmSignUp (file:///home/shafi/Desktop/Personal_Desktop/Projects/RekogAI/rekogai-backend/src/models/CognitoModel.js:78:37)[39m
[31m    at async file:///home/shafi/Desktop/Personal_Desktop/Projects/RekogAI/rekogai-backend/src/controllers/userController/index.js:21:23[39m
2025-01-20 09:03:37:337 [31merror[39m: [31mError during sign-up:[39m
2025-01-20 09:03:37:337 [31merror[39m: [31mUsernameExistsException: User already exists[39m
[31m    at de_UsernameExistsExceptionRes (/home/shafi/Desktop/Personal_Desktop/Projects/RekogAI/rekogai-backend/node_modules/@aws-sdk/client-cognito-identity-provider/dist-cjs/index.js:4862:21)[39m
[31m    at de_CommandError (/home/shafi/Desktop/Personal_Desktop/Projects/RekogAI/rekogai-backend/node_modules/@aws-sdk/client-cognito-identity-provider/dist-cjs/index.js:4390:19)[39m
[31m    at process.processTicksAndRejections (node:internal/process/task_queues:95:5)[39m
[31m    at async /home/shafi/Desktop/Personal_Desktop/Projects/RekogAI/rekogai-backend/node_modules/@smithy/middleware-serde/dist-cjs/index.js:35:20[39m
[31m    at async /home/shafi/Desktop/Personal_Desktop/Projects/RekogAI/rekogai-backend/node_modules/@smithy/core/dist-cjs/index.js:167:18[39m
[31m    at async /home/shafi/Desktop/Personal_Desktop/Projects/RekogAI/rekogai-backend/node_modules/@smithy/middleware-retry/dist-cjs/index.js:321:38[39m
[31m    at async /home/shafi/Desktop/Personal_Desktop/Projects/RekogAI/rekogai-backend/node_modules/@aws-sdk/client-cognito-identity-provider/node_modules/@aws-sdk/middleware-logger/dist-cjs/index.js:33:22[39m
[31m    at async CognitoModel.signUp (file:///home/shafi/Desktop/Personal_Desktop/Projects/RekogAI/rekogai-backend/src/models/CognitoModel.js:56:24)[39m
[31m    at async file:///home/shafi/Desktop/Personal_Desktop/Projects/RekogAI/rekogai-backend/src/controllers/userController/index.js:16:23[39m
2025-01-20 09:04:40:440 [31merror[39m: [31mReferenceError: QueryCommand is not defined[39m
[31m    at UserModel.getUserByUsername (file:///home/shafi/Desktop/Personal_Desktop/Projects/RekogAI/rekogai-backend/src/models/UserModel.js:107:21)[39m
[31m    at CognitoModel.signIn (file:///home/shafi/Desktop/Personal_Desktop/Projects/RekogAI/rekogai-backend/src/models/CognitoModel.js:110:42)[39m
[31m    at process.processTicksAndRejections (node:internal/process/task_queues:95:5)[39m
[31m    at async file:///home/shafi/Desktop/Personal_Desktop/Projects/RekogAI/rekogai-backend/src/controllers/userController/index.js:26:23[39m
2025-01-20 09:05:07:57 [31merror[39m: [31mError fetching user by email:[39m
2025-01-20 09:05:07:57 [31merror[39m: [31mReferenceError: AWS is not defined[39m
[31m    at UserModel.getUserByUsername (file:///home/shafi/Desktop/Personal_Desktop/Projects/RekogAI/rekogai-backend/src/models/UserModel.js:114:11)[39m
[31m    at process.processTicksAndRejections (node:internal/process/task_queues:95:5)[39m
[31m    at async file:///home/shafi/Desktop/Personal_Desktop/Projects/RekogAI/rekogai-backend/src/controllers/userController/index.js:26:23[39m
2025-01-20 09:10:27:1027 [31merror[39m: [31mError during confirmation:[39m
2025-01-20 09:10:27:1027 [31merror[39m: [31mExpiredCodeException: Invalid code provided, please request a code again.[39m
[31m    at de_ExpiredCodeExceptionRes (/home/shafi/Desktop/Personal_Desktop/Projects/RekogAI/rekogai-backend/node_modules/@aws-sdk/client-cognito-identity-provider/dist-cjs/index.js:4556:21)[39m
[31m    at de_CommandError (/home/shafi/Desktop/Personal_Desktop/Projects/RekogAI/rekogai-backend/node_modules/@aws-sdk/client-cognito-identity-provider/dist-cjs/index.js:4417:19)[39m
[31m    at process.processTicksAndRejections (node:internal/process/task_queues:95:5)[39m
[31m    at async /home/shafi/Desktop/Personal_Desktop/Projects/RekogAI/rekogai-backend/node_modules/@smithy/middleware-serde/dist-cjs/index.js:35:20[39m
[31m    at async /home/shafi/Desktop/Personal_Desktop/Projects/RekogAI/rekogai-backend/node_modules/@smithy/core/dist-cjs/index.js:167:18[39m
[31m    at async /home/shafi/Desktop/Personal_Desktop/Projects/RekogAI/rekogai-backend/node_modules/@smithy/middleware-retry/dist-cjs/index.js:321:38[39m
[31m    at async /home/shafi/Desktop/Personal_Desktop/Projects/RekogAI/rekogai-backend/node_modules/@aws-sdk/client-cognito-identity-provider/node_modules/@aws-sdk/middleware-logger/dist-cjs/index.js:33:22[39m
[31m    at async CognitoModel.confirmSignUp (file:///home/shafi/Desktop/Personal_Desktop/Projects/RekogAI/rekogai-backend/src/models/CognitoModel.js:80:37)[39m
[31m    at async file:///home/shafi/Desktop/Personal_Desktop/Projects/RekogAI/rekogai-backend/src/controllers/userController/index.js:21:23[39m
2025-01-20 09:21:55:2155 [31merror[39m: [31mError creating bucket:[39m
2025-01-20 09:21:55:2155 [31merror[39m: [31mReferenceError: PutItemCommand is not defined[39m
[31m    at DynamoDBModel.createBucket (file:///home/shafi/Desktop/Personal_Desktop/Projects/RekogAI/rekogai-backend/src/models/DynamoDBModel.js:159:51)[39m
[31m    at process.processTicksAndRejections (node:internal/process/task_queues:95:5)[39m
[31m    at async file:///home/shafi/Desktop/Personal_Desktop/Projects/RekogAI/rekogai-backend/src/controllers/userController/index.js:11:23[39m
2025-01-20 09:22:22:2222 [31merror[39m: [31mThe bucket "jayesh-personal-bucket" already exists in this AWS account.[39m
2025-01-20 09:22:22:2222 [31merror[39m: [31mError creating bucket:[39m
2025-01-20 09:22:22:2222 [31merror[39m: [31mBucketAlreadyOwnedByYou: Your previous request to create the named bucket succeeded and you already own it.[39m
[31m    at de_BucketAlreadyOwnedByYouRes (/home/shafi/Desktop/Personal_Desktop/Projects/RekogAI/rekogai-backend/node_modules/@aws-sdk/client-s3/dist-cjs/index.js:4955:21)[39m
[31m    at de_CommandError (/home/shafi/Desktop/Personal_Desktop/Projects/RekogAI/rekogai-backend/node_modules/@aws-sdk/client-s3/dist-cjs/index.js:4905:19)[39m
[31m    at process.processTicksAndRejections (node:internal/process/task_queues:95:5)[39m
[31m    at async /home/shafi/Desktop/Personal_Desktop/Projects/RekogAI/rekogai-backend/node_modules/@smithy/middleware-serde/dist-cjs/index.js:35:20[39m
[31m    at async /home/shafi/Desktop/Personal_Desktop/Projects/RekogAI/rekogai-backend/node_modules/@aws-sdk/middleware-sdk-s3/dist-cjs/index.js:483:18[39m
[31m    at async /home/shafi/Desktop/Personal_Desktop/Projects/RekogAI/rekogai-backend/node_modules/@smithy/middleware-retry/dist-cjs/index.js:321:38[39m
[31m    at async /home/shafi/Desktop/Personal_Desktop/Projects/RekogAI/rekogai-backend/node_modules/@aws-sdk/middleware-sdk-s3/dist-cjs/index.js:109:22[39m
[31m    at async /home/shafi/Desktop/Personal_Desktop/Projects/RekogAI/rekogai-backend/node_modules/@aws-sdk/middleware-sdk-s3/dist-cjs/index.js:136:14[39m
[31m    at async /home/shafi/Desktop/Personal_Desktop/Projects/RekogAI/rekogai-backend/node_modules/@aws-sdk/middleware-logger/dist-cjs/index.js:33:22[39m
[31m    at async S3Model.createBucket (file:///home/shafi/Desktop/Personal_Desktop/Projects/RekogAI/rekogai-backend/src/models/S3Model.js:38:28)[39m
